#
# A fatal error has been detected by the Java Runtime Environment:
#
#  Internal Error (jvmciRuntime.cpp:1609), pid=25, tid=45
#  fatal error: Fatal exception in JVMCI: Error calling jdk.vm.ci.services.Services.serializeSavedProperties
#
# JRE version: OpenJDK Runtime Environment GraalVM CE 22.3.0 (17.0.5+8) (build 17.0.5+8-jvmci-22.3-b08)
# Java VM: OpenJDK 64-Bit Server VM GraalVM CE 22.3.0 (17.0.5+8-jvmci-22.3-b08, mixed mode, sharing, tiered, jvmci, jvmci compiler, compressed oops, compressed class ptrs, parallel gc, linux-amd64)
# Problematic frame:
# V  [libjvm.so+0x972714]  JVMCIRuntime::fatal_exception(JVMCIEnv*, char const*)+0x74
#
# Core dump will be written. Default location: Core dumps may be processed with "/usr/share/apport/apport -p%p -s%s -c%c -d%d -P%P -u%u -g%g -- %E" (or dumping to /home/runner/CPT/core.25)
#
# If you would like to submit a bug report, please visit:
#   https://github.com/oracle/graal/issues
#

---------------  S U M M A R Y ------------

Command Line: -XX:ThreadPriorityPolicy=1 -XX:+UnlockExperimentalVMOptions -XX:+EnableJVMCIProduct -XX:JVMCIThreadsPerNativeLibraryRuntime=1 -XX:-UnlockExperimentalVMOptions -Declipse.application=org.eclipse.jdt.ls.core.id1 -Dosgi.bundles.defaultStartLevel=4 -Declipse.product=org.eclipse.jdt.ls.core.product -Dlog.level=ALL -Xverify:none -XX:+UseParallelGC -XX:GCTimeRatio=4 -XX:AdaptiveSizePolicyWeight=90 -Dsun.zip.disableMemoryMapping=true -Xmx512m -Xms100m /nix/store/m6gcpi1ii6rghy04cjwjddcavv7i90df-jdt-language-server-1.9.0/share/java/plugins/org.eclipse.equinox.launcher_1.6.400.v20210924-0641.jar --add-modules=ALL-SYSTEM --add-opens java.base/java.util=ALL-UNNAMED --add-opens java.base/java.lang=ALL-UNNAMED -configuration /home/runner/.cache/jdt-language-server/config -data /home/runner/.cache/jdt-language-server/data/home/runner/CPT

Host: AMD EPYC 7B12, 8 cores, 1G, Ubuntu 20.04.2 LTS
Time: Mon Jun  5 20:07:29 2023 UTC elapsed time: 1501.920723 seconds (0d 0h 25m 1s)

---------------  T H R E A D  ---------------

Current thread (0x00007f8acc0b21b0):  JavaThread "JVMCI-native CompilerThread0" daemon [_thread_in_vm, id=45, stack(0x00007f8ad061a000,0x00007f8ad081a000)]


Current CompileTask:
JVMCI-native:1501920 9686       4       org.eclipse.core.runtime.Path::toOSString (227 bytes)

Stack: [0x00007f8ad061a000,0x00007f8ad081a000],  sp=0x00007f8ad0818380,  free space=2040k
Native frames: (J=compiled Java code, j=interpreted, Vv=VM code, C=native code)
V  [libjvm.so+0x972714]  JVMCIRuntime::fatal_exception(JVMCIEnv*, char const*)+0x74
V  [libjvm.so+0x93e2fe]  JVMCIEnv::copy_saved_properties()+0x14e
V  [libjvm.so+0x9732a9]  JVMCIRuntime::initialize(JVMCIEnv*)+0xb19
V  [libjvm.so+0x9738a2]  JVMCIRuntime::get_HotSpotJVMCIRuntime(JVMCIEnv*)+0x12
V  [libjvm.so+0x9749f2]  JVMCIRuntime::compile_method(JVMCIEnv*, JVMCICompiler*, methodHandle const&, int)+0xd2
V  [libjvm.so+0x5b0d20]  CompileBroker::invoke_compiler_on_method(CompileTask*)+0x1470
V  [libjvm.so+0x5b12e8]  CompileBroker::compiler_thread_loop()+0x528
V  [libjvm.so+0xd82460]  JavaThread::thread_main_inner()+0xd0
V  [libjvm.so+0xd85a40]  Thread::call_run()+0xc0
V  [libjvm.so+0xbdb1e1]  thread_native_entry(Thread*)+0xe1

Register to memory mapping:

RAX=0x00007f8ad36cf000 points into unknown readable memory: 0x0000000000000058 | 58 00 00 00 00 00 00 00
RBX=0x00007f8ad47ca398: <offset 0x0000000000ef5398> in /nix/store/gpxl5qgg8kicmcvivwmybwjlpf7wh20l-graalvm17-ce-22.3.0/lib/server/libjvm.so at 0x00007f8ad38d5000
RCX=0x00007f8ad47821e8: <offset 0x0000000000ead1e8> in /nix/store/gpxl5qgg8kicmcvivwmybwjlpf7wh20l-graalvm17-ce-22.3.0/lib/server/libjvm.so at 0x00007f8ad38d5000
RDX=0x0000000000000649 is an unknown value
RSP=0x00007f8ad0818380 is pointing into the stack for thread: 0x00007f8acc0b21b0
RBP=0x00007f8ad08183a0 is pointing into the stack for thread: 0x00007f8acc0b21b0
RSI=0x00007f8ad47cac48: <offset 0x0000000000ef5c48> in /nix/store/gpxl5qgg8kicmcvivwmybwjlpf7wh20l-graalvm17-ce-22.3.0/lib/server/libjvm.so at 0x00007f8ad38d5000
RDI=0x00000000e0000000 is an oop: java.lang.String 
{0x00000000e0000000} - klass: 'java/lang/String'
 - string: "resolution"
R8 =0x00007f8ad47ca398: <offset 0x0000000000ef5398> in /nix/store/gpxl5qgg8kicmcvivwmybwjlpf7wh20l-graalvm17-ce-22.3.0/lib/server/libjvm.so at 0x00007f8ad38d5000
R9 =0x00007f8ad0818330 is pointing into the stack for thread: 0x00007f8acc0b21b0
R10=0x00007f8ad0819948 is pointing into the stack for thread: 0x00007f8acc0b21b0
R11=0x0000000000000293 is an unknown value
R12=0x0 is NULL
R13=0x00007f8acc0b21b0 is a thread
R14=0x00007f8acc000b80 points into unknown readable memory: 0x00007f8ad49fba38 | 38 ba 9f d4 8a 7f 00 00
R15=0x00007f8ad4b09e40: <offset 0x0000000001234e40> in /nix/store/gpxl5qgg8kicmcvivwmybwjlpf7wh20l-graalvm17-ce-22.3.0/lib/server/libjvm.so at 0x00007f8ad38d5000


Registers:
RAX=0x00007f8ad36cf000, RBX=0x00007f8ad47ca398, RCX=0x00007f8ad47821e8, RDX=0x0000000000000649
RSP=0x00007f8ad0818380, RBP=0x00007f8ad08183a0, RSI=0x00007f8ad47cac48, RDI=0x00000000e0000000
R8 =0x00007f8ad47ca398, R9 =0x00007f8ad0818330, R10=0x00007f8ad0819948, R11=0x0000000000000293
R12=0x0000000000000000, R13=0x00007f8acc0b21b0, R14=0x00007f8acc000b80, R15=0x00007f8ad4b09e40
RIP=0x00007f8ad4247714, EFLAGS=0x0000000000010206, CSGSFS=0x002b000000000033, ERR=0x0000000000000006
  TRAPNO=0x000000000000000e

Top of Stack: (sp=0x00007f8ad0818380)
0x00007f8ad0818380:   00007f8ad0818940 00007f8acc0b21b0
0x00007f8ad0818390:   00007f8ad20608c8 0000000800c417a0
0x00007f8ad08183a0:   00007f8ad0818500 00007f8ad42132fe
0x00007f8ad08183b0:   00007f8ad08183e0 00007f8ad0818440 

Instructions: (pc=0x00007f8ad4247714)
0x00007f8ad4247614:   30 e8 f6 cf e8 ff 4c 89 e7 e8 2e 48 d1 ff 84 db
0x00007f8ad4247624:   75 2a 4d 85 ed 74 04 4d 8b 6d 00 48 83 c4 08 44
0x00007f8ad4247634:   89 f9 4c 89 f2 4c 89 ee 5b 4c 89 e7 41 5c 41 5d
0x00007f8ad4247644:   41 5e 41 5f 5d e9 e2 47 d1 ff 66 90 48 83 c4 08
0x00007f8ad4247654:   5b 41 5c 41 5d 41 5e 41 5f 5d c3 90 31 d2 be 08
0x00007f8ad4247664:   00 00 00 4c 89 ff e8 b1 78 a3 ff 49 89 c5 e9 37
0x00007f8ad4247674:   ff ff ff 66 0f 1f 84 00 00 00 00 00 48 8b 7a 08
0x00007f8ad4247684:   e9 6d ff ff ff 0f 1f 80 00 00 00 00 e8 5b 48 0a
0x00007f8ad4247694:   00 84 c0 75 89 e9 6a ff ff ff 66 90 55 48 89 e5
0x00007f8ad42476a4:   41 56 41 55 41 54 49 89 fc 53 48 89 f3 66 48 8d
0x00007f8ad42476b4:   3d 27 5e 85 00 66 66 48 e8 df 43 8d ff 4c 8b 28
0x00007f8ad42476c4:   8b 05 be 72 8a 00 85 c0 75 14 ba 01 00 00 00 48
0x00007f8ad42476d4:   8d 0d ae 72 8a 00 f0 0f b1 11 85 c0 74 4e be c8
0x00007f8ad42476e4:   00 00 00 4c 89 ef e8 01 0b 41 00 48 8d 05 12 ac
0x00007f8ad42476f4:   85 00 49 89 d8 48 8d 0d e8 aa 53 00 ba 49 06 00
0x00007f8ad4247704:   00 48 8d 35 3c 35 58 00 bf 00 00 00 e0 48 8b 00
0x00007f8ad4247714:   c6 00 58 31 c0 e8 e2 91 c6 ff 5b 41 5c 41 5d 41
0x00007f8ad4247724:   5e 5d e9 55 34 26 00 0f 1f 44 00 00 48 8d 05 81
0x00007f8ad4247734:   a3 8b 00 48 89 df 4c 8b 30 e8 9e 43 8d ff 48 89
0x00007f8ad4247744:   de 48 89 c2 49 8b 06 4c 89 f7 ff 50 08 4c 89 f7
0x00007f8ad4247754:   e8 a7 5c 27 00 4d 85 e4 74 12 be 01 00 00 00 4c
0x00007f8ad4247764:   89 e7 e8 35 43 fc ff eb 82 0f 1f 00 be 01 00 00
0x00007f8ad4247774:   00 4c 89 ef e8 d3 fd ff ff e9 6d ff ff ff 66 66
0x00007f8ad4247784:   2e 0f 1f 84 00 00 00 00 00 0f 1f 00 55 48 89 e5
0x00007f8ad4247794:   41 57 41 56 41 55 41 54 53 48 81 ec 08 02 00 00
0x00007f8ad42477a4:   64 48 8b 04 25 28 00 00 00 48 89 45 c8 8b 07 83
0x00007f8ad42477b4:   f8 02 0f 84 11 04 00 00 4c 8b 6f 18 49 89 ff 49
0x00007f8ad42477c4:   89 f4 4d 85 ed 74 14 4c 89 ef e8 5d 57 22 00 41
0x00007f8ad42477d4:   8b 07 83 f8 02 0f 84 19 04 00 00 48 8d 1d 9a 06
0x00007f8ad42477e4:   8a 00 4c 8d 35 0b 3c 58 00 eb 38 90 48 85 d2 7f
0x00007f8ad42477f4:   0d 48 8d 05 b4 c0 85 00 48 83 38 00 7e 0e 41 8b
0x00007f8ad4247804:   77 2c 4c 89 f7 31 c0 e8 a0 b2 f7 ff 49 8b 7f 18 


Stack slot to memory mapping:
stack at sp + 0 slots: 0x00007f8ad0818940 is pointing into the stack for thread: 0x00007f8acc0b21b0
stack at sp + 1 slots: 0x00007f8acc0b21b0 is a thread
stack at sp + 2 slots: 0x00007f8ad20608c8 points into unknown readable memory: 0x6573001880c9ffff | ff ff c9 80 18 00 73 65
stack at sp + 3 slots: 0x0000000800c417a0 is a pointer to class: 
jdk.vm.ci.services.Services {0x0000000800c417a0}
 - instance size:     2
 - klass size:        65
 - access:            public final synchronized 
 - state:             fully_initialized
 - name:              'jdk/vm/ci/services/Services'
 - super:             'java/lang/Object'
 - sub:               
 - arrays:            NULL
 - methods:           Array<T>(0x00007f8ad1043ad0)
 - method ordering:   Array<T>(0x0000000800928960)
 - default_methods:   Array<T>(0x0000000000000000)
 - local interfaces:  Array<T>(0x00000008005ce810)
 - trans. interfaces: Array<T>(0x00000008005ce810)
 - constants:         constant pool [427] {0x00007f8ad1042bb0} for 'jdk/vm/ci/services/Services' cache=0x00007f8ad1044da0
 - class loader data:  loader data: 0x00007f8acc0283d0 of 'bootstrap'
 - source file:       'Services.java'
 - class annotations:       Array<T>(0x0000000000000000)
 - class type annotations:  Array<T>(0x0000000000000000)
 - field annotations:       Array<T>(0x0000000000000000)
 - field type annotations:  Array<T>(0x0000000000000000)
 - inner classes:     Array<T>(0x00007f8ad1044d70)
 - nest members:     Array<T>(0x00007f8ad1044d90)
 - permitted subclasses:     Array<T>(0x00000008005ce7a0)
 - java mirror:       a 'java/lang/Class'{0x00000000e0149380} = 'jdk/vm/ci/services/Services'
 - vtable length      5  (start addr: 0x0000000800c41970)
 - itable length      2 (start addr: 0x0000000800c41998)
 - ---- static fields (3 words):
 - public static final 'IS_BUILDING_NATIVE_IMAGE' 'Z' @128 
 - public static final 'IS_IN_NATIVE_IMAGE' 'Z' @129 
 - private static volatile 'savedProperties' 'Ljava/util/Map;' @112 
 - static final 'JVMCI_ENABLED' 'Z' @130 
 - private static final 'servicesCache' 'Ljava/util/Map;' @116 
 - private static final 'MAX_UNICODE_IN_UTF8_LENGTH' 'I' @120 
 - private static final 'MAX_UTF8_PROPERTY_STRING_LENGTH' 'I' @124 
 - ---- non-static fields (0 words):
 - non-static oop maps: 
stack at sp + 4 slots: 0x00007f8ad0818500 is pointing into the stack for thread: 0x00007f8acc0b21b0
stack at sp + 5 slots: 0x00007f8ad42132fe: <offset 0x000000000093e2fe> in /nix/store/gpxl5qgg8kicmcvivwmybwjlpf7wh20l-graalvm17-ce-22.3.0/lib/server/libjvm.so at 0x00007f8ad38d5000
stack at sp + 6 slots: 0x00007f8ad08183e0 is pointing into the stack for thread: 0x00007f8acc0b21b0
stack at sp + 7 slots: 0x00007f8ad0818440 is pointing into the stack for thread: 0x00007f8acc0b21b0


---------------  P R O C E S S  ---------------

Threads class SMR info:
_java_thread_list=0x00007f8a18000b70, length=25, elements={
0x00007f8acc026670, 0x00007f8acc0a64b0, 0x00007f8acc0a78f0, 0x00007f8acc0ae020,
0x00007f8acc0af3d0, 0x00007f8acc0b07c0, 0x00007f8acc0b21b0, 0x00007f8acc0b36c0,
0x00007f8acc0b4720, 0x00007f8acc0d7b80, 0x00007f8acc11f330, 0x00007f8acc302580,
0x00007f8acc336430, 0x00007f8acc338470, 0x00007f8acc5fd5c0, 0x00007f8a64017050,
0x00007f8a642b9b10, 0x00007f8a540010d0, 0x00007f8a64497870, 0x00007f8a64608630,
0x00007f8acc4715c0, 0x00007f8acc60a300, 0x00007f8a30000ff0, 0x00007f8a4c0d6a80,
0x00007f8a280db650
}

Java Threads: ( => current thread )
  0x00007f8acc026670 JavaThread "main" [_thread_blocked, id=37, stack(0x00007f8ad36f0000,0x00007f8ad37f0000)]
  0x00007f8acc0a64b0 JavaThread "Reference Handler" daemon [_thread_blocked, id=40, stack(0x00007f8ad0f00000,0x00007f8ad1000000)]
  0x00007f8acc0a78f0 JavaThread "Finalizer" daemon [_thread_blocked, id=41, stack(0x00007f8ad0e00000,0x00007f8ad0f00000)]
  0x00007f8acc0ae020 JavaThread "Signal Dispatcher" daemon [_thread_blocked, id=42, stack(0x00007f8ad0a1a000,0x00007f8ad0b1a000)]
  0x00007f8acc0af3d0 JavaThread "Service Thread" daemon [_thread_blocked, id=43, stack(0x00007f8ad091a000,0x00007f8ad0a1a000)]
  0x00007f8acc0b07c0 JavaThread "Monitor Deflation Thread" daemon [_thread_blocked, id=44, stack(0x00007f8ad081a000,0x00007f8ad091a000)]
=>0x00007f8acc0b21b0 JavaThread "JVMCI-native CompilerThread0" daemon [_thread_in_vm, id=45, stack(0x00007f8ad061a000,0x00007f8ad081a000)]
  0x00007f8acc0b36c0 JavaThread "C1 CompilerThread0" daemon [_thread_blocked, id=46, stack(0x00007f8ad041a000,0x00007f8ad061a000)]
  0x00007f8acc0b4720 JavaThread "Sweeper thread" daemon [_thread_blocked, id=47, stack(0x00007f8ad031a000,0x00007f8ad041a000)]
  0x00007f8acc0d7b80 JavaThread "Common-Cleaner" daemon [_thread_blocked, id=48, stack(0x00007f8ad021a000,0x00007f8ad031a000)]
  0x00007f8acc11f330 JavaThread "Notification Thread" daemon [_thread_blocked, id=49, stack(0x00007f8ad011a000,0x00007f8ad021a000)]
  0x00007f8acc302580 JavaThread "Active Thread: Equinox Container: 8cee65a3-40f0-4c3a-900e-5a1f013a6f95" [_thread_blocked, id=62, stack(0x00007f8ab0f00000,0x00007f8ab1000000)]
  0x00007f8acc336430 JavaThread "Framework Event Dispatcher: Equinox Container: 8cee65a3-40f0-4c3a-900e-5a1f013a6f95" daemon [_thread_blocked, id=63, stack(0x00007f8ab0d00000,0x00007f8ab0e00000)]
  0x00007f8acc338470 JavaThread "Start Level: Equinox Container: 8cee65a3-40f0-4c3a-900e-5a1f013a6f95" daemon [_thread_blocked, id=64, stack(0x00007f8ab0b00000,0x00007f8ab0c00000)]
  0x00007f8acc5fd5c0 JavaThread "Refresh Thread: Equinox Container: 8cee65a3-40f0-4c3a-900e-5a1f013a6f95" daemon [_thread_blocked, id=65, stack(0x00007f8ab0900000,0x00007f8ab0a00000)]
  0x00007f8a64017050 JavaThread "SCR Component Actor" daemon [_thread_blocked, id=74, stack(0x00007f8ab0700000,0x00007f8ab0800000)]
  0x00007f8a642b9b10 JavaThread "Worker-JM" [_thread_blocked, id=76, stack(0x00007f8ab0300000,0x00007f8ab0400000)]
  0x00007f8a540010d0 JavaThread "Worker-1: Periodic workspace save." [_thread_blocked, id=78, stack(0x00007f8a7ad00000,0x00007f8a7ae00000)]
  0x00007f8a64497870 JavaThread "Java indexing" daemon [_thread_blocked, id=82, stack(0x00007f8a7a900000,0x00007f8a7aa00000)]
  0x00007f8a64608630 JavaThread "Bundle File Closer" daemon [_thread_blocked, id=89, stack(0x00007f8a7a700000,0x00007f8a7a800000)]
  0x00007f8acc4715c0 JavaThread "pool-3-thread-1" [_thread_blocked, id=90, stack(0x00007f8a7a500000,0x00007f8a7a600000)]
  0x00007f8acc60a300 JavaThread "pool-2-thread-1" [_thread_blocked, id=91, stack(0x00007f8a7a300000,0x00007f8a7a400000)]
  0x00007f8a30000ff0 JavaThread "Worker-4: Java indexing... " [_thread_blocked, id=100, stack(0x00007f8a79f00000,0x00007f8a7a000000)]
  0x00007f8a4c0d6a80 JavaThread "Worker-5" [_thread_blocked, id=112, stack(0x00007f8a79e00000,0x00007f8a79f00000)]
  0x00007f8a280db650 JavaThread "Worker-6: Compacting resource model" [_thread_blocked, id=1044, stack(0x00007f8a7a100000,0x00007f8a7a200000)]

Other Threads:
  0x00007f8acc0a1bf0 VMThread "VM Thread" [stack: 0x00007f8ad1809000,0x00007f8ad1909000] [id=39] _threads_hazard_ptr=0x00007f8a18000b70
  0x00007f8acc120cd0 WatcherThread [stack: 0x00007f8ad001a000,0x00007f8ad011a000] [id=50]
  0x00007f8acc03df10 GCTaskThread "GC Thread#0" [stack: 0x00007f8ad32b3000,0x00007f8ad33b3000] [id=38]

Threads with active compile tasks:
JVMCI-native CompilerThread0  1502009 9686       4       org.eclipse.core.runtime.Path::toOSString (227 bytes)

VM state: synchronizing (normal execution)

VM Mutex/Monitor currently owned by a thread:  ([mutex/lock_event])
[0x00007f8acc023820] Threads_lock - owner thread: 0x00007f8acc0a1bf0
[0x00007f8acc023fd0] Heap_lock - owner thread: 0x00007f8a540010d0

OutOfMemory and StackOverflow Exception counts:
OutOfMemoryError java_heap_errors=5
LinkageErrors=67

Heap address: 0x00000000e0000000, size: 512 MB, Compressed Oops mode: 32-bit

CDS archive(s) mapped at: [0x0000000800000000-0x0000000800bc8000-0x0000000800bc8000), size 12353536, SharedBaseAddress: 0x0000000800000000, ArchiveRelocationMode: 0.
Compressed class space mapped at: 0x0000000800c00000-0x0000000840c00000, reserved size: 1073741824
Narrow klass base: 0x0000000800000000, Narrow klass shift: 0, Narrow klass range: 0x100000000

GC Precious Log:
 CPUs: 8 total, 1 available
 Memory: 1024M
 Large Page Support: Disabled
 NUMA Support: Disabled
 Compressed Oops: Enabled (32-bit)
 Alignments: Space 512K, Generation 512K, Heap 2M
 Heap Min Capacity: 100M
 Heap Initial Capacity: 100M
 Heap Max Capacity: 512M
 Pre-touch: Disabled
 Parallel Workers: 1

Heap:
 PSYoungGen      total 66560K, used 43007K [0x00000000f5580000, 0x00000000faf00000, 0x0000000100000000)
  eden space 43008K, 99% used [0x00000000f5580000,0x00000000f7f7fff0,0x00000000f7f80000)
  from space 23552K, 0% used [0x00000000f7f80000,0x00000000f7f80000,0x00000000f9680000)
  to   space 21504K, 0% used [0x00000000f9880000,0x00000000f9880000,0x00000000fad80000)
 ParOldGen       total 349696K, used 349695K [0x00000000e0000000, 0x00000000f5580000, 0x00000000f5580000)
  object space 349696K, 99% used [0x00000000e0000000,0x00000000f557ff00,0x00000000f5580000)
 Metaspace       used 61220K, committed 62400K, reserved 1105920K
  class space    used 6026K, committed 6528K, reserved 1048576K

Card table byte_map: [0x00007f8ad33b3000,0x00007f8ad34b4000] _byte_map_base: 0x00007f8ad2cb3000

Marking Bits: (ParMarkBitMap*) 0x00007f8ad4b034c0
 Begin Bits: [0x00007f8ad2206000, 0x00007f8ad2a06000)
 End Bits:   [0x00007f8ad2a06000, 0x00007f8ad3206000)

Polling page: 0x00007f8ad36cd000

Metaspace:

Usage:
  Non-class:     53.90 MB used.
      Class:      5.89 MB used.
       Both:     59.79 MB used.

Virtual space:
  Non-class space:       56.00 MB reserved,      54.56 MB ( 97%) committed,  7 nodes.
      Class space:        1.00 GB reserved,       6.38 MB ( <1%) committed,  1 nodes.
             Both:        1.05 GB reserved,      60.94 MB (  6%) committed. 

Chunk freelists:
   Non-Class:  956.00 KB
       Class:  1.67 MB
        Both:  2.61 MB

MaxMetaspaceSize: unlimited
CompressedClassSpaceSize: 1.00 GB
Initial GC threshold: 21.00 MB
Current GC threshold: 101.50 MB
CDS: on
MetaspaceReclaimPolicy: balanced
 - commit_granule_bytes: 65536.
 - commit_granule_words: 8192.
 - virtual_space_node_default_size: 1048576.
 - enlarge_chunks_in_place: 1.
 - new_chunks_are_fully_committed: 0.
 - uncommit_free_chunks: 1.
 - use_allocation_guard: 0.
 - handle_deallocations: 1.


Internal statistics:

num_allocs_failed_limit: 6.
num_arena_births: 548.
num_arena_deaths: 158.
num_vsnodes_births: 8.
num_vsnodes_deaths: 0.
num_space_committed: 974.
num_space_uncommitted: 0.
num_chunks_returned_to_freelist: 224.
num_chunks_taken_from_freelist: 3012.
num_chunk_merges: 88.
num_chunk_splits: 1911.
num_chunks_enlarged: 1182.
num_purges: 8.
num_inconsistent_stats: 0.

CodeHeap 'non-profiled nmethods': size=120036Kb used=2696Kb max_used=2696Kb free=117339Kb
 bounds [0x00007f8abaf7a000, 0x00007f8abb22a000, 0x00007f8ac24b3000]
CodeHeap 'profiled nmethods': size=120032Kb used=16270Kb max_used=16270Kb free=103761Kb
 bounds [0x00007f8ab3a42000, 0x00007f8ab4a32000, 0x00007f8abaf7a000]
CodeHeap 'non-nmethods': size=5692Kb used=1404Kb max_used=1415Kb free=4287Kb
 bounds [0x00007f8ab34b3000, 0x00007f8ab3723000, 0x00007f8ab3a42000]
 total_blobs=8301 nmethods=7559 adapters=634
 compilation: enabled
              stopped_count=0, restarted_count=0
 full_count=0

JVMCI Events (20 events):
Event: 1110.423 Thread 0x00007f8acc0b21b0 attached to JVMCI runtime 0
Event: 1110.424 Thread 0x00007f8acc0b21b0 created JavaVM[10]@0x00007f8a7949e340 for JVMCI runtime 0
Event: 1110.424 Thread 0x00007f8acc0b21b0 initializing JVMCI runtime 0
Event: 1110.424 Thread 0x00007f8acc0b21b0 done waiting for JavaVM references initialization in JVMCI runtime 0
Event: 1144.953 Thread 0x00007f8acc0b21b0 initialized JVMCI runtime 0
Event: 1153.050 Thread 0x00007f8acc0b21b0 compacted oop handles in JVMCI runtime 0 from 109 to 100
Event: 1160.862 Thread 0x00007f8acc0b21b0 compacted oop handles in JVMCI runtime 0 from 103 to 101
Event: 1221.037 Thread 0x00007f8acc0b21b0 compacted oop handles in JVMCI runtime 0 from 236 to 211
Event: 1222.158 Thread 0x00007f8acc0b21b0 detaching from JVMCI runtime 0: releasing idle compiler thread (0 other threads still attached)
Event: 1222.158 Thread 0x00007f8acc0b21b0 shutting down HotSpotJVMCIRuntime for JVMCI runtime 0
Event: 1222.158 Thread 0x00007f8acc0b21b0 compacted oop handles in JVMCI runtime 0 from 211 to 182
Event: 1222.158 Thread 0x00007f8acc0b21b0 shut down JVMCI runtime 0
Event: 1222.162 Thread 0x00007f8acc0b21b0 destroyed JavaVM[10]@0x00007f8a7949e340 for JVMCI runtime 0
Event: 1222.162 Thread 0x00007f8acc0b21b0 compacted oop handles in JVMCI runtime 0 from 182 to 182
Event: 1222.162 Thread 0x00007f8acc0b21b0 releasing handles for JVMCI runtime 0: oop handles=182, metadata handles={total=473, live=448, blocks=43}
Event: 1222.162 Thread 0x00007f8acc0b21b0 detached from JVMCI runtime 0
Event: 1420.509 Thread 0x00007f8acc0b21b0 attached to JVMCI runtime 0
Event: 1420.513 Thread 0x00007f8acc0b21b0 created JavaVM[11]@0x00007f8a7949e340 for JVMCI runtime 0
Event: 1420.513 Thread 0x00007f8acc0b21b0 initializing JVMCI runtime 0
Event: 1420.513 Thread 0x00007f8acc0b21b0 done waiting for JavaVM references initialization in JVMCI runtime 0

Compilation events (20 events):
Event: 1153.050 Thread 0x00007f8acc0b21b0 nmethod 9676 0x00007f8abb215910 code [0x00007f8abb215aa0, 0x00007f8abb215b10]
Event: 1153.050 Thread 0x00007f8acc0b21b0 9679       4       java.lang.Integer::toString (55 bytes)
Event: 1160.863 Thread 0x00007f8acc0b21b0 nmethod 9679 0x00007f8abb215e10 code [0x00007f8abb215fa0, 0x00007f8abb216458]
Event: 1160.863 Thread 0x00007f8acc0b21b0 9677   !   4       org.eclipse.osgi.internal.loader.BundleLoader::findClass0 (461 bytes)
Event: 1200.149 Thread 0x00007f8acc0b36c0 9680       3       java.lang.invoke.DirectMethodHandle$Holder::newInvokeSpecial (28 bytes)
Event: 1200.150 Thread 0x00007f8acc0b36c0 nmethod 9680 0x00007f8ab4a23110 code [0x00007f8ab4a23300, 0x00007f8ab4a23a20]
Event: 1221.037 Thread 0x00007f8acc0b21b0 nmethod 9677 0x00007f8abb216690 code [0x00007f8abb216ac0, 0x00007f8abb219570]
Event: 1230.050 Thread 0x00007f8acc0b36c0 9681       3       java.util.concurrent.ScheduledThreadPoolExecutor$DelayedWorkQueue::setIndex (16 bytes)
Event: 1231.227 Thread 0x00007f8acc0b36c0 nmethod 9681 0x00007f8ab4a23c10 code [0x00007f8ab4a23dc0, 0x00007f8ab4a24390]
Event: 1231.227 Thread 0x00007f8acc0b36c0 9682       1       java.util.concurrent.ThreadPoolExecutor::getQueue (5 bytes)
Event: 1231.227 Thread 0x00007f8acc0b36c0 nmethod 9682 0x00007f8abb21bb90 code [0x00007f8abb21bd20, 0x00007f8abb21bdf0]
Event: 1240.231 Thread 0x00007f8acc0b36c0 9683       3       java.util.concurrent.locks.AbstractQueuedSynchronizer$ConditionObject::canReacquire (28 bytes)
Event: 1243.205 Thread 0x00007f8acc0b36c0 nmethod 9683 0x00007f8ab4a24490 code [0x00007f8ab4a24640, 0x00007f8ab4a24990]
Event: 1286.447 Thread 0x00007f8acc0b36c0 9684       3       java.lang.invoke.Invokers$Holder::linkToTargetMethod (11 bytes)
Event: 1287.957 Thread 0x00007f8acc0b36c0 nmethod 9684 0x00007f8ab4a24b10 code [0x00007f8ab4a24cc0, 0x00007f8ab4a25050]
Event: 1394.215 Thread 0x00007f8acc0b36c0 9685       3       jdk.internal.reflect.ClassFileAssembler::opc_aload_1 (24 bytes)
Event: 1400.216 Thread 0x00007f8acc0b36c0 nmethod 9685 0x00007f8ab4a25110 code [0x00007f8ab4a252e0, 0x00007f8ab4a25640]
Event: 1420.509 Thread 0x00007f8acc0b21b0 9686       4       org.eclipse.core.runtime.Path::toOSString (227 bytes)
Event: 1490.710 Thread 0x00007f8acc0b36c0 9688       3       java.util.concurrent.ScheduledThreadPoolExecutor$ScheduledFutureTask::getDelay (16 bytes)
Event: 1490.711 Thread 0x00007f8acc0b36c0 nmethod 9688 0x00007f8ab4a25810 code [0x00007f8ab4a259c0, 0x00007f8ab4a25b40]

GC Heap History (20 events):
Event: 1487.819 GC heap before
{Heap before GC invocations=1134 (full 1001):
 PSYoungGen      total 66560K, used 43008K [0x00000000f5580000, 0x00000000faf00000, 0x0000000100000000)
  eden space 43008K, 100% used [0x00000000f5580000,0x00000000f7f80000,0x00000000f7f80000)
  from space 23552K, 0% used [0x00000000f7f80000,0x00000000f7f80000,0x00000000f9680000)
  to   space 21504K, 0% used [0x00000000f9880000,0x00000000f9880000,0x00000000fad80000)
 ParOldGen       total 349696K, used 349696K [0x00000000e0000000, 0x00000000f5580000, 0x00000000f5580000)
  object space 349696K, 100% used [0x00000000e0000000,0x00000000f5580000,0x00000000f5580000)
 Metaspace       used 61220K, committed 62400K, reserved 1105920K
  class space    used 6026K, committed 6528K, reserved 1048576K
}
Event: 1489.311 GC heap after
{Heap after GC invocations=1134 (full 1001):
 PSYoungGen      total 64512K, used 43008K [0x00000000f5580000, 0x00000000faf00000, 0x0000000100000000)
  eden space 43008K, 100% used [0x00000000f5580000,0x00000000f7f80000,0x00000000f7f80000)
  from space 21504K, 0% used [0x00000000f9880000,0x00000000f9880000,0x00000000fad80000)
  to   space 23552K, 0% used [0x00000000f7f80000,0x00000000f7f80000,0x00000000f9680000)
 ParOldGen       total 349696K, used 349696K [0x00000000e0000000, 0x00000000f5580000, 0x00000000f5580000)
  object space 349696K, 100% used [0x00000000e0000000,0x00000000f5580000,0x00000000f5580000)
 Metaspace       used 61220K, committed 62400K, reserved 1105920K
  class space    used 6026K, committed 6528K, reserved 1048576K
}
Event: 1489.311 GC heap before
{Heap before GC invocations=1135 (full 1002):
 PSYoungGen      total 64512K, used 43008K [0x00000000f5580000, 0x00000000faf00000, 0x0000000100000000)
  eden space 43008K, 100% used [0x00000000f5580000,0x00000000f7f80000,0x00000000f7f80000)
  from space 21504K, 0% used [0x00000000f9880000,0x00000000f9880000,0x00000000fad80000)
  to   space 23552K, 0% used [0x00000000f7f80000,0x00000000f7f80000,0x00000000f9680000)
 ParOldGen       total 349696K, used 349696K [0x00000000e0000000, 0x00000000f5580000, 0x00000000f5580000)
  object space 349696K, 100% used [0x00000000e0000000,0x00000000f5580000,0x00000000f5580000)
 Metaspace       used 61220K, committed 62400K, reserved 1105920K
  class space    used 6026K, committed 6528K, reserved 1048576K
}
Event: 1490.710 GC heap after
{Heap after GC invocations=1135 (full 1002):
 PSYoungGen      total 66560K, used 43007K [0x00000000f5580000, 0x00000000faf00000, 0x0000000100000000)
  eden space 43008K, 99% used [0x00000000f5580000,0x00000000f7f7ff48,0x00000000f7f80000)
  from space 23552K, 0% used [0x00000000f7f80000,0x00000000f7f80000,0x00000000f9680000)
  to   space 21504K, 0% used [0x00000000f9880000,0x00000000f9880000,0x00000000fad80000)
 ParOldGen       total 349696K, used 349695K [0x00000000e0000000, 0x00000000f5580000, 0x00000000f5580000)
  object space 349696K, 99% used [0x00000000e0000000,0x00000000f557fe58,0x00000000f5580000)
 Metaspace       used 61220K, committed 62400K, reserved 1105920K
  class space    used 6026K, committed 6528K, reserved 1048576K
}
Event: 1490.711 GC heap before
{Heap before GC invocations=1136 (full 1003):
 PSYoungGen      total 66560K, used 43007K [0x00000000f5580000, 0x00000000faf00000, 0x0000000100000000)
  eden space 43008K, 99% used [0x00000000f5580000,0x00000000f7f7ffe0,0x00000000f7f80000)
  from space 23552K, 0% used [0x00000000f7f80000,0x00000000f7f80000,0x00000000f9680000)
  to   space 21504K, 0% used [0x00000000f9880000,0x00000000f9880000,0x00000000fad80000)
 ParOldGen       total 349696K, used 349695K [0x00000000e0000000, 0x00000000f5580000, 0x00000000f5580000)
  object space 349696K, 99% used [0x00000000e0000000,0x00000000f557fe58,0x00000000f5580000)
 Metaspace       used 61220K, committed 62400K, reserved 1105920K
  class space    used 6026K, committed 6528K, reserved 1048576K
}
Event: 1492.011 GC heap after
{Heap after GC invocations=1136 (full 1003):
 PSYoungGen      total 64512K, used 43007K [0x00000000f5580000, 0x00000000faf00000, 0x0000000100000000)
  eden space 43008K, 99% used [0x00000000f5580000,0x00000000f7f7ffc0,0x00000000f7f80000)
  from space 21504K, 0% used [0x00000000f9880000,0x00000000f9880000,0x00000000fad80000)
  to   space 23552K, 0% used [0x00000000f7f80000,0x00000000f7f80000,0x00000000f9680000)
 ParOldGen       total 349696K, used 349695K [0x00000000e0000000, 0x00000000f5580000, 0x00000000f5580000)
  object space 349696K, 99% used [0x00000000e0000000,0x00000000f557fe58,0x00000000f5580000)
 Metaspace       used 61220K, committed 62400K, reserved 1105920K
  class space    used 6026K, committed 6528K, reserved 1048576K
}
Event: 1492.012 GC heap before
{Heap before GC invocations=1137 (full 1004):
 PSYoungGen      total 64512K, used 43007K [0x00000000f5580000, 0x00000000faf00000, 0x0000000100000000)
  eden space 43008K, 99% used [0x00000000f5580000,0x00000000f7f7ffc0,0x00000000f7f80000)
  from space 21504K, 0% used [0x00000000f9880000,0x00000000f9880000,0x00000000fad80000)
  to   space 23552K, 0% used [0x00000000f7f80000,0x00000000f7f80000,0x00000000f9680000)
 ParOldGen       total 349696K, used 349695K [0x00000000e0000000, 0x00000000f5580000, 0x00000000f5580000)
  object space 349696K, 99% used [0x00000000e0000000,0x00000000f557ff78,0x00000000f5580000)
 Metaspace       used 61220K, committed 62400K, reserved 1105920K
  class space    used 6026K, committed 6528K, reserved 1048576K
}
Event: 1493.413 GC heap after
{Heap after GC invocations=1137 (full 1004):
 PSYoungGen      total 66560K, used 43007K [0x00000000f5580000, 0x00000000faf00000, 0x0000000100000000)
  eden space 43008K, 99% used [0x00000000f5580000,0x00000000f7f7ffc0,0x00000000f7f80000)
  from space 23552K, 0% used [0x00000000f7f80000,0x00000000f7f80000,0x00000000f9680000)
  to   space 21504K, 0% used [0x00000000f9880000,0x00000000f9880000,0x00000000fad80000)
 ParOldGen       total 349696K, used 349695K [0x00000000e0000000, 0x00000000f5580000, 0x00000000f5580000)
  object space 349696K, 99% used [0x00000000e0000000,0x00000000f557ff78,0x00000000f5580000)
 Metaspace       used 61220K, committed 62400K, reserved 1105920K
  class space    used 6026K, committed 6528K, reserved 1048576K
}
Event: 1493.413 GC heap before
{Heap before GC invocations=1138 (full 1005):
 PSYoungGen      total 66560K, used 43007K [0x00000000f5580000, 0x00000000faf00000, 0x0000000100000000)
  eden space 43008K, 99% used [0x00000000f5580000,0x00000000f7f7ffc0,0x00000000f7f80000)
  from space 23552K, 0% used [0x00000000f7f80000,0x00000000f7f80000,0x00000000f9680000)
  to   space 21504K, 0% used [0x00000000f9880000,0x00000000f9880000,0x00000000fad80000)
 ParOldGen       total 349696K, used 349695K [0x00000000e0000000, 0x00000000f5580000, 0x00000000f5580000)
  object space 349696K, 99% used [0x00000000e0000000,0x00000000f557ff78,0x00000000f5580000)
 Metaspace       used 61220K, committed 62400K, reserved 1105920K
  class space    used 6026K, committed 6528K, reserved 1048576K
}
Event: 1494.832 GC heap after
{Heap after GC invocations=1138 (full 1005):
 PSYoungGen      total 64512K, used 43007K [0x00000000f5580000, 0x00000000faf00000, 0x0000000100000000)
  eden space 43008K, 99% used [0x00000000f5580000,0x00000000f7f7ffc0,0x00000000f7f80000)
  from space 21504K, 0% used [0x00000000f9880000,0x00000000f9880000,0x00000000fad80000)
  to   space 23552K, 0% used [0x00000000f7f80000,0x00000000f7f80000,0x00000000f9680000)
 ParOldGen       total 349696K, used 349695K [0x00000000e0000000, 0x00000000f5580000, 0x00000000f5580000)
  object space 349696K, 99% used [0x00000000e0000000,0x00000000f557ff78,0x00000000f5580000)
 Metaspace       used 61220K, committed 62400K, reserved 1105920K
  class space    used 6026K, committed 6528K, reserved 1048576K
}
Event: 1494.832 GC heap before
{Heap before GC invocations=1139 (full 1006):
 PSYoungGen      total 64512K, used 43008K [0x00000000f5580000, 0x00000000faf00000, 0x0000000100000000)
  eden space 43008K, 100% used [0x00000000f5580000,0x00000000f7f80000,0x00000000f7f80000)
  from space 21504K, 0% used [0x00000000f9880000,0x00000000f9880000,0x00000000fad80000)
  to   space 23552K, 0% used [0x00000000f7f80000,0x00000000f7f80000,0x00000000f9680000)
 ParOldGen       total 349696K, used 349695K [0x00000000e0000000, 0x00000000f5580000, 0x00000000f5580000)
  object space 349696K, 99% used [0x00000000e0000000,0x00000000f557fff8,0x00000000f5580000)
 Metaspace       used 61220K, committed 62400K, reserved 1105920K
  class space    used 6026K, committed 6528K, reserved 1048576K
}
Event: 1496.156 GC heap after
{Heap after GC invocations=1139 (full 1006):
 PSYoungGen      total 66560K, used 43007K [0x00000000f5580000, 0x00000000faf00000, 0x0000000100000000)
  eden space 43008K, 99% used [0x00000000f5580000,0x00000000f7f7fe38,0x00000000f7f80000)
  from space 23552K, 0% used [0x00000000f7f80000,0x00000000f7f80000,0x00000000f9680000)
  to   space 21504K, 0% used [0x00000000f9880000,0x00000000f9880000,0x00000000fad80000)
 ParOldGen       total 349696K, used 349695K [0x00000000e0000000, 0x00000000f5580000, 0x00000000f5580000)
  object space 349696K, 99% used [0x00000000e0000000,0x00000000f557fc88,0x00000000f5580000)
 Metaspace       used 61220K, committed 62400K, reserved 1105920K
  class space    used 6026K, committed 6528K, reserved 1048576K
}
Event: 1496.205 GC heap before
{Heap before GC invocations=1140 (full 1007):
 PSYoungGen      total 66560K, used 43007K [0x00000000f5580000, 0x00000000faf00000, 0x0000000100000000)
  eden space 43008K, 99% used [0x00000000f5580000,0x00000000f7f7fe70,0x00000000f7f80000)
  from space 23552K, 0% used [0x00000000f7f80000,0x00000000f7f80000,0x00000000f9680000)
  to   space 21504K, 0% used [0x00000000f9880000,0x00000000f9880000,0x00000000fad80000)
 ParOldGen       total 349696K, used 349695K [0x00000000e0000000, 0x00000000f5580000, 0x00000000f5580000)
  object space 349696K, 99% used [0x00000000e0000000,0x00000000f557fc88,0x00000000f5580000)
 Metaspace       used 61220K, committed 62400K, reserved 1105920K
  class space    used 6026K, committed 6528K, reserved 1048576K
}
Event: 1497.605 GC heap after
{Heap after GC invocations=1140 (full 1007):
 PSYoungGen      total 64512K, used 43007K [0x00000000f5580000, 0x00000000faf00000, 0x0000000100000000)
  eden space 43008K, 99% used [0x00000000f5580000,0x00000000f7f7fe50,0x00000000f7f80000)
  from space 21504K, 0% used [0x00000000f9880000,0x00000000f9880000,0x00000000fad80000)
  to   space 23552K, 0% used [0x00000000f7f80000,0x00000000f7f80000,0x00000000f9680000)
 ParOldGen       total 349696K, used 349695K [0x00000000e0000000, 0x00000000f5580000, 0x00000000f5580000)
  object space 349696K, 99% used [0x00000000e0000000,0x00000000f557fc88,0x00000000f5580000)
 Metaspace       used 61220K, committed 62400K, reserved 1105920K
  class space    used 6026K, committed 6528K, reserved 1048576K
}
Event: 1497.605 GC heap before
{Heap before GC invocations=1141 (full 1008):
 PSYoungGen      total 64512K, used 43007K [0x00000000f5580000, 0x00000000faf00000, 0x0000000100000000)
  eden space 43008K, 99% used [0x00000000f5580000,0x00000000f7f7fe50,0x00000000f7f80000)
  from space 21504K, 0% used [0x00000000f9880000,0x00000000f9880000,0x00000000fad80000)
  to   space 23552K, 0% used [0x00000000f7f80000,0x00000000f7f80000,0x00000000f9680000)
 ParOldGen       total 349696K, used 349695K [0x00000000e0000000, 0x00000000f5580000, 0x00000000f5580000)
  object space 349696K, 99% used [0x00000000e0000000,0x00000000f557fc88,0x00000000f5580000)
 Metaspace       used 61220K, committed 62400K, reserved 1105920K
  class space    used 6026K, committed 6528K, reserved 1048576K
}
Event: 1499.040 GC heap after
{Heap after GC invocations=1141 (full 1008):
 PSYoungGen      total 66560K, used 43007K [0x00000000f5580000, 0x00000000faf00000, 0x0000000100000000)
  eden space 43008K, 99% used [0x00000000f5580000,0x00000000f7f7fe50,0x00000000f7f80000)
  from space 23552K, 0% used [0x00000000f7f80000,0x00000000f7f80000,0x00000000f9680000)
  to   space 21504K, 0% used [0x00000000f9880000,0x00000000f9880000,0x00000000fad80000)
 ParOldGen       total 349696K, used 349695K [0x00000000e0000000, 0x00000000f5580000, 0x00000000f5580000)
  object space 349696K, 99% used [0x00000000e0000000,0x00000000f557fc88,0x00000000f5580000)
 Metaspace       used 61220K, committed 62400K, reserved 1105920K
  class space    used 6026K, committed 6528K, reserved 1048576K
}
Event: 1499.040 GC heap before
{Heap before GC invocations=1142 (full 1009):
 PSYoungGen      total 66560K, used 43007K [0x00000000f5580000, 0x00000000faf00000, 0x0000000100000000)
  eden space 43008K, 99% used [0x00000000f5580000,0x00000000f7f7fe70,0x00000000f7f80000)
  from space 23552K, 0% used [0x00000000f7f80000,0x00000000f7f80000,0x00000000f9680000)
  to   space 21504K, 0% used [0x00000000f9880000,0x00000000f9880000,0x00000000fad80000)
 ParOldGen       total 349696K, used 349695K [0x00000000e0000000, 0x00000000f5580000, 0x00000000f5580000)
  object space 349696K, 99% used [0x00000000e0000000,0x00000000f557fc88,0x00000000f5580000)
 Metaspace       used 61220K, committed 62400K, reserved 1105920K
  class space    used 6026K, committed 6528K, reserved 1048576K
}
Event: 1500.407 GC heap after
{Heap after GC invocations=1142 (full 1009):
 PSYoungGen      total 64512K, used 43007K [0x00000000f5580000, 0x00000000faf00000, 0x0000000100000000)
  eden space 43008K, 99% used [0x00000000f5580000,0x00000000f7f7fe50,0x00000000f7f80000)
  from space 21504K, 0% used [0x00000000f9880000,0x00000000f9880000,0x00000000fad80000)
  to   space 23552K, 0% used [0x00000000f7f80000,0x00000000f7f80000,0x00000000f9680000)
 ParOldGen       total 349696K, used 349695K [0x00000000e0000000, 0x00000000f5580000, 0x00000000f5580000)
  object space 349696K, 99% used [0x00000000e0000000,0x00000000f557fc88,0x00000000f5580000)
 Metaspace       used 61220K, committed 62400K, reserved 1105920K
  class space    used 6026K, committed 6528K, reserved 1048576K
}
Event: 1500.407 GC heap before
{Heap before GC invocations=1143 (full 1010):
 PSYoungGen      total 64512K, used 43007K [0x00000000f5580000, 0x00000000faf00000, 0x0000000100000000)
  eden space 43008K, 99% used [0x00000000f5580000,0x00000000f7f7fe50,0x00000000f7f80000)
  from space 21504K, 0% used [0x00000000f9880000,0x00000000f9880000,0x00000000fad80000)
  to   space 23552K, 0% used [0x00000000f7f80000,0x00000000f7f80000,0x00000000f9680000)
 ParOldGen       total 349696K, used 349695K [0x00000000e0000000, 0x00000000f5580000, 0x00000000f5580000)
  object space 349696K, 99% used [0x00000000e0000000,0x00000000f557fc88,0x00000000f5580000)
 Metaspace       used 61220K, committed 62400K, reserved 1105920K
  class space    used 6026K, committed 6528K, reserved 1048576K
}
Event: 1501.856 GC heap after
{Heap after GC invocations=1143 (full 1010):
 PSYoungGen      total 66560K, used 43007K [0x00000000f5580000, 0x00000000faf00000, 0x0000000100000000)
  eden space 43008K, 99% used [0x00000000f5580000,0x00000000f7f7fe50,0x00000000f7f80000)
  from space 23552K, 0% used [0x00000000f7f80000,0x00000000f7f80000,0x00000000f9680000)
  to   space 21504K, 0% used [0x00000000f9880000,0x00000000f9880000,0x00000000fad80000)
 ParOldGen       total 349696K, used 349695K [0x00000000e0000000, 0x00000000f5580000, 0x00000000f5580000)
  object space 349696K, 99% used [0x00000000e0000000,0x00000000f557fc88,0x00000000f5580000)
 Metaspace       used 61220K, committed 62400K, reserved 1105920K
  class space    used 6026K, committed 6528K, reserved 1048576K
}

Dll operation events (9 events):
Event: 0.003 Loaded shared library /nix/store/gpxl5qgg8kicmcvivwmybwjlpf7wh20l-graalvm17-ce-22.3.0/lib/libjava.so
Event: 0.014 Loaded shared library /nix/store/gpxl5qgg8kicmcvivwmybwjlpf7wh20l-graalvm17-ce-22.3.0/lib/libjsvml.so
Event: 0.412 Loaded shared library /nix/store/gpxl5qgg8kicmcvivwmybwjlpf7wh20l-graalvm17-ce-22.3.0/lib/libnio.so
Event: 0.420 Loaded shared library /nix/store/gpxl5qgg8kicmcvivwmybwjlpf7wh20l-graalvm17-ce-22.3.0/lib/libzip.so
Event: 0.423 Loaded shared library /nix/store/gpxl5qgg8kicmcvivwmybwjlpf7wh20l-graalvm17-ce-22.3.0/lib/libjvmcicompiler.so
Event: 0.841 Loaded shared library /nix/store/gpxl5qgg8kicmcvivwmybwjlpf7wh20l-graalvm17-ce-22.3.0/lib/libjimage.so
Event: 1.414 Loaded shared library /nix/store/gpxl5qgg8kicmcvivwmybwjlpf7wh20l-graalvm17-ce-22.3.0/lib/libnet.so
Event: 4.715 Loaded shared library /home/runner/.cache/jdt-language-server/config/org.eclipse.equinox.launcher/org.eclipse.equinox.launcher.gtk.linux.x86_64_1.2.400.v20211117-0650/eclipse_11600.so
Event: 12.818 Loaded shared library /nix/store/gpxl5qgg8kicmcvivwmybwjlpf7wh20l-graalvm17-ce-22.3.0/lib/libextnet.so

Deoptimization events (20 events):
Event: 65.118 Thread 0x00007f8a64497870 DEOPT PACKING pc=0x00007f8ab47b3905 sp=0x00007f8a7a9fe530
Event: 65.119 Thread 0x00007f8a64497870 DEOPT UNPACKING pc=0x00007f8ab3505325 sp=0x00007f8a7a9fda20 mode 0
Event: 65.214 Thread 0x00007f8a64497870 DEOPT PACKING pc=0x00007f8ab47b3905 sp=0x00007f8a7a9fe530
Event: 65.214 Thread 0x00007f8a64497870 DEOPT UNPACKING pc=0x00007f8ab3505325 sp=0x00007f8a7a9fda20 mode 0
Event: 65.222 Thread 0x00007f8a64497870 DEOPT PACKING pc=0x00007f8ab47b3905 sp=0x00007f8a7a9fe530
Event: 65.222 Thread 0x00007f8a64497870 DEOPT UNPACKING pc=0x00007f8ab3505325 sp=0x00007f8a7a9fda20 mode 0
Event: 65.226 Thread 0x00007f8a64497870 DEOPT PACKING pc=0x00007f8ab47b3905 sp=0x00007f8a7a9fe530
Event: 65.226 Thread 0x00007f8a64497870 DEOPT UNPACKING pc=0x00007f8ab3505325 sp=0x00007f8a7a9fda20 mode 0
Event: 65.232 Thread 0x00007f8a64497870 DEOPT PACKING pc=0x00007f8ab47b3905 sp=0x00007f8a7a9fe530
Event: 65.232 Thread 0x00007f8a64497870 DEOPT UNPACKING pc=0x00007f8ab3505325 sp=0x00007f8a7a9fda20 mode 0
Event: 65.238 Thread 0x00007f8a64497870 DEOPT PACKING pc=0x00007f8ab47b3905 sp=0x00007f8a7a9fe530
Event: 65.238 Thread 0x00007f8a64497870 DEOPT UNPACKING pc=0x00007f8ab3505325 sp=0x00007f8a7a9fda20 mode 0
Event: 65.244 Thread 0x00007f8a64497870 DEOPT PACKING pc=0x00007f8ab47b3905 sp=0x00007f8a7a9fe530
Event: 65.244 Thread 0x00007f8a64497870 DEOPT UNPACKING pc=0x00007f8ab3505325 sp=0x00007f8a7a9fda20 mode 0
Event: 65.249 Thread 0x00007f8a64497870 DEOPT PACKING pc=0x00007f8ab47b3905 sp=0x00007f8a7a9fe530
Event: 65.249 Thread 0x00007f8a64497870 DEOPT UNPACKING pc=0x00007f8ab3505325 sp=0x00007f8a7a9fda20 mode 0
Event: 1499.040 Thread 0x00007f8acc0b21b0 Uncommon trap: trap_request=0xffffff8f fr.pc=0x00007f8abb04289b relative=0x000000000000017b
Event: 1499.040 Thread 0x00007f8acc0b21b0 Uncommon trap: reason=constraint action=none pc=0x00007f8abb04289b method=java.io.ByteArrayOutputStream.<init>(I)V @ 0 jvmci
Event: 1499.040 Thread 0x00007f8acc0b21b0 DEOPT PACKING pc=0x00007f8abb04289b sp=0x00007f8ad0818020
Event: 1499.040 Thread 0x00007f8acc0b21b0 DEOPT UNPACKING pc=0x00007f8ab3505325 sp=0x00007f8ad08174c8 mode 3

Classes unloaded (20 events):
Event: 98.822 Thread 0x00007f8acc0a1bf0 Unloading class 0x0000000800d98800 'java/lang/invoke/LambdaForm$MH+0x0000000800d98800'
Event: 98.822 Thread 0x00007f8acc0a1bf0 Unloading class 0x0000000800d98400 'java/lang/invoke/LambdaForm$MH+0x0000000800d98400'
Event: 98.822 Thread 0x00007f8acc0a1bf0 Unloading class 0x0000000800d98000 'jdk/internal/reflect/GeneratedConstructorAccessor3'
Event: 98.822 Thread 0x00007f8acc0a1bf0 Unloading class 0x0000000800d06800 'java/lang/invoke/LambdaForm$MH+0x0000000800d06800'
Event: 98.822 Thread 0x00007f8acc0a1bf0 Unloading class 0x0000000800d06000 'java/lang/invoke/LambdaForm$MH+0x0000000800d06000'
Event: 98.822 Thread 0x00007f8acc0a1bf0 Unloading class 0x0000000800d05c00 'java/lang/invoke/LambdaForm$MH+0x0000000800d05c00'
Event: 98.822 Thread 0x00007f8acc0a1bf0 Unloading class 0x0000000800d05800 'java/lang/invoke/LambdaForm$MH+0x0000000800d05800'
Event: 98.822 Thread 0x00007f8acc0a1bf0 Unloading class 0x0000000800d05000 'java/lang/invoke/LambdaForm$MH+0x0000000800d05000'
Event: 98.822 Thread 0x00007f8acc0a1bf0 Unloading class 0x0000000800d04c00 'java/lang/invoke/LambdaForm$MH+0x0000000800d04c00'
Event: 98.822 Thread 0x00007f8acc0a1bf0 Unloading class 0x0000000800d04800 'java/lang/invoke/LambdaForm$MH+0x0000000800d04800'
Event: 98.822 Thread 0x00007f8acc0a1bf0 Unloading class 0x0000000800d04000 'java/lang/invoke/LambdaForm$MH+0x0000000800d04000'
Event: 98.822 Thread 0x00007f8acc0a1bf0 Unloading class 0x0000000800c1d000 'jdk/internal/reflect/GeneratedMethodAccessor5'
Event: 98.822 Thread 0x00007f8acc0a1bf0 Unloading class 0x0000000800c1cc00 'jdk/internal/reflect/GeneratedMethodAccessor4'
Event: 98.822 Thread 0x00007f8acc0a1bf0 Unloading class 0x0000000800c1c800 'jdk/internal/reflect/GeneratedMethodAccessor3'
Event: 98.822 Thread 0x00007f8acc0a1bf0 Unloading class 0x0000000800c1c400 'jdk/internal/reflect/GeneratedMethodAccessor2'
Event: 98.822 Thread 0x00007f8acc0a1bf0 Unloading class 0x0000000800c1c000 'jdk/internal/reflect/GeneratedMethodAccessor1'
Event: 98.822 Thread 0x00007f8acc0a1bf0 Unloading class 0x0000000800c01c00 'java/lang/invoke/LambdaForm$DMH+0x0000000800c01c00'
Event: 712.514 Thread 0x00007f8acc0a1bf0 Unloading class 0x000000080112b000 'jdk/internal/reflect/GeneratedSerializationConstructorAccessor38'
Event: 1339.676 Thread 0x00007f8acc0a1bf0 Unloading class 0x0000000800ee1000 'jdk/internal/reflect/GeneratedSerializationConstructorAccessor46'
Event: 1451.208 Thread 0x00007f8acc0a1bf0 Unloading class 0x0000000800d99000 'jdk/internal/reflect/GeneratedSerializationConstructorAccessor49'

Classes redefined (0 events):
No events

Internal exceptions (20 events):
Event: 40.118 Thread 0x00007f8a4c0d6a80 Implicit null exception at 0x00007f8abb0d20e9 to 0x00007f8abb0d229b
Event: 42.610 Thread 0x00007f8a64497870 Implicit null exception at 0x00007f8abb1869f2 to 0x00007f8abb18ab28
Event: 44.807 Thread 0x00007f8a3c1339b0 Exception <a 'java/lang/ArrayIndexOutOfBoundsException'{0x00000000f5edce60}: Index 2492 out of bounds for length 2492> (0x00000000f5edce60) 
thrown [src/hotspot/share/interpreter/interpreterRuntime.cpp, line 428]
Event: 44.807 Thread 0x00007f8a3c1339b0 Exception <a 'java/lang/ArrayIndexOutOfBoundsException'{0x00000000f5edd2d0}: Index 2492 out of bounds for length 2492> (0x00000000f5edd2d0) 
thrown [src/hotspot/share/interpreter/interpreterRuntime.cpp, line 428]
Event: 44.807 Thread 0x00007f8a3c1339b0 Exception <a 'java/lang/ArrayIndexOutOfBoundsException'{0x00000000f5edd638}: Index 2493 out of bounds for length 2492> (0x00000000f5edd638) 
thrown [src/hotspot/share/interpreter/interpreterRuntime.cpp, line 428]
Event: 49.314 Thread 0x00007f8a3c1417f0 Exception <a 'java/lang/ArrayIndexOutOfBoundsException'{0x00000000f5be3de0}> (0x00000000f5be3de0) 
thrown [src/hotspot/share/runtime/sharedRuntime.cpp, line 628]
Event: 49.314 Thread 0x00007f8a3c1417f0 Exception <a 'java/lang/ArrayIndexOutOfBoundsException'{0x00000000f5be4148}> (0x00000000f5be4148) 
thrown [src/hotspot/share/runtime/sharedRuntime.cpp, line 628]
Event: 49.314 Thread 0x00007f8a3c1417f0 Exception <a 'java/lang/ArrayIndexOutOfBoundsException'{0x00000000f5be44b0}> (0x00000000f5be44b0) 
thrown [src/hotspot/share/runtime/sharedRuntime.cpp, line 628]
Event: 50.830 Thread 0x00007f8a3c131e80 Exception <a 'java/lang/NoSuchMethodError'{0x00000000f6b4e438}: 'java.lang.Object java.lang.invoke.DirectMethodHandle$Holder.newInvokeSpecial(java.lang.Object, java.lang.Object, int, java.lang.Object, java.lang.Object, java.lang.Object, java.lang.Object)'> (0x00000000f6b4e438) 
thrown [src/hotspot/share/interpreter/linkResolver.cpp, line 758]
Event: 51.023 Thread 0x00007f8a3c131e80 Exception <a 'java/lang/NoSuchMethodError'{0x00000000f56e5628}: 'void java.lang.invoke.DirectMethodHandle$Holder.invokeSpecial(java.lang.Object, java.lang.Object, int)'> (0x00000000f56e5628) 
thrown [src/hotspot/share/interpreter/linkResolver.cpp, line 758]
Event: 52.043 Thread 0x00007f8a3c131e80 Exception <a 'java/lang/NoSuchMethodError'{0x00000000f651cbd8}: 'java.lang.Object java.lang.invoke.DirectMethodHandle$Holder.invokeStatic(java.lang.Object, int, java.lang.Object, java.lang.Object, java.lang.Object, java.lang.Object)'> (0x00000000f651cbd8) 
thrown [src/hotspot/share/interpreter/linkResolver.cpp, line 758]
Event: 52.045 Thread 0x00007f8a3c131e80 Exception <a 'java/lang/NoSuchMethodError'{0x00000000f6524e00}: 'java.lang.Object java.lang.invoke.DirectMethodHandle$Holder.newInvokeSpecial(java.lang.Object, int, java.lang.Object, java.lang.Object, java.lang.Object)'> (0x00000000f6524e00) 
thrown [src/hotspot/share/interpreter/linkResolver.cpp, line 758]
Event: 52.449 Thread 0x00007f8a3c131e80 Exception <a 'java/lang/NoSuchMethodError'{0x00000000f5c8b508}: 'int java.lang.invoke.DirectMethodHandle$Holder.invokeSpecialIFC(java.lang.Object, java.lang.Object, java.lang.Object, java.lang.Object)'> (0x00000000f5c8b508) 
thrown [src/hotspot/share/interpreter/linkResolver.cpp, line 758]
Event: 1450.225 Thread 0x00007f8a540010d0 Exception <a 'java/lang/OutOfMemoryError'{0x00000000e0004290}> (0x00000000e0004290) 
thrown [src/hotspot/share/gc/shared/memAllocator.cpp, line 136]
Event: 1489.311 Thread 0x00007f8a30000ff0 Exception <a 'java/lang/OutOfMemoryError'{0x00000000e0004560}> (0x00000000e0004560) 
thrown [src/hotspot/share/gc/shared/memAllocator.cpp, line 136]
Event: 1494.832 Thread 0x00007f8a540010d0 Exception <a 'java/lang/OutOfMemoryError'{0x00000000e0004b50}> (0x00000000e0004b50) 
thrown [src/hotspot/share/gc/shared/memAllocator.cpp, line 136]
Event: 1494.832 Thread 0x00007f8a540010d0 Exception <a 'java/lang/reflect/InvocationTargetException'{0x00000000f7f7f7f8}> (0x00000000f7f7f7f8) 
thrown [src/hotspot/share/runtime/reflection.cpp, line 1119]
Event: 1499.040 Thread 0x00007f8acc0b21b0 Exception <a 'java/lang/OutOfMemoryError'{0x00000000e0004830}> (0x00000000e0004830) 
thrown [src/hotspot/share/gc/shared/memAllocator.cpp, line 138]
Event: 1499.040 Thread 0x00007f8acc0b21b0 Implicit null exception at 0x00007f8abb042851 to 0x00007f8abb042880
Event: 1501.856 Thread 0x00007f8acc0b21b0 Exception <a 'java/lang/OutOfMemoryError'{0x00000000e0004b50}> (0x00000000e0004b50) 
thrown [src/hotspot/share/gc/shared/memAllocator.cpp, line 136]

VM Operations (20 events):
Event: 1482.607 Executing VM operation: ParallelGCFailedAllocation
Event: 1483.916 Executing VM operation: ParallelGCFailedAllocation done
Event: 1483.916 Executing VM operation: ParallelGCFailedAllocation
Event: 1485.210 Executing VM operation: ParallelGCFailedAllocation done
Event: 1485.210 Executing VM operation: ParallelGCFailedAllocation
Event: 1486.627 Executing VM operation: ParallelGCFailedAllocation done
Event: 1486.627 Executing VM operation: ParallelGCFailedAllocation
Event: 1489.311 Executing VM operation: ParallelGCFailedAllocation done
Event: 1489.311 Executing VM operation: ParallelGCFailedAllocation
Event: 1490.711 Executing VM operation: ParallelGCFailedAllocation done
Event: 1490.711 Executing VM operation: ParallelGCFailedAllocation
Event: 1492.011 Executing VM operation: ParallelGCFailedAllocation done
Event: 1492.012 Executing VM operation: ParallelGCFailedAllocation
Event: 1494.832 Executing VM operation: ParallelGCFailedAllocation done
Event: 1494.832 Executing VM operation: ParallelGCFailedAllocation
Event: 1496.157 Executing VM operation: ParallelGCFailedAllocation done
Event: 1496.157 Executing VM operation: ParallelGCFailedAllocation
Event: 1499.040 Executing VM operation: ParallelGCFailedAllocation done
Event: 1499.040 Executing VM operation: ParallelGCFailedAllocation
Event: 1501.856 Executing VM operation: ParallelGCFailedAllocation done

Events (20 events):
Event: 54.523 Thread 0x00007f8a3c036000 Thread added: 0x00007f8a3c036000
Event: 54.524 Protecting memory [0x00007f8a79b00000,0x00007f8a79b04000] with protection modes 0
Event: 55.711 Thread 0x00007f8a3c036000 Thread exited: 0x00007f8a3c036000
Event: 61.692 Thread 0x00007f8acc1f5fa0 Thread exited: 0x00007f8acc1f5fa0
Event: 65.159 Thread 0x00007f8acc0b4720 flushing nmethod 0x00007f8ab4566010
Event: 65.207 Thread 0x00007f8acc0b4720 flushing nmethod 0x00007f8ab48a5d90
Event: 65.208 Thread 0x00007f8acc0b4720 flushing nmethod 0x00007f8ab4994910
Event: 91.186 Thread 0x00007f8a5c0052e0 Thread exited: 0x00007f8a5c0052e0
Event: 91.186 Thread 0x00007f8a3044a300 Thread exited: 0x00007f8a3044a300
Event: 110.515 Thread 0x00007f8a48000ff0 Thread exited: 0x00007f8a48000ff0
Event: 123.926 Thread 0x00007f8a6431d850 Thread exited: 0x00007f8a6431d850
Event: 125.342 Thread 0x00007f8a4c001130 Thread exited: 0x00007f8a4c001130
Event: 319.042 Thread 0x00007f8a280db650 Thread added: 0x00007f8a280db650
Event: 319.044 Protecting memory [0x00007f8a7a100000,0x00007f8a7a104000] with protection modes 0
Event: 414.653 Thread 0x00007f8a30443170 Thread exited: 0x00007f8a30443170
Event: 414.654 Thread 0x00007f8a5c003fb0 Thread exited: 0x00007f8a5c003fb0
Event: 420.825 Thread 0x00007f8a4803b320 Thread added: 0x00007f8a4803b320
Event: 420.826 Protecting memory [0x00007f8ab0000000,0x00007f8ab0004000] with protection modes 0
Event: 422.241 Thread 0x00007f8a4803b320 Thread exited: 0x00007f8a4803b320
Event: 478.343 Thread 0x00007f8a30443b80 Thread exited: 0x00007f8a30443b80


Dynamic libraries:
e0000000-f5580000 rw-p 00000000 00:00 0 
f5580000-faf00000 rw-p 00000000 00:00 0 
faf00000-100000000 ---p 00000000 00:00 0 
800000000-800449000 rw-p 00001000 00:1cd9 4611686019135357769            /nix/store/gpxl5qgg8kicmcvivwmybwjlpf7wh20l-graalvm17-ce-22.3.0/lib/server/classes.jsa
800449000-800bc8000 r--p 0044a000 00:1cd9 4611686019135357769            /nix/store/gpxl5qgg8kicmcvivwmybwjlpf7wh20l-graalvm17-ce-22.3.0/lib/server/classes.jsa
800bc8000-800c00000 ---p 00000000 00:00 0 
800c00000-800c20000 rw-p 00000000 00:00 0 
800c20000-800c40000 rw-p 00000000 00:00 0 
800c40000-800cc0000 rw-p 00000000 00:00 0 
800cc0000-800d00000 rw-p 00000000 00:00 0 
800d00000-800dc0000 rw-p 00000000 00:00 0 
800dc0000-800e00000 rw-p 00000000 00:00 0 
800e00000-800f40000 rw-p 00000000 00:00 0 
800f40000-800fc0000 rw-p 00000000 00:00 0 
800fc0000-800ff0000 rw-p 00000000 00:00 0 
800ff0000-801000000 ---p 00000000 00:00 0 
801000000-801270000 rw-p 00000000 00:00 0 
801270000-840c00000 ---p 00000000 00:00 0 
558b2abf4000-558b2abf5000 r-xp 00000000 00:1cd9 4611686019099417844      /nix/store/gpxl5qgg8kicmcvivwmybwjlpf7wh20l-graalvm17-ce-22.3.0/bin/.java-wrapped
558b2abf6000-558b2abf7000 r--p 00001000 00:1cd9 4611686019099417844      /nix/store/gpxl5qgg8kicmcvivwmybwjlpf7wh20l-graalvm17-ce-22.3.0/bin/.java-wrapped
558b2abf7000-558b2abf8000 rw-p 00002000 00:1cd9 4611686019099417844      /nix/store/gpxl5qgg8kicmcvivwmybwjlpf7wh20l-graalvm17-ce-22.3.0/bin/.java-wrapped
558b2abf8000-558b2abf9000 rw-p 00004000 00:1cd9 4611686019099417844      /nix/store/gpxl5qgg8kicmcvivwmybwjlpf7wh20l-graalvm17-ce-22.3.0/bin/.java-wrapped
558b2abf9000-558b2abfa000 rw-p 00005000 00:1cd9 4611686019099417844      /nix/store/gpxl5qgg8kicmcvivwmybwjlpf7wh20l-graalvm17-ce-22.3.0/bin/.java-wrapped
558b2c3c1000-558b2c409000 rw-p 00000000 00:00 0                          [heap]
7f8a00000000-7f8a00039000 rw-p 00000000 00:00 0 
7f8a00039000-7f8a04000000 ---p 00000000 00:00 0 
7f8a08000000-7f8a08021000 rw-p 00000000 00:00 0 
7f8a08021000-7f8a0c000000 ---p 00000000 00:00 0 
7f8a0c000000-7f8a0c14a000 rw-p 00000000 00:00 0 
7f8a0c14a000-7f8a10000000 ---p 00000000 00:00 0 
7f8a10000000-7f8a10021000 rw-p 00000000 00:00 0 
7f8a10021000-7f8a14000000 ---p 00000000 00:00 0 
7f8a14000000-7f8a14021000 rw-p 00000000 00:00 0 
7f8a14021000-7f8a18000000 ---p 00000000 00:00 0 
7f8a18000000-7f8a18021000 rw-p 00000000 00:00 0 
7f8a18021000-7f8a1c000000 ---p 00000000 00:00 0 
7f8a1e4b3000-7f8a28000000 r--s 00000000 00:1cd9 4611686019135192581      /nix/store/gpxl5qgg8kicmcvivwmybwjlpf7wh20l-graalvm17-ce-22.3.0/lib/modules
7f8a28000000-7f8a2810a000 rw-p 00000000 00:00 0 
7f8a2810a000-7f8a2c000000 ---p 00000000 00:00 0 
7f8a2f000000-7f8a2f740000 rw-p 00000000 00:00 0 
7f8a2f740000-7f8a2f800000 ---p 00000000 00:00 0 
7f8a30000000-7f8a30532000 rw-p 00000000 00:00 0 
7f8a30532000-7f8a34000000 ---p 00000000 00:00 0 
7f8a34000000-7f8a34021000 rw-p 00000000 00:00 0 
7f8a34021000-7f8a38000000 ---p 00000000 00:00 0 
7f8a38000000-7f8a38021000 rw-p 00000000 00:00 0 
7f8a38021000-7f8a3c000000 ---p 00000000 00:00 0 
7f8a3c000000-7f8a3c195000 rw-p 00000000 00:00 0 
7f8a3c195000-7f8a40000000 ---p 00000000 00:00 0 
7f8a40000000-7f8a4005a000 rw-p 00000000 00:00 0 
7f8a4005a000-7f8a44000000 ---p 00000000 00:00 0 
7f8a44000000-7f8a44021000 rw-p 00000000 00:00 0 
7f8a44021000-7f8a48000000 ---p 00000000 00:00 0 
7f8a48000000-7f8a48060000 rw-p 00000000 00:00 0 
7f8a48060000-7f8a4c000000 ---p 00000000 00:00 0 
7f8a4c000000-7f8a4c11a000 rw-p 00000000 00:00 0 
7f8a4c11a000-7f8a50000000 ---p 00000000 00:00 0 
7f8a50000000-7f8a50021000 rw-p 00000000 00:00 0 
7f8a50021000-7f8a54000000 ---p 00000000 00:00 0 
7f8a54000000-7f8a54300000 rw-p 00000000 00:00 0 
7f8a54300000-7f8a58000000 ---p 00000000 00:00 0 
7f8a58000000-7f8a58021000 rw-p 00000000 00:00 0 
7f8a58021000-7f8a5c000000 ---p 00000000 00:00 0 
7f8a5c000000-7f8a5c021000 rw-p 00000000 00:00 0 
7f8a5c021000-7f8a60000000 ---p 00000000 00:00 0 
7f8a60000000-7f8a60026000 rw-p 00000000 00:00 0 
7f8a60026000-7f8a64000000 ---p 00000000 00:00 0 
7f8a64000000-7f8a648d3000 rw-p 00000000 00:00 0 
7f8a648d3000-7f8a68000000 ---p 00000000 00:00 0 
7f8a68400000-7f8a688a0000 rw-p 00000000 00:00 0 
7f8a688a0000-7f8a68b00000 rw-p 00000000 00:00 0 
7f8a68b00000-7f8a68b50000 rw-p 00000000 00:00 0 
7f8a68b50000-7f8a68c00000 ---p 00000000 00:00 0 
7f8a69400000-7f8a697e0000 rw-p 00000000 00:00 0 
7f8a697e0000-7f8a69800000 rw-p 00000000 00:00 0 
7f8a69800000-7f8a69900000 rw-p 00000000 00:00 0 
7f8a69900000-7f8a69a00000 rw-p 00000000 00:00 0 
7f8a69a00000-7f8a69c00000 rw-p 00000000 00:00 0 
7f8a69c00000-7f8a69d00000 rw-p 00000000 00:00 0 
7f8a69d00000-7f8a69ec0000 rw-p 00000000 00:00 0 
7f8a69ec0000-7f8a69f00000 rw-p 00000000 00:00 0 
7f8a69f00000-7f8a6a100000 rw-p 00000000 00:00 0 
7f8a6a100000-7f8a6a200000 rw-p 00000000 00:00 0 
7f8a6a200000-7f8a6a400000 rw-p 00000000 00:00 0 
7f8a6a400000-7f8a6a500000 rw-p 00000000 00:00 0 
7f8a6a500000-7f8a6a600000 rw-p 00000000 00:00 0 
7f8a6a600000-7f8a6ab00000 rw-p 00000000 00:00 0 
7f8a6ab00000-7f8a6ac00000 rw-p 00000000 00:00 0 
7f8a6ac00000-7f8a6ad00000 rw-p 00000000 00:00 0 
7f8a6ad00000-7f8a6ae00000 rw-p 00000000 00:00 0 
7f8a6ae00000-7f8a6b100000 rw-p 00000000 00:00 0 
7f8a6b100000-7f8a6b200000 rw-p 00000000 00:00 0 
7f8a6b200000-7f8a6b400000 rw-p 00000000 00:00 0 
7f8a6b400000-7f8a6b410000 r-xp 00000000 00:1cd0 358                      /home/runner/.cache/jdt-language-server/config/org.eclipse.equinox.launcher/org.eclipse.equinox.launcher.gtk.linux.x86_64_1.2.400.v20211117-0650/eclipse_11600.so
7f8a6b410000-7f8a6b60f000 ---p 00010000 00:1cd0 358                      /home/runner/.cache/jdt-language-server/config/org.eclipse.equinox.launcher/org.eclipse.equinox.launcher.gtk.linux.x86_64_1.2.400.v20211117-0650/eclipse_11600.so
7f8a6b60f000-7f8a6b610000 r--p 0000f000 00:1cd0 358                      /home/runner/.cache/jdt-language-server/config/org.eclipse.equinox.launcher/org.eclipse.equinox.launcher.gtk.linux.x86_64_1.2.400.v20211117-0650/eclipse_11600.so
7f8a6b610000-7f8a6b611000 rw-p 00010000 00:1cd0 358                      /home/runner/.cache/jdt-language-server/config/org.eclipse.equinox.launcher/org.eclipse.equinox.launcher.gtk.linux.x86_64_1.2.400.v20211117-0650/eclipse_11600.so
7f8a6c000000-7f8a6c021000 rw-p 00000000 00:00 0 
7f8a6c021000-7f8a70000000 ---p 00000000 00:00 0 
7f8a70000000-7f8a70021000 rw-p 00000000 00:00 0 
7f8a70021000-7f8a74000000 ---p 00000000 00:00 0 
7f8a74000000-7f8a74021000 rw-p 00000000 00:00 0 
7f8a74021000-7f8a78000000 ---p 00000000 00:00 0 
7f8a78800000-7f8a78900000 ---p 00000000 00:00 0 
7f8a78900000-7f8a78eaf000 r--p 01122000 00:1cd9 4611686019135190040      /nix/store/gpxl5qgg8kicmcvivwmybwjlpf7wh20l-graalvm17-ce-22.3.0/lib/libjvmcicompiler.so
7f8a78eaf000-7f8a79000000 r--p 00000000 00:00 0 
7f8a79000000-7f8a7903d000 rw-p 00000000 00:00 0 
7f8a7903d000-7f8a7955d000 rw-p 0185f000 00:1cd9 4611686019135190040      /nix/store/gpxl5qgg8kicmcvivwmybwjlpf7wh20l-graalvm17-ce-22.3.0/lib/libjvmcicompiler.so
7f8a7955d000-7f8a79944000 r--p 01d7f000 00:1cd9 4611686019135190040      /nix/store/gpxl5qgg8kicmcvivwmybwjlpf7wh20l-graalvm17-ce-22.3.0/lib/libjvmcicompiler.so
7f8a79a00000-7f8a79a04000 ---p 00000000 00:00 0 
7f8a79a04000-7f8a79b00000 rw-p 00000000 00:00 0 
7f8a79b00000-7f8a79b04000 ---p 00000000 00:00 0 
7f8a79b04000-7f8a79c00000 rw-p 00000000 00:00 0 
7f8a79d00000-7f8a79d04000 ---p 00000000 00:00 0 
7f8a79d04000-7f8a79e00000 rw-p 00000000 00:00 0 
7f8a79e00000-7f8a79e04000 ---p 00000000 00:00 0 
7f8a79e04000-7f8a79f00000 rw-p 00000000 00:00 0 
7f8a79f00000-7f8a79f04000 ---p 00000000 00:00 0 
7f8a79f04000-7f8a7a000000 rw-p 00000000 00:00 0 
7f8a7a000000-7f8a7a004000 ---p 00000000 00:00 0 
7f8a7a004000-7f8a7a100000 rw-p 00000000 00:00 0 
7f8a7a100000-7f8a7a104000 ---p 00000000 00:00 0 
7f8a7a104000-7f8a7a200000 rw-p 00000000 00:00 0 
7f8a7a300000-7f8a7a304000 ---p 00000000 00:00 0 
7f8a7a304000-7f8a7a400000 rw-p 00000000 00:00 0 
7f8a7a500000-7f8a7a504000 ---p 00000000 00:00 0 
7f8a7a504000-7f8a7a600000 rw-p 00000000 00:00 0 
7f8a7a700000-7f8a7a704000 ---p 00000000 00:00 0 
7f8a7a704000-7f8a7a800000 rw-p 00000000 00:00 0 
7f8a7a900000-7f8a7a904000 ---p 00000000 00:00 0 
7f8a7a904000-7f8a7aa00000 rw-p 00000000 00:00 0 
7f8a7ab00000-7f8a7ab04000 ---p 00000000 00:00 0 
7f8a7ab04000-7f8a7ac00000 rw-p 00000000 00:00 0 
7f8a7ad00000-7f8a7ad04000 ---p 00000000 00:00 0 
7f8a7ad04000-7f8a7ae00000 rw-p 00000000 00:00 0 
7f8a7ba68000-7f8a7bf00000 rw-p 00000000 00:00 0 
7f8a7c000000-7f8a7c021000 rw-p 00000000 00:00 0 
7f8a7c021000-7f8a80000000 ---p 00000000 00:00 0 
7f8a80000000-7f8a80021000 rw-p 00000000 00:00 0 
7f8a80021000-7f8a84000000 ---p 00000000 00:00 0 
7f8a84000000-7f8a84021000 rw-p 00000000 00:00 0 
7f8a84021000-7f8a88000000 ---p 00000000 00:00 0 
7f8a88000000-7f8a88021000 rw-p 00000000 00:00 0 
7f8a88021000-7f8a8c000000 ---p 00000000 00:00 0 
7f8a8c000000-7f8a8c0e8000 rw-p 00000000 00:00 0 
7f8a8c0e8000-7f8a90000000 ---p 00000000 00:00 0 
7f8a90000000-7f8a90ba5000 rw-p 00000000 00:00 0 
7f8a90ba5000-7f8a94000000 ---p 00000000 00:00 0 
7f8a94000000-7f8a94021000 rw-p 00000000 00:00 0 
7f8a94021000-7f8a98000000 ---p 00000000 00:00 0 
7f8a98000000-7f8a98021000 rw-p 00000000 00:00 0 
7f8a98021000-7f8a9c000000 ---p 00000000 00:00 0 
7f8a9c000000-7f8a9c021000 rw-p 00000000 00:00 0 
7f8a9c021000-7f8aa0000000 ---p 00000000 00:00 0 
7f8aa0000000-7f8aa0021000 rw-p 00000000 00:00 0 
7f8aa0021000-7f8aa4000000 ---p 00000000 00:00 0 
7f8aa4000000-7f8aa4021000 rw-p 00000000 00:00 0 
7f8aa4021000-7f8aa8000000 ---p 00000000 00:00 0 
7f8aa8000000-7f8aa8021000 rw-p 00000000 00:00 0 
7f8aa8021000-7f8aac000000 ---p 00000000 00:00 0 
7f8aac000000-7f8aac06e000 rw-p 00000000 00:00 0 
7f8aac06e000-7f8ab0004000 ---p 00000000 00:00 0 
7f8ab0004000-7f8ab0100000 rw-p 00000000 00:00 0 
7f8ab0100000-7f8ab0104000 ---p 00000000 00:00 0 
7f8ab0104000-7f8ab0200000 rw-p 00000000 00:00 0 
7f8ab0300000-7f8ab0304000 ---p 00000000 00:00 0 
7f8ab0304000-7f8ab0400000 rw-p 00000000 00:00 0 
7f8ab0500000-7f8ab0504000 ---p 00000000 00:00 0 
7f8ab0504000-7f8ab0600000 rw-p 00000000 00:00 0 
7f8ab0700000-7f8ab0704000 ---p 00000000 00:00 0 
7f8ab0704000-7f8ab0800000 rw-p 00000000 00:00 0 
7f8ab0900000-7f8ab0904000 ---p 00000000 00:00 0 
7f8ab0904000-7f8ab0a00000 rw-p 00000000 00:00 0 
7f8ab0b00000-7f8ab0b04000 ---p 00000000 00:00 0 
7f8ab0b04000-7f8ab0c00000 rw-p 00000000 00:00 0 
7f8ab0d00000-7f8ab0d04000 ---p 00000000 00:00 0 
7f8ab0d04000-7f8ab0e00000 rw-p 00000000 00:00 0 
7f8ab0e00000-7f8ab0e04000 ---p 00000000 00:00 0 
7f8ab0e04000-7f8ab0f00000 rw-p 00000000 00:00 0 
7f8ab0f00000-7f8ab0f04000 ---p 00000000 00:00 0 
7f8ab0f04000-7f8ab1000000 rw-p 00000000 00:00 0 
7f8ab1000000-7f8ab316a000 r-xp 00000000 00:1cd9 4611686019135190040      /nix/store/gpxl5qgg8kicmcvivwmybwjlpf7wh20l-graalvm17-ce-22.3.0/lib/libjvmcicompiler.so
7f8ab316a000-7f8ab3369000 ---p 0216a000 00:1cd9 4611686019135190040      /nix/store/gpxl5qgg8kicmcvivwmybwjlpf7wh20l-graalvm17-ce-22.3.0/lib/libjvmcicompiler.so
7f8ab3369000-7f8ab336a000 r--p 02169000 00:1cd9 4611686019135190040      /nix/store/gpxl5qgg8kicmcvivwmybwjlpf7wh20l-graalvm17-ce-22.3.0/lib/libjvmcicompiler.so
7f8ab336a000-7f8ab336c000 rw-p 0216a000 00:1cd9 4611686019135190040      /nix/store/gpxl5qgg8kicmcvivwmybwjlpf7wh20l-graalvm17-ce-22.3.0/lib/libjvmcicompiler.so
7f8ab336c000-7f8ab336d000 rw-p 00000000 00:00 0 
7f8ab336d000-7f8ab3372000 rw-p 023c3000 00:1cd9 4611686019135190040      /nix/store/gpxl5qgg8kicmcvivwmybwjlpf7wh20l-graalvm17-ce-22.3.0/lib/libjvmcicompiler.so
7f8ab345c000-7f8ab3460000 ---p 00000000 00:00 0 
7f8ab3460000-7f8ab347e000 rw-p 00000000 00:00 0 
7f8ab347e000-7f8ab3493000 r-xp 00000000 00:1cd9 4611686019135192570      /nix/store/gpxl5qgg8kicmcvivwmybwjlpf7wh20l-graalvm17-ce-22.3.0/lib/libnet.so
7f8ab3493000-7f8ab3494000 ---p 00015000 00:1cd9 4611686019135192570      /nix/store/gpxl5qgg8kicmcvivwmybwjlpf7wh20l-graalvm17-ce-22.3.0/lib/libnet.so
7f8ab3494000-7f8ab3495000 r--p 00015000 00:1cd9 4611686019135192570      /nix/store/gpxl5qgg8kicmcvivwmybwjlpf7wh20l-graalvm17-ce-22.3.0/lib/libnet.so
7f8ab3495000-7f8ab3496000 rw-p 00016000 00:1cd9 4611686019135192570      /nix/store/gpxl5qgg8kicmcvivwmybwjlpf7wh20l-graalvm17-ce-22.3.0/lib/libnet.so
7f8ab3496000-7f8ab3499000 rw-p 0001b000 00:1cd9 4611686019135192570      /nix/store/gpxl5qgg8kicmcvivwmybwjlpf7wh20l-graalvm17-ce-22.3.0/lib/libnet.so
7f8ab3499000-7f8ab34ac000 r-xp 00000000 00:1cd9 4611686019135192571      /nix/store/gpxl5qgg8kicmcvivwmybwjlpf7wh20l-graalvm17-ce-22.3.0/lib/libnio.so
7f8ab34ac000-7f8ab34ad000 r--p 00012000 00:1cd9 4611686019135192571      /nix/store/gpxl5qgg8kicmcvivwmybwjlpf7wh20l-graalvm17-ce-22.3.0/lib/libnio.so
7f8ab34ad000-7f8ab34ae000 rw-p 00013000 00:1cd9 4611686019135192571      /nix/store/gpxl5qgg8kicmcvivwmybwjlpf7wh20l-graalvm17-ce-22.3.0/lib/libnio.so
7f8ab34ae000-7f8ab34b3000 rw-p 00019000 00:1cd9 4611686019135192571      /nix/store/gpxl5qgg8kicmcvivwmybwjlpf7wh20l-graalvm17-ce-22.3.0/lib/libnio.so
7f8ab34b3000-7f8ab3723000 rwxp 00000000 00:00 0 
7f8ab3723000-7f8ab3a42000 ---p 00000000 00:00 0 
7f8ab3a42000-7f8ab4a32000 rwxp 00000000 00:00 0 
7f8ab4a32000-7f8abaf7a000 ---p 00000000 00:00 0 
7f8abaf7a000-7f8abb22a000 rwxp 00000000 00:00 0 
7f8abb22a000-7f8ac24b3000 ---p 00000000 00:00 0 
7f8ac24b3000-7f8acc000000 r--s 00000000 00:1cd9 4611686019135192581      /nix/store/gpxl5qgg8kicmcvivwmybwjlpf7wh20l-graalvm17-ce-22.3.0/lib/modules
7f8acc000000-7f8acc619000 rw-p 00000000 00:00 0 
7f8acc619000-7f8ad0000000 ---p 00000000 00:00 0 
7f8ad000c000-7f8ad0013000 r-xp 00000000 00:1cd9 4611686019135192580      /nix/store/gpxl5qgg8kicmcvivwmybwjlpf7wh20l-graalvm17-ce-22.3.0/lib/libzip.so
7f8ad0013000-7f8ad0014000 ---p 00007000 00:1cd9 4611686019135192580      /nix/store/gpxl5qgg8kicmcvivwmybwjlpf7wh20l-graalvm17-ce-22.3.0/lib/libzip.so
7f8ad0014000-7f8ad0015000 r--p 00007000 00:1cd9 4611686019135192580      /nix/store/gpxl5qgg8kicmcvivwmybwjlpf7wh20l-graalvm17-ce-22.3.0/lib/libzip.so
7f8ad0015000-7f8ad0016000 rw-p 00008000 00:1cd9 4611686019135192580      /nix/store/gpxl5qgg8kicmcvivwmybwjlpf7wh20l-graalvm17-ce-22.3.0/lib/libzip.so
7f8ad0016000-7f8ad0018000 rw-p 0000b000 00:1cd9 4611686019135192580      /nix/store/gpxl5qgg8kicmcvivwmybwjlpf7wh20l-graalvm17-ce-22.3.0/lib/libzip.so
7f8ad0018000-7f8ad0019000 ---p 00000000 00:00 0 
7f8ad0019000-7f8ad011a000 rw-p 00000000 00:00 0 
7f8ad011a000-7f8ad011e000 ---p 00000000 00:00 0 
7f8ad011e000-7f8ad021a000 rw-p 00000000 00:00 0 
7f8ad021a000-7f8ad021e000 ---p 00000000 00:00 0 
7f8ad021e000-7f8ad031a000 rw-p 00000000 00:00 0 
7f8ad031a000-7f8ad031e000 ---p 00000000 00:00 0 
7f8ad031e000-7f8ad041a000 rw-p 00000000 00:00 0 
7f8ad041a000-7f8ad041e000 ---p 00000000 00:00 0 
7f8ad041e000-7f8ad061a000 rw-p 00000000 00:00 0 
7f8ad061a000-7f8ad061e000 ---p 00000000 00:00 0 
7f8ad061e000-7f8ad081a000 rw-p 00000000 00:00 0 
7f8ad081a000-7f8ad081e000 ---p 00000000 00:00 0 
7f8ad081e000-7f8ad091a000 rw-p 00000000 00:00 0 
7f8ad091a000-7f8ad091e000 ---p 00000000 00:00 0 
7f8ad091e000-7f8ad0a1a000 rw-p 00000000 00:00 0 
7f8ad0a1a000-7f8ad0a1e000 ---p 00000000 00:00 0 
7f8ad0a1e000-7f8ad0b1a000 rw-p 00000000 00:00 0 
7f8ad0b1a000-7f8ad0e00000 r--p 00000000 00:1be7 28444448                 /usr/lib/locale/locale-archive
7f8ad0e00000-7f8ad0e04000 ---p 00000000 00:00 0 
7f8ad0e04000-7f8ad0f00000 rw-p 00000000 00:00 0 
7f8ad0f00000-7f8ad0f04000 ---p 00000000 00:00 0 
7f8ad0f04000-7f8ad1400000 rw-p 00000000 00:00 0 
7f8ad1400000-7f8ad1700000 rw-p 00000000 00:00 0 
7f8ad1700000-7f8ad1800000 rw-p 00000000 00:00 0 
7f8ad1802000-7f8ad1804000 r-xp 00000000 00:1cd9 4611686019135190017      /nix/store/gpxl5qgg8kicmcvivwmybwjlpf7wh20l-graalvm17-ce-22.3.0/lib/libextnet.so
7f8ad1804000-7f8ad1805000 r--p 00001000 00:1cd9 4611686019135190017      /nix/store/gpxl5qgg8kicmcvivwmybwjlpf7wh20l-graalvm17-ce-22.3.0/lib/libextnet.so
7f8ad1805000-7f8ad1806000 rw-p 00002000 00:1cd9 4611686019135190017      /nix/store/gpxl5qgg8kicmcvivwmybwjlpf7wh20l-graalvm17-ce-22.3.0/lib/libextnet.so
7f8ad1806000-7f8ad1807000 rw-p 00004000 00:1cd9 4611686019135190017      /nix/store/gpxl5qgg8kicmcvivwmybwjlpf7wh20l-graalvm17-ce-22.3.0/lib/libextnet.so
7f8ad1807000-7f8ad1808000 ---p 00000000 00:00 0 
7f8ad1808000-7f8ad1909000 rw-p 00000000 00:00 0 
7f8ad1909000-7f8ad19d7000 r-xp 00000000 00:1cd9 4611686019135190036      /nix/store/gpxl5qgg8kicmcvivwmybwjlpf7wh20l-graalvm17-ce-22.3.0/lib/libjsvml.so
7f8ad19d7000-7f8ad19d8000 r--p 000cd000 00:1cd9 4611686019135190036      /nix/store/gpxl5qgg8kicmcvivwmybwjlpf7wh20l-graalvm17-ce-22.3.0/lib/libjsvml.so
7f8ad19d8000-7f8ad19d9000 rw-p 000ce000 00:1cd9 4611686019135190036      /nix/store/gpxl5qgg8kicmcvivwmybwjlpf7wh20l-graalvm17-ce-22.3.0/lib/libjsvml.so
7f8ad19d9000-7f8ad32b1000 rw-p 00000000 00:00 0 
7f8ad32b1000-7f8ad32b2000 ---p 00000000 00:00 0 
7f8ad32b2000-7f8ad345d000 rw-p 00000000 00:00 0 
7f8ad345d000-7f8ad348b000 rw-p 00000000 00:00 0 
7f8ad348b000-7f8ad34b3000 ---p 00000000 00:00 0 
7f8ad34b3000-7f8ad34ba000 rw-p 00000000 00:00 0 
7f8ad34ba000-7f8ad359f000 ---p 00000000 00:00 0 
7f8ad359f000-7f8ad35bf000 rw-p 00000000 00:00 0 
7f8ad35bf000-7f8ad368a000 ---p 00000000 00:00 0 
7f8ad368a000-7f8ad368f000 rw-p 00000000 00:00 0 
7f8ad368f000-7f8ad3696000 ---p 00000000 00:00 0 
7f8ad3696000-7f8ad36ba000 r-xp 00000000 00:1cd9 4611686019135190028      /nix/store/gpxl5qgg8kicmcvivwmybwjlpf7wh20l-graalvm17-ce-22.3.0/lib/libjava.so
7f8ad36ba000-7f8ad36bb000 ---p 00024000 00:1cd9 4611686019135190028      /nix/store/gpxl5qgg8kicmcvivwmybwjlpf7wh20l-graalvm17-ce-22.3.0/lib/libjava.so
7f8ad36bb000-7f8ad36bc000 r--p 00024000 00:1cd9 4611686019135190028      /nix/store/gpxl5qgg8kicmcvivwmybwjlpf7wh20l-graalvm17-ce-22.3.0/lib/libjava.so
7f8ad36bc000-7f8ad36bd000 rw-p 00025000 00:1cd9 4611686019135190028      /nix/store/gpxl5qgg8kicmcvivwmybwjlpf7wh20l-graalvm17-ce-22.3.0/lib/libjava.so
7f8ad36bd000-7f8ad36be000 rw-p 00000000 00:00 0 
7f8ad36be000-7f8ad36c5000 rw-p 0002f000 00:1cd9 4611686019135190028      /nix/store/gpxl5qgg8kicmcvivwmybwjlpf7wh20l-graalvm17-ce-22.3.0/lib/libjava.so
7f8ad36c5000-7f8ad36cd000 rw-s 00000000 00:1be4 355                      /tmp/hsperfdata_runner/25
7f8ad36cd000-7f8ad36ce000 ---p 00000000 00:00 0 
7f8ad36ce000-7f8ad36cf000 r--p 00000000 00:00 0 
7f8ad36cf000-7f8ad36d0000 rwxp 00000000 00:00 0 
7f8ad36d0000-7f8ad36eb000 r-xp 00000000 00:1cd9 4611686019135190032      /nix/store/gpxl5qgg8kicmcvivwmybwjlpf7wh20l-graalvm17-ce-22.3.0/lib/libjimage.so
7f8ad36eb000-7f8ad36ec000 ---p 0001b000 00:1cd9 4611686019135190032      /nix/store/gpxl5qgg8kicmcvivwmybwjlpf7wh20l-graalvm17-ce-22.3.0/lib/libjimage.so
7f8ad36ec000-7f8ad36ee000 r--p 0001b000 00:1cd9 4611686019135190032      /nix/store/gpxl5qgg8kicmcvivwmybwjlpf7wh20l-graalvm17-ce-22.3.0/lib/libjimage.so
7f8ad36ee000-7f8ad36ef000 rw-p 0001d000 00:1cd9 4611686019135190032      /nix/store/gpxl5qgg8kicmcvivwmybwjlpf7wh20l-graalvm17-ce-22.3.0/lib/libjimage.so
7f8ad36ef000-7f8ad36f0000 rw-p 00024000 00:1cd9 4611686019135190032      /nix/store/gpxl5qgg8kicmcvivwmybwjlpf7wh20l-graalvm17-ce-22.3.0/lib/libjimage.so
7f8ad36f0000-7f8ad36f4000 ---p 00000000 00:00 0 
7f8ad36f4000-7f8ad37f0000 rw-p 00000000 00:00 0 
7f8ad37f0000-7f8ad37fe000 r--p 00000000 00:1cd9 4611686019027979927      /nix/store/4nlgxhb09sdr51nc9hdm8az5b08vzkgx-glibc-2.35-163/lib/libm.so.6
7f8ad37fe000-7f8ad3871000 r-xp 0000e000 00:1cd9 4611686019027979927      /nix/store/4nlgxhb09sdr51nc9hdm8az5b08vzkgx-glibc-2.35-163/lib/libm.so.6
7f8ad3871000-7f8ad38ce000 r--p 00081000 00:1cd9 4611686019027979927      /nix/store/4nlgxhb09sdr51nc9hdm8az5b08vzkgx-glibc-2.35-163/lib/libm.so.6
7f8ad38ce000-7f8ad38cf000 r--p 000dd000 00:1cd9 4611686019027979927      /nix/store/4nlgxhb09sdr51nc9hdm8az5b08vzkgx-glibc-2.35-163/lib/libm.so.6
7f8ad38cf000-7f8ad38d0000 rw-p 000de000 00:1cd9 4611686019027979927      /nix/store/4nlgxhb09sdr51nc9hdm8az5b08vzkgx-glibc-2.35-163/lib/libm.so.6
7f8ad38d0000-7f8ad38d1000 r--p 00000000 00:1cd9 4611686019027979946      /nix/store/4nlgxhb09sdr51nc9hdm8az5b08vzkgx-glibc-2.35-163/lib/librt.so.1
7f8ad38d1000-7f8ad38d2000 r-xp 00001000 00:1cd9 4611686019027979946      /nix/store/4nlgxhb09sdr51nc9hdm8az5b08vzkgx-glibc-2.35-163/lib/librt.so.1
7f8ad38d2000-7f8ad38d3000 r--p 00002000 00:1cd9 4611686019027979946      /nix/store/4nlgxhb09sdr51nc9hdm8az5b08vzkgx-glibc-2.35-163/lib/librt.so.1
7f8ad38d3000-7f8ad38d4000 r--p 00002000 00:1cd9 4611686019027979946      /nix/store/4nlgxhb09sdr51nc9hdm8az5b08vzkgx-glibc-2.35-163/lib/librt.so.1
7f8ad38d4000-7f8ad38d5000 rw-p 00003000 00:1cd9 4611686019027979946      /nix/store/4nlgxhb09sdr51nc9hdm8az5b08vzkgx-glibc-2.35-163/lib/librt.so.1
7f8ad38d5000-7f8ad49e8000 r-xp 00000000 00:1cd9 4611686019135360866      /nix/store/gpxl5qgg8kicmcvivwmybwjlpf7wh20l-graalvm17-ce-22.3.0/lib/server/libjvm.so
7f8ad49e8000-7f8ad49e9000 ---p 01113000 00:1cd9 4611686019135360866      /nix/store/gpxl5qgg8kicmcvivwmybwjlpf7wh20l-graalvm17-ce-22.3.0/lib/server/libjvm.so
7f8ad49e9000-7f8ad4a9e000 r--p 01113000 00:1cd9 4611686019135360866      /nix/store/gpxl5qgg8kicmcvivwmybwjlpf7wh20l-graalvm17-ce-22.3.0/lib/server/libjvm.so
7f8ad4a9e000-7f8ad4ad2000 rw-p 011c8000 00:1cd9 4611686019135360866      /nix/store/gpxl5qgg8kicmcvivwmybwjlpf7wh20l-graalvm17-ce-22.3.0/lib/server/libjvm.so
7f8ad4ad2000-7f8ad4b2e000 rw-p 00000000 00:00 0 
7f8ad4b2e000-7f8ad4b56000 r--p 00000000 00:1cd9 4611686019027979918      /nix/store/4nlgxhb09sdr51nc9hdm8az5b08vzkgx-glibc-2.35-163/lib/libc.so.6
7f8ad4b56000-7f8ad4ccc000 r-xp 00028000 00:1cd9 4611686019027979918      /nix/store/4nlgxhb09sdr51nc9hdm8az5b08vzkgx-glibc-2.35-163/lib/libc.so.6
7f8ad4ccc000-7f8ad4d24000 r--p 0019e000 00:1cd9 4611686019027979918      /nix/store/4nlgxhb09sdr51nc9hdm8az5b08vzkgx-glibc-2.35-163/lib/libc.so.6
7f8ad4d24000-7f8ad4d28000 r--p 001f6000 00:1cd9 4611686019027979918      /nix/store/4nlgxhb09sdr51nc9hdm8az5b08vzkgx-glibc-2.35-163/lib/libc.so.6
7f8ad4d28000-7f8ad4d2a000 rw-p 001fa000 00:1cd9 4611686019027979918      /nix/store/4nlgxhb09sdr51nc9hdm8az5b08vzkgx-glibc-2.35-163/lib/libc.so.6
7f8ad4d2a000-7f8ad4d39000 rw-p 00000000 00:00 0 
7f8ad4d39000-7f8ad4d3a000 r--p 00000000 00:1cd9 4611686019027979923      /nix/store/4nlgxhb09sdr51nc9hdm8az5b08vzkgx-glibc-2.35-163/lib/libdl.so.2
7f8ad4d3a000-7f8ad4d3b000 r-xp 00001000 00:1cd9 4611686019027979923      /nix/store/4nlgxhb09sdr51nc9hdm8az5b08vzkgx-glibc-2.35-163/lib/libdl.so.2
7f8ad4d3b000-7f8ad4d3c000 r--p 00002000 00:1cd9 4611686019027979923      /nix/store/4nlgxhb09sdr51nc9hdm8az5b08vzkgx-glibc-2.35-163/lib/libdl.so.2
7f8ad4d3c000-7f8ad4d3d000 r--p 00002000 00:1cd9 4611686019027979923      /nix/store/4nlgxhb09sdr51nc9hdm8az5b08vzkgx-glibc-2.35-163/lib/libdl.so.2
7f8ad4d3d000-7f8ad4d3e000 rw-p 00003000 00:1cd9 4611686019027979923      /nix/store/4nlgxhb09sdr51nc9hdm8az5b08vzkgx-glibc-2.35-163/lib/libdl.so.2
7f8ad4d3e000-7f8ad4d3f000 r--p 00000000 00:1cd9 4611686019027979942      /nix/store/4nlgxhb09sdr51nc9hdm8az5b08vzkgx-glibc-2.35-163/lib/libpthread.so.0
7f8ad4d3f000-7f8ad4d40000 r-xp 00001000 00:1cd9 4611686019027979942      /nix/store/4nlgxhb09sdr51nc9hdm8az5b08vzkgx-glibc-2.35-163/lib/libpthread.so.0
7f8ad4d40000-7f8ad4d41000 r--p 00002000 00:1cd9 4611686019027979942      /nix/store/4nlgxhb09sdr51nc9hdm8az5b08vzkgx-glibc-2.35-163/lib/libpthread.so.0
7f8ad4d41000-7f8ad4d42000 r--p 00002000 00:1cd9 4611686019027979942      /nix/store/4nlgxhb09sdr51nc9hdm8az5b08vzkgx-glibc-2.35-163/lib/libpthread.so.0
7f8ad4d42000-7f8ad4d43000 rw-p 00003000 00:1cd9 4611686019027979942      /nix/store/4nlgxhb09sdr51nc9hdm8az5b08vzkgx-glibc-2.35-163/lib/libpthread.so.0
7f8ad4d43000-7f8ad4d51000 r-xp 00000000 00:1cd9 4611686019135190033      /nix/store/gpxl5qgg8kicmcvivwmybwjlpf7wh20l-graalvm17-ce-22.3.0/lib/libjli.so
7f8ad4d51000-7f8ad4d52000 ---p 0000e000 00:1cd9 4611686019135190033      /nix/store/gpxl5qgg8kicmcvivwmybwjlpf7wh20l-graalvm17-ce-22.3.0/lib/libjli.so
7f8ad4d52000-7f8ad4d53000 r--p 0000e000 00:1cd9 4611686019135190033      /nix/store/gpxl5qgg8kicmcvivwmybwjlpf7wh20l-graalvm17-ce-22.3.0/lib/libjli.so
7f8ad4d53000-7f8ad4d54000 rw-p 0000f000 00:1cd9 4611686019135190033      /nix/store/gpxl5qgg8kicmcvivwmybwjlpf7wh20l-graalvm17-ce-22.3.0/lib/libjli.so
7f8ad4d54000-7f8ad4d55000 rw-p 00012000 00:1cd9 4611686019135190033      /nix/store/gpxl5qgg8kicmcvivwmybwjlpf7wh20l-graalvm17-ce-22.3.0/lib/libjli.so
7f8ad4d55000-7f8ad4d58000 r--p 00000000 00:1cd9 4611686019106210071      /nix/store/026hln0aq1hyshaxsdvhg0kmcm6yf45r-zlib-1.2.13/lib/libz.so.1.2.13
7f8ad4d58000-7f8ad4d6a000 r-xp 00003000 00:1cd9 4611686019106210071      /nix/store/026hln0aq1hyshaxsdvhg0kmcm6yf45r-zlib-1.2.13/lib/libz.so.1.2.13
7f8ad4d6a000-7f8ad4d71000 r--p 00015000 00:1cd9 4611686019106210071      /nix/store/026hln0aq1hyshaxsdvhg0kmcm6yf45r-zlib-1.2.13/lib/libz.so.1.2.13
7f8ad4d71000-7f8ad4d72000 r--p 0001b000 00:1cd9 4611686019106210071      /nix/store/026hln0aq1hyshaxsdvhg0kmcm6yf45r-zlib-1.2.13/lib/libz.so.1.2.13
7f8ad4d72000-7f8ad4d73000 rw-p 0001c000 00:1cd9 4611686019106210071      /nix/store/026hln0aq1hyshaxsdvhg0kmcm6yf45r-zlib-1.2.13/lib/libz.so.1.2.13
7f8ad4d73000-7f8ad4d75000 rw-p 00000000 00:00 0 
7f8ad4d75000-7f8ad4d77000 r--p 00000000 00:1cd9 4611686019027979912      /nix/store/4nlgxhb09sdr51nc9hdm8az5b08vzkgx-glibc-2.35-163/lib/ld-linux-x86-64.so.2
7f8ad4d77000-7f8ad4d9e000 r-xp 00002000 00:1cd9 4611686019027979912      /nix/store/4nlgxhb09sdr51nc9hdm8az5b08vzkgx-glibc-2.35-163/lib/ld-linux-x86-64.so.2
7f8ad4d9e000-7f8ad4daa000 r--p 00029000 00:1cd9 4611686019027979912      /nix/store/4nlgxhb09sdr51nc9hdm8az5b08vzkgx-glibc-2.35-163/lib/ld-linux-x86-64.so.2
7f8ad4daa000-7f8ad4dac000 r--p 00034000 00:1cd9 4611686019027979912      /nix/store/4nlgxhb09sdr51nc9hdm8az5b08vzkgx-glibc-2.35-163/lib/ld-linux-x86-64.so.2
7f8ad4dac000-7f8ad4dae000 rw-p 00036000 00:1cd9 4611686019027979912      /nix/store/4nlgxhb09sdr51nc9hdm8az5b08vzkgx-glibc-2.35-163/lib/ld-linux-x86-64.so.2
7ffe57ee5000-7ffe57f09000 rw-p 00000000 00:00 0                          [stack]
7ffe57fab000-7ffe57faf000 r--p 00000000 00:00 0                          [vvar]
7ffe57faf000-7ffe57fb1000 r-xp 00000000 00:00 0                          [vdso]
ffffffffff600000-ffffffffff601000 --xp 00000000 00:00 0                  [vsyscall]


VM Arguments:
jvm_args: -XX:ThreadPriorityPolicy=1 -XX:+UnlockExperimentalVMOptions -XX:+EnableJVMCIProduct -XX:JVMCIThreadsPerNativeLibraryRuntime=1 -XX:-UnlockExperimentalVMOptions -Declipse.application=org.eclipse.jdt.ls.core.id1 -Dosgi.bundles.defaultStartLevel=4 -Declipse.product=org.eclipse.jdt.ls.core.product -Dlog.level=ALL -Xverify:none -XX:+UseParallelGC -XX:GCTimeRatio=4 -XX:AdaptiveSizePolicyWeight=90 -Dsun.zip.disableMemoryMapping=true -Xmx512m -Xms100m 
java_command: /nix/store/m6gcpi1ii6rghy04cjwjddcavv7i90df-jdt-language-server-1.9.0/share/java/plugins/org.eclipse.equinox.launcher_1.6.400.v20210924-0641.jar --add-modules=ALL-SYSTEM --add-opens java.base/java.util=ALL-UNNAMED --add-opens java.base/java.lang=ALL-UNNAMED -configuration /home/runner/.cache/jdt-language-server/config -data /home/runner/.cache/jdt-language-server/data/home/runner/CPT
java_class_path (initial): /nix/store/m6gcpi1ii6rghy04cjwjddcavv7i90df-jdt-language-server-1.9.0/share/java/plugins/org.eclipse.equinox.launcher_1.6.400.v20210924-0641.jar
Launcher Type: SUN_STANDARD

[Global flags]
    uintx AdaptiveSizePolicyWeight                 = 90                                        {product} {command line}
     intx CICompilerCount                          = 2                                         {product} {ergonomic}
     bool EnableJVMCIProduct                       = true                                {JVMCI product} {jimage}
    uintx GCTimeRatio                              = 4                                         {product} {command line}
   size_t InitialHeapSize                          = 104857600                                 {product} {command line}
     uint JVMCIThreadsPerNativeLibraryRuntime      = 1                                   {JVMCI product} {jimage}
   size_t MaxHeapSize                              = 536870912                                 {product} {command line}
   size_t MaxNewSize                               = 178782208                                 {product} {ergonomic}
   size_t MinHeapDeltaBytes                        = 524288                                    {product} {ergonomic}
   size_t MinHeapSize                              = 104857600                                 {product} {command line}
   size_t NewSize                                  = 34603008                                  {product} {ergonomic}
    uintx NonNMethodCodeHeapSize                   = 5826188                                {pd product} {ergonomic}
    uintx NonProfiledCodeHeapSize                  = 122916026                              {pd product} {ergonomic}
   size_t OldSize                                  = 70254592                                  {product} {ergonomic}
    uintx ProfiledCodeHeapSize                     = 122916026                              {pd product} {ergonomic}
    uintx ReservedCodeCacheSize                    = 251658240                              {pd product} {ergonomic}
     bool SegmentedCodeCache                       = true                                      {product} {ergonomic}
   size_t SoftMaxHeapSize                          = 536870912                              {manageable} {ergonomic}
     intx ThreadPriorityPolicy                     = 1                                         {product} {jimage}
     bool UseCompressedClassPointers               = true                           {product lp64_product} {ergonomic}
     bool UseCompressedOops                        = true                           {product lp64_product} {ergonomic}
     bool UseParallelGC                            = true                                      {product} {command line}

Logging:
Log output configuration:
 #0: stdout all=warning uptime,level,tags
 #1: stderr all=off uptime,level,tags

Environment Variables:
JAVA_HOME=/nix/store/gpxl5qgg8kicmcvivwmybwjlpf7wh20l-graalvm17-ce-22.3.0
PATH=/nix/store/1d6ian3r8kdzspw8hacjhl3xkp40g1lj-binutils-wrapper-2.39/bin:/nix/store/dq0xwmsk1g0i2ayg6pb7y87na2knzylh-gcc-wrapper-11.3.0/bin:/nix/store/bap4d0lpcrhpwmpb8ayjcgkmvfj62lnq-bash-interactive-5.1-p16/bin:/nix/store/pr5n59mb4jzmfx6kanwxly0l07p861fg-patchelf-0.15.0/bin:/nix/store/1gf2flfqnpqbr1b4p4qz2f72y42bs56r-gcc-11.3.0/bin:/nix/store/57xv61c5zi8pphjbcwxxjlgc34p61ic9-glibc-2.35-163-bin/bin:/nix/store/a7gvj343m05j2s32xcnwr35v31ynlypr-coreutils-9.1/bin:/nix/store/039g378vc3pc3dvi9dzdlrd0i4q93qwf-binutils-2.39/bin:/nix/store/gpxl5qgg8kicmcvivwmybwjlpf7wh20l-graalvm17-ce-22.3.0/bin:/nix/store/6z9ag3ihc8mq2hzsw48lhbznvzny65nz-apache-maven-3.8.6/bin:/nix/store/m6gcpi1ii6rghy04cjwjddcavv7i90df-jdt-language-server-1.9.0/bin:/nix/store/84xs5alhs01zrbr4ywm05kxbjbp5590l-java-debug/bin:/nix/store/mydc6f4k2z73xlcz7ilif3v2lcaiqvza-findutils-4.9.0/bin:/nix/store/j9p3g8472iijd50vhdprx0nmk2fqn5gv-diffutils-3.8/bin:/nix/store/89zs7rms6x00xfq4dq6m7mjnhkr8a6r4-gnused-4.8/bin:/nix/store/86bp03jkmsl6f92w0yzg4s59g5mhxwmy-gnugrep-3.7/bin:/nix/store/hwcdqw4jrjnd37wxqgsd47hd0j8bnj09-gawk-5.1.1/bin:/nix/store/cfbhw8r8ags41vwqaz47r583d0p4h4a1-gnutar-1.34/bin:/nix/store/p3m1ndl1lapwrlh698bnb5lvvxh67378-gzip-1.12/bin:/nix/store/a8mhcagrsly7c7mpjrpsnaahk4aax056-bzip2-1.0.8-bin/bin:/nix/store/mblgz65m3zv9x548a3d5m96fj2pbwr09-gnumake-4.3/bin:/nix/store/dsd5gz46hdbdk2rfdimqddhq6m8m8fqs-bash-5.1-p16/bin:/nix/store/v7ljksji50mg3w61dykaa3n3y79n6nil-patch-2.7.6/bin:/nix/store/zlcnmqq14jz5x9439jf937mvayyl63da-xz-5.2.7-bin/bin:/nix/store/y6aj732zm9m87c82fpvf103a1xb22blp-file-5.43/bin:/nix/store/i4kzir3m7mrisxmf5xvlnkw01x4qaqr4-prybar-elisp-0.0.0-e0d9a52/bin:/nix/store/lwwivxf6h7x3cvxp9zv8sj0mv7dak99r-prybar-lua-0.0.0-e0d9a52/bin:/nix/store/gxj28g1cg4hq3qanmjv07156h800qr58-prybar-python3-0.0.0-e0d9a52/bin:/nix/store/hshkjnxrgidigf8x75vg6lqng2xlx9i3-prybar-sqlite-0.0.0-e0d9a52/bin:/nix/store/c4w01bpjgyy5ixmwdk8m1pw87zq4sl26-prybar-tcl-0.0.0-e0d9a52/bin:/nix/store/hpbvrlwd5viqmvcaisb3x0118i913a9n-st
LD_LIBRARY_PATH=/nix/store/a4pff549sk2idnkpzk5nsfps3mdkdnvm-cups-2.4.2-lib/lib:/nix/store/72mqxxhh3cy5yifh92wh2yb8cl2hikyy-cairo-1.16.0/lib:/nix/store/2k366jrbsra97gjfxwvrhvixjfxdach5-glib-2.74.1/lib:/nix/store/2j2znigd8ak37rlwh9khz0ry3clqlw1l-gtk+3-3.24.34/lib:/nix/store/hisqvx32cd57apbpcsnkpx6k3549wql1-libglvnd-1.4.0/lib:/nix/store/p36pgcv991mq5srvg765b78yqpxvk3qs-mesa-21.3.3-drivers/lib:/nix/store/mav4251if1ahjq5vkpwycyyvnmy459c4-pulseaudio-14.2/lib
DISPLAY=:0
LANG=en_US.UTF-8

Signal Handlers:
   SIGSEGV: crash_handler in libjvm.so, mask=11100100010111111101111111111110, flags=SA_RESTART|SA_SIGINFO
    SIGBUS: crash_handler in libjvm.so, mask=11100100010111111101111111111110, flags=SA_RESTART|SA_SIGINFO
    SIGFPE: crash_handler in libjvm.so, mask=11100100010111111101111111111110, flags=SA_RESTART|SA_SIGINFO
   SIGPIPE: IsolateEnterStub_IgnoreSIGPIPEStartupHook_noopSignalHandler_8f19bff2f35b5f630d83b364d6b2339320d4ec70_216e8361c6bc87a8f89f58cc10d3b2fd4415bf87 in libjvmcicompiler.so, mask=00000000000000000000000000000000, flags=SA_RESTART
  *** Handler was modified!
  *** Expected: javaSignalHandler in libjvm.so, mask=11100100110111111111111111111110, flags=SA_RESTART|SA_SIGINFO
   SIGXFSZ: javaSignalHandler in libjvm.so, mask=11100100010111111101111111111110, flags=SA_RESTART|SA_SIGINFO
    SIGILL: crash_handler in libjvm.so, mask=11100100010111111101111111111110, flags=SA_RESTART|SA_SIGINFO
   SIGUSR2: SR_handler in libjvm.so, mask=00000000000000000000000000000000, flags=SA_RESTART|SA_SIGINFO
    SIGHUP: UserHandler in libjvm.so, mask=11100100010111111101111111111110, flags=SA_RESTART|SA_SIGINFO
    SIGINT: UserHandler in libjvm.so, mask=11100100010111111101111111111110, flags=SA_RESTART|SA_SIGINFO
   SIGTERM: UserHandler in libjvm.so, mask=11100100010111111101111111111110, flags=SA_RESTART|SA_SIGINFO
   SIGQUIT: UserHandler in libjvm.so, mask=11100100010111111101111111111110, flags=SA_RESTART|SA_SIGINFO
  *** Handler was modified!
  *** Expected: javaSignalHandler in libjvm.so, mask=11100100110111111111111111111110, flags=SA_RESTART|SA_SIGINFO
   SIGTRAP: crash_handler in libjvm.so, mask=11100100010111111101111111111110, flags=SA_RESTART|SA_SIGINFO


---------------  S Y S T E M  ---------------

OS:
DISTRIB_ID=Ubuntu
DISTRIB_RELEASE=20.04
DISTRIB_CODENAME=focal
DISTRIB_DESCRIPTION="Ubuntu 20.04.2 LTS"
uname: Linux 5.19.0-1025-gcp #27~22.04.1-Ubuntu SMP Wed May 24 03:53:01 UTC 2023 x86_64
OS uptime: 0 days 2:31 hours
libc: glibc 2.35 NPTL 2.35 
rlimit (soft/hard): STACK 8192k/infinity , CORE infinity/infinity , NPROC infinity/infinity , NOFILE 5242/5242 , AS infinity/infinity , CPU infinity/infinity , DATA infinity/infinity , FSIZE infinity/infinity , MEMLOCK 8192k/8192k
load average: 10.58 14.12 13.70

/proc/meminfo:
MemTotal:       65852244 kB
MemFree:        14716380 kB
MemAvailable:   36599024 kB
Buffers:         2550912 kB
Cached:         18298412 kB
SwapCached:            0 kB
Active:          7872124 kB
Inactive:       39628324 kB
Active(anon):      17560 kB
Inactive(anon): 26221524 kB
Active(file):    7854564 kB
Inactive(file): 13406800 kB
Unevictable:       56748 kB
Mlocked:           56748 kB
SwapTotal:             0 kB
SwapFree:              0 kB
Zswap:                 0 kB
Zswapped:              0 kB
Dirty:              1028 kB
Writeback:           264 kB
AnonPages:      26201340 kB
Mapped:          1761060 kB
Shmem:             28376 kB
KReclaimable:    1347880 kB
Slab:            2422844 kB
SReclaimable:    1347880 kB
SUnreclaim:      1074964 kB
KernelStack:      473024 kB
PageTables:       261200 kB
NFS_Unstable:          0 kB
Bounce:                0 kB
WritebackTmp:          0 kB
CommitLimit:    32926120 kB
Committed_AS:   82833804 kB
VmallocTotal:   34359738367 kB
VmallocUsed:      514176 kB
VmallocChunk:          0 kB
Percpu:            54656 kB
HardwareCorrupted:     0 kB
AnonHugePages:   5758976 kB
ShmemHugePages:        0 kB
ShmemPmdMapped:        0 kB
FileHugePages:         0 kB
FilePmdMapped:         0 kB
HugePages_Total:       0
HugePages_Free:        0
HugePages_Rsvd:        0
HugePages_Surp:        0
Hugepagesize:       2048 kB
Hugetlb:               0 kB
DirectMap4k:     3545912 kB
DirectMap2M:    52025344 kB
DirectMap1G:    13631488 kB

/sys/kernel/mm/transparent_hugepage/enabled: always [madvise] never
/sys/kernel/mm/transparent_hugepage/defrag (defrag/compaction efforts parameter): always defer defer+madvise [madvise] never

Process Memory:
Virtual Size: 4855420K (peak: 4950844K)
Resident Set Size: 786112K (peak: 820424K) (anon: 588856K, file: 197256K, shmem: 0K)
Swapped out: 0K
C-Heap outstanding allocations: 44218K, retained: 13793K
glibc malloc tunables: (default)

/proc/sys/kernel/threads-max (system-wide limit on the number of threads): 514406
/proc/sys/vm/max_map_count (maximum number of memory map areas a process may have): 65530
/proc/sys/kernel/pid_max (system-wide limit on number of process identifiers): 4194304

container (cgroup) information:
container_type: cgroupv1
cpu_cpuset_cpus: 2-7
cpu_memory_nodes: 0
active_processor_count: 1
cpu_quota: 50000
cpu_period: 100000
cpu_shares: 512
memory_limit_in_bytes: 1048576 k
memory_and_swap_limit_in_bytes: 1048576 k
memory_soft_limit_in_bytes: 524288 k
memory_usage_in_bytes: 640264 k
memory_max_usage_in_bytes: 687736 k
maximum number of tasks: 1000
current number of tasks: 46

KVM virtualization detected
Steal ticks since vm start: 0
Steal ticks percentage since vm start:  0.000

CPU: total 8 (initial active 1) (8 cores per cpu, 2 threads per core) family 23 model 49 stepping 0 microcode 0xffffffff, cx8, cmov, fxsr, ht, mmx, 3dnowpref, sse, sse2, sse3, ssse3, sse4a, sse4.1, sse4.2, popcnt, lzcnt, tsc, tscinvbit, avx, avx2, aes, clmul, bmi1, bmi2, adx, sha, fma, vzeroupper, clflush, clflushopt, hv
CPU Model and flags from /proc/cpuinfo:
model name	: AMD EPYC 7B12
flags		: fpu vme de pse tsc msr pae mce cx8 apic sep mtrr pge mca cmov pat pse36 clflush mmx fxsr sse sse2 ht syscall nx mmxext fxsr_opt pdpe1gb rdtscp lm constant_tsc rep_good nopl nonstop_tsc cpuid extd_apicid tsc_known_freq pni pclmulqdq ssse3 fma cx16 sse4_1 sse4_2 movbe popcnt aes xsave avx f16c rdrand hypervisor lahf_lm cmp_legacy cr8_legacy abm sse4a misalignsse 3dnowprefetch osvw topoext ssbd ibrs ibpb stibp vmmcall fsgsbase tsc_adjust bmi1 avx2 smep bmi2 rdseed adx smap clflushopt clwb sha_ni xsaveopt xsavec xgetbv1 clzero xsaveerptr arat npt nrip_save umip rdpid

Online cpus: 0-7
Offline cpus: 
BIOS frequency limitation: <Not Available>
Frequency switch latency (ns): <Not Available>
Available cpu frequencies: <Not Available>
Current governor: <Not Available>
Core performance/turbo boost: <Not Available>

Memory: 4k page, physical 1048576k(408300k free), swap 0k(0k free)
Page Sizes: 4k

vm_info: OpenJDK 64-Bit Server VM (17.0.5+8-jvmci-22.3-b08) for linux-amd64 JRE (17.0.5+8-jvmci-22.3-b08), built on Oct 19 2022 09:01:27 by "buildslave" with gcc 10.3.0

END.
