#
# A fatal error has been detected by the Java Runtime Environment:
#
#  Internal Error (jvmciRuntime.cpp:1609), pid=501, tid=515
#  fatal error: Fatal exception in JVMCI: Error calling jdk.vm.ci.services.Services.serializeSavedProperties
#
# JRE version: OpenJDK Runtime Environment GraalVM CE 22.3.0 (17.0.5+8) (build 17.0.5+8-jvmci-22.3-b08)
# Java VM: OpenJDK 64-Bit Server VM GraalVM CE 22.3.0 (17.0.5+8-jvmci-22.3-b08, mixed mode, sharing, tiered, jvmci, jvmci compiler, compressed oops, compressed class ptrs, parallel gc, linux-amd64)
# Problematic frame:
# V  [libjvm.so+0x972714]  JVMCIRuntime::fatal_exception(JVMCIEnv*, char const*)+0x74
#
# Core dump will be written. Default location: Core dumps may be processed with "/usr/share/apport/apport -p%p -s%s -c%c -d%d -P%P -u%u -g%g -- %E" (or dumping to /home/runner/CPT/core.501)
#
# If you would like to submit a bug report, please visit:
#   https://github.com/oracle/graal/issues
#

---------------  S U M M A R Y ------------

Command Line: -XX:ThreadPriorityPolicy=1 -XX:+UnlockExperimentalVMOptions -XX:+EnableJVMCIProduct -XX:JVMCIThreadsPerNativeLibraryRuntime=1 -XX:-UnlockExperimentalVMOptions -Declipse.application=org.eclipse.jdt.ls.core.id1 -Dosgi.bundles.defaultStartLevel=4 -Declipse.product=org.eclipse.jdt.ls.core.product -Dlog.level=ALL -Xverify:none -XX:+UseParallelGC -XX:GCTimeRatio=4 -XX:AdaptiveSizePolicyWeight=90 -Dsun.zip.disableMemoryMapping=true -Xmx512m -Xms100m /nix/store/m6gcpi1ii6rghy04cjwjddcavv7i90df-jdt-language-server-1.9.0/share/java/plugins/org.eclipse.equinox.launcher_1.6.400.v20210924-0641.jar --add-modules=ALL-SYSTEM --add-opens java.base/java.util=ALL-UNNAMED --add-opens java.base/java.lang=ALL-UNNAMED -configuration /home/runner/.cache/jdt-language-server/config -data /home/runner/.cache/jdt-language-server/data/home/runner/CPT

Host: AMD EPYC 7B12, 8 cores, 1G, Ubuntu 20.04.2 LTS
Time: Thu May 25 17:57:35 2023 UTC elapsed time: 1076.573071 seconds (0d 0h 17m 56s)

---------------  T H R E A D  ---------------

Current thread (0x00007f98480b21b0):  JavaThread "JVMCI-native CompilerThread0" daemon [_thread_in_vm, id=515, stack(0x00007f982ca1a000,0x00007f982cc1a000)]


Current CompileTask:
JVMCI-native:1076573 10070       4       java.util.concurrent.locks.AbstractQueuedSynchronizer::release (19 bytes)

Stack: [0x00007f982ca1a000,0x00007f982cc1a000],  sp=0x00007f982cc18380,  free space=2040k
Native frames: (J=compiled Java code, j=interpreted, Vv=VM code, C=native code)
V  [libjvm.so+0x972714]  JVMCIRuntime::fatal_exception(JVMCIEnv*, char const*)+0x74
V  [libjvm.so+0x93e2fe]  JVMCIEnv::copy_saved_properties()+0x14e
V  [libjvm.so+0x9732a9]  JVMCIRuntime::initialize(JVMCIEnv*)+0xb19
V  [libjvm.so+0x9738a2]  JVMCIRuntime::get_HotSpotJVMCIRuntime(JVMCIEnv*)+0x12
V  [libjvm.so+0x9749f2]  JVMCIRuntime::compile_method(JVMCIEnv*, JVMCICompiler*, methodHandle const&, int)+0xd2
V  [libjvm.so+0x5b0d20]  CompileBroker::invoke_compiler_on_method(CompileTask*)+0x1470
V  [libjvm.so+0x5b12e8]  CompileBroker::compiler_thread_loop()+0x528
V  [libjvm.so+0xd82460]  JavaThread::thread_main_inner()+0xd0
V  [libjvm.so+0xd85a40]  Thread::call_run()+0xc0
V  [libjvm.so+0xbdb1e1]  thread_native_entry(Thread*)+0xe1

Register to memory mapping:

RAX=0x00007f984c74d000 points into unknown readable memory: 0x0000000000000058 | 58 00 00 00 00 00 00 00
RBX=0x00007f984d848398: <offset 0x0000000000ef5398> in /nix/store/gpxl5qgg8kicmcvivwmybwjlpf7wh20l-graalvm17-ce-22.3.0/lib/server/libjvm.so at 0x00007f984c953000
RCX=0x00007f984d8001e8: <offset 0x0000000000ead1e8> in /nix/store/gpxl5qgg8kicmcvivwmybwjlpf7wh20l-graalvm17-ce-22.3.0/lib/server/libjvm.so at 0x00007f984c953000
RDX=0x0000000000000649 is an unknown value
RSP=0x00007f982cc18380 is pointing into the stack for thread: 0x00007f98480b21b0
RBP=0x00007f982cc183a0 is pointing into the stack for thread: 0x00007f98480b21b0
RSI=0x00007f984d848c48: <offset 0x0000000000ef5c48> in /nix/store/gpxl5qgg8kicmcvivwmybwjlpf7wh20l-graalvm17-ce-22.3.0/lib/server/libjvm.so at 0x00007f984c953000
RDI=0x00000000e0000000 is an oop: [B 
{0x00000000e0000000} - klass: {type array byte}
 - length: 68
R8 =0x00007f984d848398: <offset 0x0000000000ef5398> in /nix/store/gpxl5qgg8kicmcvivwmybwjlpf7wh20l-graalvm17-ce-22.3.0/lib/server/libjvm.so at 0x00007f984c953000
R9 =0x00007f982cc18330 is pointing into the stack for thread: 0x00007f98480b21b0
R10=0x00007f982cc19948 is pointing into the stack for thread: 0x00007f98480b21b0
R11=0x0000000000000293 is an unknown value
R12=0x0 is NULL
R13=0x00007f98480b21b0 is a thread
R14=0x00007f9848000b80 points into unknown readable memory: 0x00007f984da79a38 | 38 9a a7 4d 98 7f 00 00
R15=0x00007f984db87e40: <offset 0x0000000001234e40> in /nix/store/gpxl5qgg8kicmcvivwmybwjlpf7wh20l-graalvm17-ce-22.3.0/lib/server/libjvm.so at 0x00007f984c953000


Registers:
RAX=0x00007f984c74d000, RBX=0x00007f984d848398, RCX=0x00007f984d8001e8, RDX=0x0000000000000649
RSP=0x00007f982cc18380, RBP=0x00007f982cc183a0, RSI=0x00007f984d848c48, RDI=0x00000000e0000000
R8 =0x00007f984d848398, R9 =0x00007f982cc18330, R10=0x00007f982cc19948, R11=0x0000000000000293
R12=0x0000000000000000, R13=0x00007f98480b21b0, R14=0x00007f9848000b80, R15=0x00007f984db87e40
RIP=0x00007f984d2c5714, EFLAGS=0x0000000000010206, CSGSFS=0x002b000000000033, ERR=0x0000000000000006
  TRAPNO=0x000000000000000e

Top of Stack: (sp=0x00007f982cc18380)
0x00007f982cc18380:   00007f982cc18940 00007f98480b21b0
0x00007f982cc18390:   00007f984c0df328 0000000800c419d8
0x00007f982cc183a0:   00007f982cc18500 00007f984d2912fe
0x00007f982cc183b0:   00007f982cc183e0 00007f982cc18440 

Instructions: (pc=0x00007f984d2c5714)
0x00007f984d2c5614:   30 e8 f6 cf e8 ff 4c 89 e7 e8 2e 48 d1 ff 84 db
0x00007f984d2c5624:   75 2a 4d 85 ed 74 04 4d 8b 6d 00 48 83 c4 08 44
0x00007f984d2c5634:   89 f9 4c 89 f2 4c 89 ee 5b 4c 89 e7 41 5c 41 5d
0x00007f984d2c5644:   41 5e 41 5f 5d e9 e2 47 d1 ff 66 90 48 83 c4 08
0x00007f984d2c5654:   5b 41 5c 41 5d 41 5e 41 5f 5d c3 90 31 d2 be 08
0x00007f984d2c5664:   00 00 00 4c 89 ff e8 b1 78 a3 ff 49 89 c5 e9 37
0x00007f984d2c5674:   ff ff ff 66 0f 1f 84 00 00 00 00 00 48 8b 7a 08
0x00007f984d2c5684:   e9 6d ff ff ff 0f 1f 80 00 00 00 00 e8 5b 48 0a
0x00007f984d2c5694:   00 84 c0 75 89 e9 6a ff ff ff 66 90 55 48 89 e5
0x00007f984d2c56a4:   41 56 41 55 41 54 49 89 fc 53 48 89 f3 66 48 8d
0x00007f984d2c56b4:   3d 27 5e 85 00 66 66 48 e8 df 43 8d ff 4c 8b 28
0x00007f984d2c56c4:   8b 05 be 72 8a 00 85 c0 75 14 ba 01 00 00 00 48
0x00007f984d2c56d4:   8d 0d ae 72 8a 00 f0 0f b1 11 85 c0 74 4e be c8
0x00007f984d2c56e4:   00 00 00 4c 89 ef e8 01 0b 41 00 48 8d 05 12 ac
0x00007f984d2c56f4:   85 00 49 89 d8 48 8d 0d e8 aa 53 00 ba 49 06 00
0x00007f984d2c5704:   00 48 8d 35 3c 35 58 00 bf 00 00 00 e0 48 8b 00
0x00007f984d2c5714:   c6 00 58 31 c0 e8 e2 91 c6 ff 5b 41 5c 41 5d 41
0x00007f984d2c5724:   5e 5d e9 55 34 26 00 0f 1f 44 00 00 48 8d 05 81
0x00007f984d2c5734:   a3 8b 00 48 89 df 4c 8b 30 e8 9e 43 8d ff 48 89
0x00007f984d2c5744:   de 48 89 c2 49 8b 06 4c 89 f7 ff 50 08 4c 89 f7
0x00007f984d2c5754:   e8 a7 5c 27 00 4d 85 e4 74 12 be 01 00 00 00 4c
0x00007f984d2c5764:   89 e7 e8 35 43 fc ff eb 82 0f 1f 00 be 01 00 00
0x00007f984d2c5774:   00 4c 89 ef e8 d3 fd ff ff e9 6d ff ff ff 66 66
0x00007f984d2c5784:   2e 0f 1f 84 00 00 00 00 00 0f 1f 00 55 48 89 e5
0x00007f984d2c5794:   41 57 41 56 41 55 41 54 53 48 81 ec 08 02 00 00
0x00007f984d2c57a4:   64 48 8b 04 25 28 00 00 00 48 89 45 c8 8b 07 83
0x00007f984d2c57b4:   f8 02 0f 84 11 04 00 00 4c 8b 6f 18 49 89 ff 49
0x00007f984d2c57c4:   89 f4 4d 85 ed 74 14 4c 89 ef e8 5d 57 22 00 41
0x00007f984d2c57d4:   8b 07 83 f8 02 0f 84 19 04 00 00 48 8d 1d 9a 06
0x00007f984d2c57e4:   8a 00 4c 8d 35 0b 3c 58 00 eb 38 90 48 85 d2 7f
0x00007f984d2c57f4:   0d 48 8d 05 b4 c0 85 00 48 83 38 00 7e 0e 41 8b
0x00007f984d2c5804:   77 2c 4c 89 f7 31 c0 e8 a0 b2 f7 ff 49 8b 7f 18 


Stack slot to memory mapping:
stack at sp + 0 slots: 0x00007f982cc18940 is pointing into the stack for thread: 0x00007f98480b21b0
stack at sp + 1 slots: 0x00007f98480b21b0 is a thread
stack at sp + 2 slots: 0x00007f984c0df328 points into unknown readable memory: 0x6573001845ceffff | ff ff ce 45 18 00 73 65
stack at sp + 3 slots: 0x0000000800c419d8 is a pointer to class: 
jdk.vm.ci.services.Services {0x0000000800c419d8}
 - instance size:     2
 - klass size:        65
 - access:            public final synchronized 
 - state:             fully_initialized
 - name:              'jdk/vm/ci/services/Services'
 - super:             'java/lang/Object'
 - sub:               
 - arrays:            NULL
 - methods:           Array<T>(0x00007f982d44a840)
 - method ordering:   Array<T>(0x0000000800928960)
 - default_methods:   Array<T>(0x0000000000000000)
 - local interfaces:  Array<T>(0x00000008005ce810)
 - trans. interfaces: Array<T>(0x00000008005ce810)
 - constants:         constant pool [427] {0x00007f982d449920} for 'jdk/vm/ci/services/Services' cache=0x00007f982d44bb10
 - class loader data:  loader data: 0x00007f98480283d0 of 'bootstrap'
 - source file:       'Services.java'
 - class annotations:       Array<T>(0x0000000000000000)
 - class type annotations:  Array<T>(0x0000000000000000)
 - field annotations:       Array<T>(0x0000000000000000)
 - field type annotations:  Array<T>(0x0000000000000000)
 - inner classes:     Array<T>(0x00007f982d44bae0)
 - nest members:     Array<T>(0x00007f982d44bb00)
 - permitted subclasses:     Array<T>(0x00000008005ce7a0)
 - java mirror:       a 'java/lang/Class'{0x00000000e02ac2e0} = 'jdk/vm/ci/services/Services'
 - vtable length      5  (start addr: 0x0000000800c41ba8)
 - itable length      2 (start addr: 0x0000000800c41bd0)
 - ---- static fields (3 words):
 - public static final 'IS_BUILDING_NATIVE_IMAGE' 'Z' @128 
 - public static final 'IS_IN_NATIVE_IMAGE' 'Z' @129 
 - private static volatile 'savedProperties' 'Ljava/util/Map;' @112 
 - static final 'JVMCI_ENABLED' 'Z' @130 
 - private static final 'servicesCache' 'Ljava/util/Map;' @116 
 - private static final 'MAX_UNICODE_IN_UTF8_LENGTH' 'I' @120 
 - private static final 'MAX_UTF8_PROPERTY_STRING_LENGTH' 'I' @124 
 - ---- non-static fields (0 words):
 - non-static oop maps: 
stack at sp + 4 slots: 0x00007f982cc18500 is pointing into the stack for thread: 0x00007f98480b21b0
stack at sp + 5 slots: 0x00007f984d2912fe: <offset 0x000000000093e2fe> in /nix/store/gpxl5qgg8kicmcvivwmybwjlpf7wh20l-graalvm17-ce-22.3.0/lib/server/libjvm.so at 0x00007f984c953000
stack at sp + 6 slots: 0x00007f982cc183e0 is pointing into the stack for thread: 0x00007f98480b21b0
stack at sp + 7 slots: 0x00007f982cc18440 is pointing into the stack for thread: 0x00007f98480b21b0


---------------  P R O C E S S  ---------------

Threads class SMR info:
_java_thread_list=0x00007f97a40028d0, length=31, elements={
0x00007f9848026670, 0x00007f98480a64b0, 0x00007f98480a78f0, 0x00007f98480ae020,
0x00007f98480af3d0, 0x00007f98480b07c0, 0x00007f98480b21b0, 0x00007f98480b36c0,
0x00007f98480b4b10, 0x00007f98480dfbf0, 0x00007f9848127b00, 0x00007f98483360c0,
0x00007f984837e220, 0x00007f9848380db0, 0x00007f97dc02c060, 0x00007f97dc4ac460,
0x00007f97d0000ff0, 0x00007f97dc6d0e10, 0x00007f97dc883bc0, 0x00007f9848240f10,
0x00007f9848443230, 0x00007f97cc24bbd0, 0x00007f97a4002ee0, 0x00007f97d414a470,
0x00007f97d41752e0, 0x00007f97d4179750, 0x00007f97d4154090, 0x00007f97d4177190,
0x00007f97d4156ae0, 0x00007f97d414f840, 0x00007f97a4009290
}

Java Threads: ( => current thread )
  0x00007f9848026670 JavaThread "main" [_thread_blocked, id=507, stack(0x00007f984c76e000,0x00007f984c86e000)]
  0x00007f98480a64b0 JavaThread "Reference Handler" daemon [_thread_blocked, id=510, stack(0x00007f982d300000,0x00007f982d400000)]
  0x00007f98480a78f0 JavaThread "Finalizer" daemon [_thread_blocked, id=511, stack(0x00007f982d200000,0x00007f982d300000)]
  0x00007f98480ae020 JavaThread "Signal Dispatcher" daemon [_thread_blocked, id=512, stack(0x00007f982ce1a000,0x00007f982cf1a000)]
  0x00007f98480af3d0 JavaThread "Service Thread" daemon [_thread_blocked, id=513, stack(0x00007f982cd1a000,0x00007f982ce1a000)]
  0x00007f98480b07c0 JavaThread "Monitor Deflation Thread" daemon [_thread_blocked, id=514, stack(0x00007f982cc1a000,0x00007f982cd1a000)]
=>0x00007f98480b21b0 JavaThread "JVMCI-native CompilerThread0" daemon [_thread_in_vm, id=515, stack(0x00007f982ca1a000,0x00007f982cc1a000)]
  0x00007f98480b36c0 JavaThread "C1 CompilerThread0" daemon [_thread_blocked, id=516, stack(0x00007f982c81a000,0x00007f982ca1a000)]
  0x00007f98480b4b10 JavaThread "Sweeper thread" daemon [_thread_blocked, id=517, stack(0x00007f982c71a000,0x00007f982c81a000)]
  0x00007f98480dfbf0 JavaThread "Common-Cleaner" daemon [_thread_blocked, id=518, stack(0x00007f982c61a000,0x00007f982c71a000)]
  0x00007f9848127b00 JavaThread "Notification Thread" daemon [_thread_blocked, id=519, stack(0x00007f982c51a000,0x00007f982c61a000)]
  0x00007f98483360c0 JavaThread "Active Thread: Equinox Container: 8711bfe8-988e-4fe9-9570-1ccc52e86d53" [_thread_blocked, id=540, stack(0x00007f982c200000,0x00007f982c300000)]
  0x00007f984837e220 JavaThread "Framework Event Dispatcher: Equinox Container: 8711bfe8-988e-4fe9-9570-1ccc52e86d53" daemon [_thread_blocked, id=541, stack(0x00007f982c000000,0x00007f982c100000)]
  0x00007f9848380db0 JavaThread "Start Level: Equinox Container: 8711bfe8-988e-4fe9-9570-1ccc52e86d53" daemon [_thread_blocked, id=542, stack(0x00007f97f4900000,0x00007f97f4a00000)]
  0x00007f97dc02c060 JavaThread "SCR Component Actor" daemon [_thread_blocked, id=543, stack(0x00007f97f4700000,0x00007f97f4800000)]
  0x00007f97dc4ac460 JavaThread "Worker-JM" [_thread_blocked, id=562, stack(0x00007f97f4300000,0x00007f97f4400000)]
  0x00007f97d0000ff0 JavaThread "Worker-2: Java indexing... " [_thread_blocked, id=573, stack(0x00007f97f3d00000,0x00007f97f3e00000)]
  0x00007f97dc6d0e10 JavaThread "Java indexing" daemon [_thread_blocked, id=581, stack(0x00007f97f3b00000,0x00007f97f3c00000)]
  0x00007f97dc883bc0 JavaThread "Bundle File Closer" daemon [_thread_blocked, id=583, stack(0x00007f97f3900000,0x00007f97f3a00000)]
  0x00007f9848240f10 JavaThread "pool-3-thread-1" [_thread_blocked, id=595, stack(0x00007f97f3700000,0x00007f97f3800000)]
  0x00007f9848443230 JavaThread "pool-2-thread-1" [_thread_in_native, id=602, stack(0x00007f97f4500000,0x00007f97f4600000)]
  0x00007f97cc24bbd0 JavaThread "Worker-4: Periodic workspace save." [_thread_blocked, id=671, stack(0x00007f97f3300000,0x00007f97f3400000)]
  0x00007f97a4002ee0 JavaThread "Worker-5: Compacting resource model" [_thread_blocked, id=1321, stack(0x00007f982c318000,0x00007f982c418000)]
  0x00007f97d414a470 JavaThread "Thread-23" [_thread_blocked, id=1543, stack(0x00007f97f3100000,0x00007f97f3200000)]
  0x00007f97d41752e0 JavaThread "Thread-27" [_thread_blocked, id=1619, stack(0x00007f982c100000,0x00007f982c200000)]
  0x00007f97d4179750 JavaThread "Thread-35" [_thread_blocked, id=1634, stack(0x00007f97f5300000,0x00007f97f5400000)]
  0x00007f97d4154090 JavaThread "Thread-37" [_thread_blocked, id=1637, stack(0x00007f97f5100000,0x00007f97f5200000)]
  0x00007f97d4177190 JavaThread "Thread-46" [_thread_blocked, id=2383, stack(0x00007f97f3500000,0x00007f97f3600000)]
  0x00007f97d4156ae0 JavaThread "Thread-47" [_thread_blocked, id=2384, stack(0x00007f97f4100000,0x00007f97f4200000)]
  0x00007f97d414f840 JavaThread "Thread-48" [_thread_blocked, id=2385, stack(0x00007f97f3f00000,0x00007f97f4000000)]
  0x00007f97a4009290 JavaThread "Worker-6" [_thread_blocked, id=2485, stack(0x00007f97f5b00000,0x00007f97f5c00000)]

Other Threads:
  0x00007f98480a1bf0 VMThread "VM Thread" [stack: 0x00007f982dcdd000,0x00007f982dddd000] [id=509] _threads_hazard_ptr=0x00007f97a40028d0
  0x00007f98481294a0 WatcherThread [stack: 0x00007f982c41a000,0x00007f982c51a000] [id=520]
  0x00007f984803df10 GCTaskThread "GC Thread#0" [stack: 0x00007f984c331000,0x00007f984c431000] [id=508]

Threads with active compile tasks:
JVMCI-native CompilerThread0  1076646 10070       4       java.util.concurrent.locks.AbstractQueuedSynchronizer::release (19 bytes)

VM state: synchronizing (normal execution)

VM Mutex/Monitor currently owned by a thread:  ([mutex/lock_event])
[0x00007f9848023820] Threads_lock - owner thread: 0x00007f98480a1bf0
[0x00007f9848023fd0] Heap_lock - owner thread: 0x00007f97d4177190

OutOfMemory and StackOverflow Exception counts:
OutOfMemoryError java_heap_errors=3
LinkageErrors=55

Heap address: 0x00000000e0000000, size: 512 MB, Compressed Oops mode: 32-bit

CDS archive(s) mapped at: [0x0000000800000000-0x0000000800bc8000-0x0000000800bc8000), size 12353536, SharedBaseAddress: 0x0000000800000000, ArchiveRelocationMode: 0.
Compressed class space mapped at: 0x0000000800c00000-0x0000000840c00000, reserved size: 1073741824
Narrow klass base: 0x0000000800000000, Narrow klass shift: 0, Narrow klass range: 0x100000000

GC Precious Log:
 CPUs: 8 total, 1 available
 Memory: 1024M
 Large Page Support: Disabled
 NUMA Support: Disabled
 Compressed Oops: Enabled (32-bit)
 Alignments: Space 512K, Generation 512K, Heap 2M
 Heap Min Capacity: 100M
 Heap Initial Capacity: 100M
 Heap Max Capacity: 512M
 Pre-touch: Disabled
 Parallel Workers: 1

Heap:
 PSYoungGen      total 52224K, used 29183K [0x00000000f5580000, 0x00000000fa280000, 0x0000000100000000)
  eden space 29184K, 99% used [0x00000000f5580000,0x00000000f71ffff0,0x00000000f7200000)
  from space 23040K, 0% used [0x00000000f8c00000,0x00000000f8c00000,0x00000000fa280000)
  to   space 18432K, 0% used [0x00000000f7200000,0x00000000f7200000,0x00000000f8400000)
 ParOldGen       total 349696K, used 349695K [0x00000000e0000000, 0x00000000f5580000, 0x00000000f5580000)
  object space 349696K, 99% used [0x00000000e0000000,0x00000000f557fff0,0x00000000f5580000)
 Metaspace       used 56585K, committed 57600K, reserved 1105920K
  class space    used 5329K, committed 5760K, reserved 1048576K

Card table byte_map: [0x00007f984c431000,0x00007f984c532000] _byte_map_base: 0x00007f984bd31000

Marking Bits: (ParMarkBitMap*) 0x00007f984db814c0
 Begin Bits: [0x00007f982e4b3000, 0x00007f982ecb3000)
 End Bits:   [0x00007f982ecb3000, 0x00007f982f4b3000)

Polling page: 0x00007f984c74b000

Metaspace:

Usage:
  Non-class:     50.06 MB used.
      Class:      5.20 MB used.
       Both:     55.26 MB used.

Virtual space:
  Non-class space:       56.00 MB reserved,      50.62 MB ( 90%) committed,  7 nodes.
      Class space:        1.00 GB reserved,       5.62 MB ( <1%) committed,  1 nodes.
             Both:        1.05 GB reserved,      56.25 MB (  5%) committed. 

Chunk freelists:
   Non-Class:  1.36 MB
       Class:  2.36 MB
        Both:  3.71 MB

MaxMetaspaceSize: unlimited
CompressedClassSpaceSize: 1.00 GB
Initial GC threshold: 21.00 MB
Current GC threshold: 93.75 MB
CDS: on
MetaspaceReclaimPolicy: balanced
 - commit_granule_bytes: 65536.
 - commit_granule_words: 8192.
 - virtual_space_node_default_size: 1048576.
 - enlarge_chunks_in_place: 1.
 - new_chunks_are_fully_committed: 0.
 - uncommit_free_chunks: 1.
 - use_allocation_guard: 0.
 - handle_deallocations: 1.


Internal statistics:

num_allocs_failed_limit: 6.
num_arena_births: 476.
num_arena_deaths: 136.
num_vsnodes_births: 8.
num_vsnodes_deaths: 0.
num_space_committed: 897.
num_space_uncommitted: 0.
num_chunks_returned_to_freelist: 191.
num_chunks_taken_from_freelist: 2873.
num_chunk_merges: 83.
num_chunk_splits: 1850.
num_chunks_enlarged: 1142.
num_purges: 8.
num_inconsistent_stats: 0.

CodeHeap 'non-profiled nmethods': size=120036Kb used=2851Kb max_used=2851Kb free=117184Kb
 bounds [0x00007f9836f7a000, 0x00007f983724a000, 0x00007f983e4b3000]
CodeHeap 'profiled nmethods': size=120032Kb used=16724Kb max_used=16724Kb free=103307Kb
 bounds [0x00007f982fa42000, 0x00007f9830aa2000, 0x00007f9836f7a000]
CodeHeap 'non-nmethods': size=5692Kb used=1380Kb max_used=1381Kb free=4311Kb
 bounds [0x00007f982f4b3000, 0x00007f982f723000, 0x00007f982fa42000]
 total_blobs=8507 nmethods=7788 adapters=585
 compilation: enabled
              stopped_count=0, restarted_count=0
 full_count=0

JVMCI Events (20 events):
Event: 827.563 Thread 0x00007f98480b21b0 compacted oop handles in JVMCI runtime 0 from 50 to 50
Event: 827.563 Thread 0x00007f98480b21b0 releasing handles for JVMCI runtime 0: oop handles=50, metadata handles={total=96, live=91, blocks=35}
Event: 827.563 Thread 0x00007f98480b21b0 detached from JVMCI runtime 0
Event: 951.351 Thread 0x00007f98480b21b0 attached to JVMCI runtime 0
Event: 951.352 Thread 0x00007f98480b21b0 created JavaVM[10]@0x00007f97f2b9e340 for JVMCI runtime 0
Event: 951.352 Thread 0x00007f98480b21b0 initializing JVMCI runtime 0
Event: 951.352 Thread 0x00007f98480b21b0 done waiting for JavaVM references initialization in JVMCI runtime 0
Event: 981.192 Thread 0x00007f98480b21b0 initialized JVMCI runtime 0
Event: 999.881 Thread 0x00007f98480b21b0 compacted oop handles in JVMCI runtime 0 from 55 to 51
Event: 1007.161 Thread 0x00007f98480b21b0 detaching from JVMCI runtime 0: releasing idle compiler thread (0 other threads still attached)
Event: 1007.161 Thread 0x00007f98480b21b0 shutting down HotSpotJVMCIRuntime for JVMCI runtime 0
Event: 1007.162 Thread 0x00007f98480b21b0 shut down JVMCI runtime 0
Event: 1008.361 Thread 0x00007f98480b21b0 destroyed JavaVM[10]@0x00007f97f2b9e340 for JVMCI runtime 0
Event: 1008.361 Thread 0x00007f98480b21b0 compacted oop handles in JVMCI runtime 0 from 52 to 52
Event: 1008.361 Thread 0x00007f98480b21b0 releasing handles for JVMCI runtime 0: oop handles=52, metadata handles={total=97, live=96, blocks=35}
Event: 1008.361 Thread 0x00007f98480b21b0 detached from JVMCI runtime 0
Event: 1015.462 Thread 0x00007f98480b21b0 attached to JVMCI runtime 0
Event: 1015.464 Thread 0x00007f98480b21b0 created JavaVM[11]@0x00007f97f2b9e340 for JVMCI runtime 0
Event: 1016.572 Thread 0x00007f98480b21b0 initializing JVMCI runtime 0
Event: 1016.572 Thread 0x00007f98480b21b0 done waiting for JavaVM references initialization in JVMCI runtime 0

Compilation events (20 events):
Event: 809.066 Thread 0x00007f98480b36c0 10062       3       java.util.concurrent.ThreadPoolExecutor::isShutdown (12 bytes)
Event: 809.067 Thread 0x00007f98480b36c0 nmethod 10062 0x00007f9830a95090 code [0x00007f9830a95240, 0x00007f9830a95430]
Event: 809.067 Thread 0x00007f98480b36c0 10063       3       java.util.concurrent.ScheduledThreadPoolExecutor::canRunInCurrentRunState (61 bytes)
Event: 809.067 Thread 0x00007f98480b36c0 nmethod 10063 0x00007f9830a95510 code [0x00007f9830a95720, 0x00007f9830a961c0]
Event: 809.070 Thread 0x00007f98480b21b0 nmethod 10059 0x00007f98371afe90 code [0x00007f98371b0000, 0x00007f98371b0070]
Event: 809.070 Thread 0x00007f98480b21b0 10060       4       java.io.DataOutputStream::writeUTF (411 bytes)
Event: 820.342 Thread 0x00007f98480b36c0 10064       3       com.sun.org.apache.xerces.internal.dom.NamedNodeMapImpl::getNamedItem (29 bytes)
Event: 822.588 Thread 0x00007f98480b36c0 nmethod 10064 0x00007f9830a96410 code [0x00007f9830a965e0, 0x00007f9830a96e10]
Event: 823.840 Thread 0x00007f98480b21b0 nmethod 10060 0x00007f9837240310 code [0x00007f98372404c0, 0x00007f9837240d10]
Event: 864.462 Thread 0x00007f98480b36c0 10065       1       jdk.xml.internal.XMLSecurityManager$Limit::systemProperty (5 bytes)
Event: 864.462 Thread 0x00007f98480b36c0 nmethod 10065 0x00007f9837241190 code [0x00007f9837241320, 0x00007f98372413f0]
Event: 951.351 Thread 0x00007f98480b21b0 10066       4       java.util.LinkedList::node (65 bytes)
Event: 981.194 Thread 0x00007f98480b36c0 10068       3       java.io.DataOutputStream::incCount (20 bytes)
Event: 983.748 Thread 0x00007f98480b36c0 nmethod 10068 0x00007f9830a96f10 code [0x00007f9830a970a0, 0x00007f9830a971f0]
Event: 988.566 Thread 0x00007f98480b21b0 nmethod 10066 0x00007f9837241490 code [0x00007f9837241600, 0x00007f98372416b8]
Event: 988.566 Thread 0x00007f98480b21b0 10067       4       org.eclipse.core.runtime.Path::toOSString (227 bytes)
Event: 999.881 Thread 0x00007f98480b21b0 nmethod 10067 0x00007f9837241790 code [0x00007f9837241960, 0x00007f98372423e8]
Event: 999.882 Thread 0x00007f98480b21b0 10069       4       java.lang.String::indexOf (113 bytes)
Event: 1005.966 Thread 0x00007f98480b21b0 nmethod 10069 0x00007f9837242990 code [0x00007f9837242b20, 0x00007f9837242d78]
Event: 1015.462 Thread 0x00007f98480b21b0 10070       4       java.util.concurrent.locks.AbstractQueuedSynchronizer::release (19 bytes)

GC Heap History (20 events):
Event: 1064.652 GC heap before
{Heap before GC invocations=770 (full 695):
 PSYoungGen      total 52224K, used 29183K [0x00000000f5580000, 0x00000000fa280000, 0x0000000100000000)
  eden space 29184K, 99% used [0x00000000f5580000,0x00000000f71ffff8,0x00000000f7200000)
  from space 23040K, 0% used [0x00000000f8c00000,0x00000000f8c00000,0x00000000fa280000)
  to   space 18432K, 0% used [0x00000000f7200000,0x00000000f7200000,0x00000000f8400000)
 ParOldGen       total 349696K, used 349695K [0x00000000e0000000, 0x00000000f5580000, 0x00000000f5580000)
  object space 349696K, 99% used [0x00000000e0000000,0x00000000f557fe98,0x00000000f5580000)
 Metaspace       used 56585K, committed 57600K, reserved 1105920K
  class space    used 5329K, committed 5760K, reserved 1048576K
}
Event: 1065.754 GC heap after
{Heap after GC invocations=770 (full 695):
 PSYoungGen      total 47616K, used 29183K [0x00000000f5580000, 0x00000000fa280000, 0x0000000100000000)
  eden space 29184K, 99% used [0x00000000f5580000,0x00000000f71fffd8,0x00000000f7200000)
  from space 18432K, 0% used [0x00000000f7200000,0x00000000f7200000,0x00000000f8400000)
  to   space 23040K, 0% used [0x00000000f8c00000,0x00000000f8c00000,0x00000000fa280000)
 ParOldGen       total 349696K, used 349695K [0x00000000e0000000, 0x00000000f5580000, 0x00000000f5580000)
  object space 349696K, 99% used [0x00000000e0000000,0x00000000f557fe98,0x00000000f5580000)
 Metaspace       used 56585K, committed 57600K, reserved 1105920K
  class space    used 5329K, committed 5760K, reserved 1048576K
}
Event: 1065.755 GC heap before
{Heap before GC invocations=771 (full 696):
 PSYoungGen      total 47616K, used 29183K [0x00000000f5580000, 0x00000000fa280000, 0x0000000100000000)
  eden space 29184K, 99% used [0x00000000f5580000,0x00000000f71ffff8,0x00000000f7200000)
  from space 18432K, 0% used [0x00000000f7200000,0x00000000f7200000,0x00000000f8400000)
  to   space 23040K, 0% used [0x00000000f8c00000,0x00000000f8c00000,0x00000000fa280000)
 ParOldGen       total 349696K, used 349695K [0x00000000e0000000, 0x00000000f5580000, 0x00000000f5580000)
  object space 349696K, 99% used [0x00000000e0000000,0x00000000f557fe98,0x00000000f5580000)
 Metaspace       used 56585K, committed 57600K, reserved 1105920K
  class space    used 5329K, committed 5760K, reserved 1048576K
}
Event: 1066.967 GC heap after
{Heap after GC invocations=771 (full 696):
 PSYoungGen      total 52224K, used 29183K [0x00000000f5580000, 0x00000000fa280000, 0x0000000100000000)
  eden space 29184K, 99% used [0x00000000f5580000,0x00000000f71fffd8,0x00000000f7200000)
  from space 23040K, 0% used [0x00000000f8c00000,0x00000000f8c00000,0x00000000fa280000)
  to   space 18432K, 0% used [0x00000000f7200000,0x00000000f7200000,0x00000000f8400000)
 ParOldGen       total 349696K, used 349695K [0x00000000e0000000, 0x00000000f5580000, 0x00000000f5580000)
  object space 349696K, 99% used [0x00000000e0000000,0x00000000f557fe98,0x00000000f5580000)
 Metaspace       used 56585K, committed 57600K, reserved 1105920K
  class space    used 5329K, committed 5760K, reserved 1048576K
}
Event: 1066.968 GC heap before
{Heap before GC invocations=772 (full 697):
 PSYoungGen      total 52224K, used 29183K [0x00000000f5580000, 0x00000000fa280000, 0x0000000100000000)
  eden space 29184K, 99% used [0x00000000f5580000,0x00000000f71ffff8,0x00000000f7200000)
  from space 23040K, 0% used [0x00000000f8c00000,0x00000000f8c00000,0x00000000fa280000)
  to   space 18432K, 0% used [0x00000000f7200000,0x00000000f7200000,0x00000000f8400000)
 ParOldGen       total 349696K, used 349695K [0x00000000e0000000, 0x00000000f5580000, 0x00000000f5580000)
  object space 349696K, 99% used [0x00000000e0000000,0x00000000f557fe98,0x00000000f5580000)
 Metaspace       used 56585K, committed 57600K, reserved 1105920K
  class space    used 5329K, committed 5760K, reserved 1048576K
}
Event: 1068.094 GC heap after
{Heap after GC invocations=772 (full 697):
 PSYoungGen      total 47616K, used 29183K [0x00000000f5580000, 0x00000000fa280000, 0x0000000100000000)
  eden space 29184K, 99% used [0x00000000f5580000,0x00000000f71ffff8,0x00000000f7200000)
  from space 18432K, 0% used [0x00000000f7200000,0x00000000f7200000,0x00000000f8400000)
  to   space 23040K, 0% used [0x00000000f8c00000,0x00000000f8c00000,0x00000000fa280000)
 ParOldGen       total 349696K, used 349695K [0x00000000e0000000, 0x00000000f5580000, 0x00000000f5580000)
  object space 349696K, 99% used [0x00000000e0000000,0x00000000f557fe98,0x00000000f5580000)
 Metaspace       used 56585K, committed 57600K, reserved 1105920K
  class space    used 5329K, committed 5760K, reserved 1048576K
}
Event: 1068.095 GC heap before
{Heap before GC invocations=773 (full 698):
 PSYoungGen      total 47616K, used 29183K [0x00000000f5580000, 0x00000000fa280000, 0x0000000100000000)
  eden space 29184K, 99% used [0x00000000f5580000,0x00000000f71ffff8,0x00000000f7200000)
  from space 18432K, 0% used [0x00000000f7200000,0x00000000f7200000,0x00000000f8400000)
  to   space 23040K, 0% used [0x00000000f8c00000,0x00000000f8c00000,0x00000000fa280000)
 ParOldGen       total 349696K, used 349695K [0x00000000e0000000, 0x00000000f5580000, 0x00000000f5580000)
  object space 349696K, 99% used [0x00000000e0000000,0x00000000f557fff0,0x00000000f5580000)
 Metaspace       used 56585K, committed 57600K, reserved 1105920K
  class space    used 5329K, committed 5760K, reserved 1048576K
}
Event: 1069.465 GC heap after
{Heap after GC invocations=773 (full 698):
 PSYoungGen      total 52224K, used 29183K [0x00000000f5580000, 0x00000000fa280000, 0x0000000100000000)
  eden space 29184K, 99% used [0x00000000f5580000,0x00000000f71fff90,0x00000000f7200000)
  from space 23040K, 0% used [0x00000000f8c00000,0x00000000f8c00000,0x00000000fa280000)
  to   space 18432K, 0% used [0x00000000f7200000,0x00000000f7200000,0x00000000f8400000)
 ParOldGen       total 349696K, used 349695K [0x00000000e0000000, 0x00000000f5580000, 0x00000000f5580000)
  object space 349696K, 99% used [0x00000000e0000000,0x00000000f557fff0,0x00000000f5580000)
 Metaspace       used 56585K, committed 57600K, reserved 1105920K
  class space    used 5329K, committed 5760K, reserved 1048576K
}
Event: 1069.466 GC heap before
{Heap before GC invocations=774 (full 699):
 PSYoungGen      total 52224K, used 29183K [0x00000000f5580000, 0x00000000fa280000, 0x0000000100000000)
  eden space 29184K, 99% used [0x00000000f5580000,0x00000000f71ffff0,0x00000000f7200000)
  from space 23040K, 0% used [0x00000000f8c00000,0x00000000f8c00000,0x00000000fa280000)
  to   space 18432K, 0% used [0x00000000f7200000,0x00000000f7200000,0x00000000f8400000)
 ParOldGen       total 349696K, used 349695K [0x00000000e0000000, 0x00000000f5580000, 0x00000000f5580000)
  object space 349696K, 99% used [0x00000000e0000000,0x00000000f557fff0,0x00000000f5580000)
 Metaspace       used 56585K, committed 57600K, reserved 1105920K
  class space    used 5329K, committed 5760K, reserved 1048576K
}
Event: 1070.670 GC heap after
{Heap after GC invocations=774 (full 699):
 PSYoungGen      total 47616K, used 29183K [0x00000000f5580000, 0x00000000fa280000, 0x0000000100000000)
  eden space 29184K, 99% used [0x00000000f5580000,0x00000000f71fffd8,0x00000000f7200000)
  from space 18432K, 0% used [0x00000000f7200000,0x00000000f7200000,0x00000000f8400000)
  to   space 23040K, 0% used [0x00000000f8c00000,0x00000000f8c00000,0x00000000fa280000)
 ParOldGen       total 349696K, used 349695K [0x00000000e0000000, 0x00000000f5580000, 0x00000000f5580000)
  object space 349696K, 99% used [0x00000000e0000000,0x00000000f557fff0,0x00000000f5580000)
 Metaspace       used 56585K, committed 57600K, reserved 1105920K
  class space    used 5329K, committed 5760K, reserved 1048576K
}
Event: 1070.671 GC heap before
{Heap before GC invocations=775 (full 700):
 PSYoungGen      total 47616K, used 29183K [0x00000000f5580000, 0x00000000fa280000, 0x0000000100000000)
  eden space 29184K, 99% used [0x00000000f5580000,0x00000000f71ffff0,0x00000000f7200000)
  from space 18432K, 0% used [0x00000000f7200000,0x00000000f7200000,0x00000000f8400000)
  to   space 23040K, 0% used [0x00000000f8c00000,0x00000000f8c00000,0x00000000fa280000)
 ParOldGen       total 349696K, used 349695K [0x00000000e0000000, 0x00000000f5580000, 0x00000000f5580000)
  object space 349696K, 99% used [0x00000000e0000000,0x00000000f557fff0,0x00000000f5580000)
 Metaspace       used 56585K, committed 57600K, reserved 1105920K
  class space    used 5329K, committed 5760K, reserved 1048576K
}
Event: 1071.774 GC heap after
{Heap after GC invocations=775 (full 700):
 PSYoungGen      total 52224K, used 29183K [0x00000000f5580000, 0x00000000fa280000, 0x0000000100000000)
  eden space 29184K, 99% used [0x00000000f5580000,0x00000000f71ffff0,0x00000000f7200000)
  from space 23040K, 0% used [0x00000000f8c00000,0x00000000f8c00000,0x00000000fa280000)
  to   space 18432K, 0% used [0x00000000f7200000,0x00000000f7200000,0x00000000f8400000)
 ParOldGen       total 349696K, used 349695K [0x00000000e0000000, 0x00000000f5580000, 0x00000000f5580000)
  object space 349696K, 99% used [0x00000000e0000000,0x00000000f557fff0,0x00000000f5580000)
 Metaspace       used 56585K, committed 57600K, reserved 1105920K
  class space    used 5329K, committed 5760K, reserved 1048576K
}
Event: 1071.774 GC heap before
{Heap before GC invocations=776 (full 701):
 PSYoungGen      total 52224K, used 29183K [0x00000000f5580000, 0x00000000fa280000, 0x0000000100000000)
  eden space 29184K, 99% used [0x00000000f5580000,0x00000000f71ffff0,0x00000000f7200000)
  from space 23040K, 0% used [0x00000000f8c00000,0x00000000f8c00000,0x00000000fa280000)
  to   space 18432K, 0% used [0x00000000f7200000,0x00000000f7200000,0x00000000f8400000)
 ParOldGen       total 349696K, used 349695K [0x00000000e0000000, 0x00000000f5580000, 0x00000000f5580000)
  object space 349696K, 99% used [0x00000000e0000000,0x00000000f557fff0,0x00000000f5580000)
 Metaspace       used 56585K, committed 57600K, reserved 1105920K
  class space    used 5329K, committed 5760K, reserved 1048576K
}
Event: 1073.044 GC heap after
{Heap after GC invocations=776 (full 701):
 PSYoungGen      total 47616K, used 29183K [0x00000000f5580000, 0x00000000fa280000, 0x0000000100000000)
  eden space 29184K, 99% used [0x00000000f5580000,0x00000000f71ffff0,0x00000000f7200000)
  from space 18432K, 0% used [0x00000000f7200000,0x00000000f7200000,0x00000000f8400000)
  to   space 23040K, 0% used [0x00000000f8c00000,0x00000000f8c00000,0x00000000fa280000)
 ParOldGen       total 349696K, used 349695K [0x00000000e0000000, 0x00000000f5580000, 0x00000000f5580000)
  object space 349696K, 99% used [0x00000000e0000000,0x00000000f557fff0,0x00000000f5580000)
 Metaspace       used 56585K, committed 57600K, reserved 1105920K
  class space    used 5329K, committed 5760K, reserved 1048576K
}
Event: 1073.046 GC heap before
{Heap before GC invocations=777 (full 702):
 PSYoungGen      total 47616K, used 29183K [0x00000000f5580000, 0x00000000fa280000, 0x0000000100000000)
  eden space 29184K, 99% used [0x00000000f5580000,0x00000000f71ffff0,0x00000000f7200000)
  from space 18432K, 0% used [0x00000000f7200000,0x00000000f7200000,0x00000000f8400000)
  to   space 23040K, 0% used [0x00000000f8c00000,0x00000000f8c00000,0x00000000fa280000)
 ParOldGen       total 349696K, used 349695K [0x00000000e0000000, 0x00000000f5580000, 0x00000000f5580000)
  object space 349696K, 99% used [0x00000000e0000000,0x00000000f557fff0,0x00000000f5580000)
 Metaspace       used 56585K, committed 57600K, reserved 1105920K
  class space    used 5329K, committed 5760K, reserved 1048576K
}
Event: 1074.239 GC heap after
{Heap after GC invocations=777 (full 702):
 PSYoungGen      total 52224K, used 29183K [0x00000000f5580000, 0x00000000fa280000, 0x0000000100000000)
  eden space 29184K, 99% used [0x00000000f5580000,0x00000000f71ffff0,0x00000000f7200000)
  from space 23040K, 0% used [0x00000000f8c00000,0x00000000f8c00000,0x00000000fa280000)
  to   space 18432K, 0% used [0x00000000f7200000,0x00000000f7200000,0x00000000f8400000)
 ParOldGen       total 349696K, used 349694K [0x00000000e0000000, 0x00000000f5580000, 0x00000000f5580000)
  object space 349696K, 99% used [0x00000000e0000000,0x00000000f557fa50,0x00000000f5580000)
 Metaspace       used 56585K, committed 57600K, reserved 1105920K
  class space    used 5329K, committed 5760K, reserved 1048576K
}
Event: 1074.242 GC heap before
{Heap before GC invocations=778 (full 703):
 PSYoungGen      total 52224K, used 29184K [0x00000000f5580000, 0x00000000fa280000, 0x0000000100000000)
  eden space 29184K, 100% used [0x00000000f5580000,0x00000000f7200000,0x00000000f7200000)
  from space 23040K, 0% used [0x00000000f8c00000,0x00000000f8c00000,0x00000000fa280000)
  to   space 18432K, 0% used [0x00000000f7200000,0x00000000f7200000,0x00000000f8400000)
 ParOldGen       total 349696K, used 349695K [0x00000000e0000000, 0x00000000f5580000, 0x00000000f5580000)
  object space 349696K, 99% used [0x00000000e0000000,0x00000000f557ff50,0x00000000f5580000)
 Metaspace       used 56585K, committed 57600K, reserved 1105920K
  class space    used 5329K, committed 5760K, reserved 1048576K
}
Event: 1075.452 GC heap after
{Heap after GC invocations=778 (full 703):
 PSYoungGen      total 47616K, used 29183K [0x00000000f5580000, 0x00000000fa280000, 0x0000000100000000)
  eden space 29184K, 99% used [0x00000000f5580000,0x00000000f71fffd0,0x00000000f7200000)
  from space 18432K, 0% used [0x00000000f7200000,0x00000000f7200000,0x00000000f8400000)
  to   space 23040K, 0% used [0x00000000f8c00000,0x00000000f8c00000,0x00000000fa280000)
 ParOldGen       total 349696K, used 349693K [0x00000000e0000000, 0x00000000f5580000, 0x00000000f5580000)
  object space 349696K, 99% used [0x00000000e0000000,0x00000000f557f7d8,0x00000000f5580000)
 Metaspace       used 56585K, committed 57600K, reserved 1105920K
  class space    used 5329K, committed 5760K, reserved 1048576K
}
Event: 1075.452 GC heap before
{Heap before GC invocations=779 (full 704):
 PSYoungGen      total 47616K, used 29183K [0x00000000f5580000, 0x00000000fa280000, 0x0000000100000000)
  eden space 29184K, 99% used [0x00000000f5580000,0x00000000f71fffd0,0x00000000f7200000)
  from space 18432K, 0% used [0x00000000f7200000,0x00000000f7200000,0x00000000f8400000)
  to   space 23040K, 0% used [0x00000000f8c00000,0x00000000f8c00000,0x00000000fa280000)
 ParOldGen       total 349696K, used 349693K [0x00000000e0000000, 0x00000000f5580000, 0x00000000f5580000)
  object space 349696K, 99% used [0x00000000e0000000,0x00000000f557f7d8,0x00000000f5580000)
 Metaspace       used 56585K, committed 57600K, reserved 1105920K
  class space    used 5329K, committed 5760K, reserved 1048576K
}
Event: 1076.567 GC heap after
{Heap after GC invocations=779 (full 704):
 PSYoungGen      total 52224K, used 29183K [0x00000000f5580000, 0x00000000fa280000, 0x0000000100000000)
  eden space 29184K, 99% used [0x00000000f5580000,0x00000000f71fffd0,0x00000000f7200000)
  from space 23040K, 0% used [0x00000000f8c00000,0x00000000f8c00000,0x00000000fa280000)
  to   space 18432K, 0% used [0x00000000f7200000,0x00000000f7200000,0x00000000f8400000)
 ParOldGen       total 349696K, used 349693K [0x00000000e0000000, 0x00000000f5580000, 0x00000000f5580000)
  object space 349696K, 99% used [0x00000000e0000000,0x00000000f557f7d8,0x00000000f5580000)
 Metaspace       used 56585K, committed 57600K, reserved 1105920K
  class space    used 5329K, committed 5760K, reserved 1048576K
}

Dll operation events (8 events):
Event: 0.002 Loaded shared library /nix/store/gpxl5qgg8kicmcvivwmybwjlpf7wh20l-graalvm17-ce-22.3.0/lib/libjava.so
Event: 0.007 Loaded shared library /nix/store/gpxl5qgg8kicmcvivwmybwjlpf7wh20l-graalvm17-ce-22.3.0/lib/libjsvml.so
Event: 0.165 Loaded shared library /nix/store/gpxl5qgg8kicmcvivwmybwjlpf7wh20l-graalvm17-ce-22.3.0/lib/libnio.so
Event: 0.169 Loaded shared library /nix/store/gpxl5qgg8kicmcvivwmybwjlpf7wh20l-graalvm17-ce-22.3.0/lib/libzip.so
Event: 0.172 Loaded shared library /nix/store/gpxl5qgg8kicmcvivwmybwjlpf7wh20l-graalvm17-ce-22.3.0/lib/libjvmcicompiler.so
Event: 0.548 Loaded shared library /nix/store/gpxl5qgg8kicmcvivwmybwjlpf7wh20l-graalvm17-ce-22.3.0/lib/libjimage.so
Event: 2.140 Loaded shared library /nix/store/gpxl5qgg8kicmcvivwmybwjlpf7wh20l-graalvm17-ce-22.3.0/lib/libnet.so
Event: 3.250 Loaded shared library /home/runner/.cache/jdt-language-server/config/org.eclipse.equinox.launcher/org.eclipse.equinox.launcher.gtk.linux.x86_64_1.2.400.v20211117-0650/eclipse_11600.so

Deoptimization events (20 events):
Event: 191.940 Thread 0x00007f97dc6d0e10 DEOPT PACKING pc=0x00007f98309d26dd sp=0x00007f97f3bfe530
Event: 191.941 Thread 0x00007f97dc6d0e10 DEOPT UNPACKING pc=0x00007f982f505325 sp=0x00007f97f3bfda20 mode 0
Event: 191.945 Thread 0x00007f97dc6d0e10 DEOPT PACKING pc=0x00007f98309d26dd sp=0x00007f97f3bfe530
Event: 191.945 Thread 0x00007f97dc6d0e10 DEOPT UNPACKING pc=0x00007f982f505325 sp=0x00007f97f3bfda20 mode 0
Event: 191.948 Thread 0x00007f97dc6d0e10 DEOPT PACKING pc=0x00007f98309d26dd sp=0x00007f97f3bfe530
Event: 191.948 Thread 0x00007f97dc6d0e10 DEOPT UNPACKING pc=0x00007f982f505325 sp=0x00007f97f3bfda20 mode 0
Event: 191.956 Thread 0x00007f97dc6d0e10 DEOPT PACKING pc=0x00007f98309d26dd sp=0x00007f97f3bfe530
Event: 191.956 Thread 0x00007f97dc6d0e10 DEOPT UNPACKING pc=0x00007f982f505325 sp=0x00007f97f3bfda20 mode 0
Event: 202.749 Thread 0x00007f98480b21b0 DEOPT PACKING pc=0x00007f982ff1ae0c sp=0x00007f982cc17ec0
Event: 202.749 Thread 0x00007f98480b21b0 DEOPT UNPACKING pc=0x00007f982f505325 sp=0x00007f982cc17438 mode 0
Event: 946.100 Thread 0x00007f97cc24bbd0 Uncommon trap: trap_request=0xffffffcd fr.pc=0x00007f9837235318 relative=0x0000000000000a18
Event: 946.100 Thread 0x00007f97cc24bbd0 Uncommon trap: reason=intrinsic_or_type_checked_inlining action=reinterpret pc=0x00007f9837235318 method=org.eclipse.jdt.internal.compiler.util.HashtableOfObjectToInt.put(Ljava/lang/Object;I)I @ 0 jvmci
Event: 946.100 Thread 0x00007f97cc24bbd0 DEOPT PACKING pc=0x00007f9837235318 sp=0x00007f97f33fe100
Event: 946.100 Thread 0x00007f97cc24bbd0 DEOPT UNPACKING pc=0x00007f982f505325 sp=0x00007f97f33fd5e0 mode 3
Event: 1062.238 Thread 0x00007f97cc24bbd0 Uncommon trap: trap_request=0xffffff8f fr.pc=0x00007f9836fade35 relative=0x0000000000000315
Event: 1062.238 Thread 0x00007f97cc24bbd0 Uncommon trap: reason=constraint action=none pc=0x00007f9836fade35 method=java.util.Arrays.copyOfRange([BII)[B @ 61 jvmci
Event: 1073.046 Thread 0x00007f97dc6d0e10 Uncommon trap: trap_request=0xffffff8f fr.pc=0x00007f983721d104 relative=0x0000000000001044
Event: 1073.046 Thread 0x00007f97dc6d0e10 Uncommon trap: reason=constraint action=none pc=0x00007f983721d104 method=org.eclipse.jdt.internal.core.index.DiskIndex.copyQueryResults(Lorg/eclipse/jdt/internal/compiler/util/HashtableOfObject;I)V @ 123 jvmci
Event: 1074.239 Thread 0x00007f97dc6d0e10 DEOPT PACKING pc=0x00007f983721d104 sp=0x00007f97f3bfe550
Event: 1074.239 Thread 0x00007f97dc6d0e10 DEOPT UNPACKING pc=0x00007f982f505325 sp=0x00007f97f3bfda28 mode 3

Classes unloaded (20 events):
Event: 189.464 Thread 0x00007f98480a1bf0 Unloading class 0x0000000800cb1c00 'java/lang/invoke/LambdaForm$MH+0x0000000800cb1c00'
Event: 189.464 Thread 0x00007f98480a1bf0 Unloading class 0x0000000800cb1800 'java/lang/invoke/LambdaForm$MH+0x0000000800cb1800'
Event: 189.464 Thread 0x00007f98480a1bf0 Unloading class 0x0000000800cb1000 'java/lang/invoke/LambdaForm$MH+0x0000000800cb1000'
Event: 189.464 Thread 0x00007f98480a1bf0 Unloading class 0x0000000800cb0c00 'java/lang/invoke/LambdaForm$MH+0x0000000800cb0c00'
Event: 189.464 Thread 0x00007f98480a1bf0 Unloading class 0x0000000800cb0800 'java/lang/invoke/LambdaForm$MH+0x0000000800cb0800'
Event: 189.464 Thread 0x00007f98480a1bf0 Unloading class 0x0000000800cb0000 'java/lang/invoke/LambdaForm$MH+0x0000000800cb0000'
Event: 194.380 Thread 0x00007f98480a1bf0 Unloading class 0x0000000801090400 'jdk/internal/reflect/GeneratedMethodAccessor12'
Event: 194.380 Thread 0x00007f98480a1bf0 Unloading class 0x0000000801090000 'jdk/internal/reflect/GeneratedMethodAccessor11'
Event: 194.380 Thread 0x00007f98480a1bf0 Unloading class 0x000000080107c000 'jdk/internal/reflect/GeneratedMethodAccessor9'
Event: 194.380 Thread 0x00007f98480a1bf0 Unloading class 0x0000000800ff9c00 'jdk/internal/reflect/GeneratedSerializationConstructorAccessor33'
Event: 194.380 Thread 0x00007f98480a1bf0 Unloading class 0x0000000800ff9800 'jdk/internal/reflect/GeneratedSerializationConstructorAccessor32'
Event: 194.380 Thread 0x00007f98480a1bf0 Unloading class 0x0000000800ff9400 'jdk/internal/reflect/GeneratedSerializationConstructorAccessor31'
Event: 194.380 Thread 0x00007f98480a1bf0 Unloading class 0x0000000800ff9000 'jdk/internal/reflect/GeneratedSerializationConstructorAccessor30'
Event: 194.380 Thread 0x00007f98480a1bf0 Unloading class 0x0000000800e05c00 'jdk/internal/reflect/GeneratedMethodAccessor8'
Event: 194.380 Thread 0x00007f98480a1bf0 Unloading class 0x0000000800e04c00 'jdk/internal/reflect/GeneratedMethodAccessor7'
Event: 297.866 Thread 0x00007f98480a1bf0 Unloading class 0x0000000801199000 'jdk/internal/reflect/GeneratedMethodAccessor17'
Event: 297.866 Thread 0x00007f98480a1bf0 Unloading class 0x0000000801188000 'jdk/internal/reflect/GeneratedConstructorAccessor30'
Event: 297.866 Thread 0x00007f98480a1bf0 Unloading class 0x0000000801154000 'jdk/internal/reflect/GeneratedConstructorAccessor29'
Event: 297.866 Thread 0x00007f98480a1bf0 Unloading class 0x000000080107c400 'jdk/internal/reflect/GeneratedMethodAccessor10'
Event: 297.866 Thread 0x00007f98480a1bf0 Unloading class 0x0000000800ffc000 'jdk/internal/reflect/GeneratedConstructorAccessor14'

Classes redefined (0 events):
No events

Internal exceptions (20 events):
Event: 155.040 Thread 0x00007f97d4177000 Exception <a 'java/lang/ArrayIndexOutOfBoundsException'{0x00000000f6a51918}> (0x00000000f6a51918) 
thrown [src/hotspot/share/runtime/sharedRuntime.cpp, line 628]
Event: 155.051 Thread 0x00007f97d4176100 Exception <a 'java/lang/ArrayIndexOutOfBoundsException'{0x00000000f6ad94e8}> (0x00000000f6ad94e8) 
thrown [src/hotspot/share/runtime/sharedRuntime.cpp, line 628]
Event: 155.052 Thread 0x00007f97d4177000 Exception <a 'java/lang/ArrayIndexOutOfBoundsException'{0x00000000f6c85980}> (0x00000000f6c85980) 
thrown [src/hotspot/share/runtime/sharedRuntime.cpp, line 628]
Event: 155.443 Thread 0x00007f97d4177000 Exception <a 'java/lang/ArrayIndexOutOfBoundsException'{0x00000000f702dad8}> (0x00000000f702dad8) 
thrown [src/hotspot/share/runtime/sharedRuntime.cpp, line 628]
Event: 155.549 Thread 0x00007f97d4176100 Exception <a 'java/lang/ArrayIndexOutOfBoundsException'{0x00000000f71b7760}> (0x00000000f71b7760) 
thrown [src/hotspot/share/runtime/sharedRuntime.cpp, line 628]
Event: 162.859 Thread 0x00007f97d4176100 Exception <a 'java/lang/ArrayIndexOutOfBoundsException'{0x00000000f5c075c8}> (0x00000000f5c075c8) 
thrown [src/hotspot/share/runtime/sharedRuntime.cpp, line 628]
Event: 162.944 Thread 0x00007f97d414f840 Exception <a 'java/lang/ArrayIndexOutOfBoundsException'{0x00000000f5dafa50}> (0x00000000f5dafa50) 
thrown [src/hotspot/share/runtime/sharedRuntime.cpp, line 628]
Event: 162.946 Thread 0x00007f97d4176100 Exception <a 'java/lang/ArrayIndexOutOfBoundsException'{0x00000000f5e073c0}> (0x00000000f5e073c0) 
thrown [src/hotspot/share/runtime/sharedRuntime.cpp, line 628]
Event: 163.039 Thread 0x00007f97d414f840 Exception <a 'java/lang/ArrayIndexOutOfBoundsException'{0x00000000f5f3d7a0}> (0x00000000f5f3d7a0) 
thrown [src/hotspot/share/runtime/sharedRuntime.cpp, line 628]
Event: 163.244 Thread 0x00007f97d414f840 Exception <a 'java/lang/ArrayIndexOutOfBoundsException'{0x00000000f6624d40}> (0x00000000f6624d40) 
thrown [src/hotspot/share/runtime/sharedRuntime.cpp, line 628]
Event: 163.344 Thread 0x00007f97d414f840 Exception <a 'java/lang/ArrayIndexOutOfBoundsException'{0x00000000f687b448}> (0x00000000f687b448) 
thrown [src/hotspot/share/runtime/sharedRuntime.cpp, line 628]
Event: 163.348 Thread 0x00007f97d414f840 Exception <a 'java/lang/ArrayIndexOutOfBoundsException'{0x00000000f691bb20}> (0x00000000f691bb20) 
thrown [src/hotspot/share/runtime/sharedRuntime.cpp, line 628]
Event: 163.546 Thread 0x00007f97d414f840 Exception <a 'java/lang/ArrayIndexOutOfBoundsException'{0x00000000f6c89e20}> (0x00000000f6c89e20) 
thrown [src/hotspot/share/runtime/sharedRuntime.cpp, line 628]
Event: 163.943 Thread 0x00007f97d4150270 Exception <a 'java/lang/ArrayIndexOutOfBoundsException'{0x00000000f6f8a250}: Index -1 out of bounds for length 2> (0x00000000f6f8a250) 
thrown [src/hotspot/share/interpreter/interpreterRuntime.cpp, line 428]
Event: 172.342 Thread 0x00007f97d414a470 Implicit null exception at 0x00007f9837020a33 to 0x00007f9837020da4
Event: 1062.238 Thread 0x00007f97cc24bbd0 Exception <a 'java/lang/OutOfMemoryError'{0x00000000e00bdba8}> (0x00000000e00bdba8) 
thrown [src/hotspot/share/gc/shared/memAllocator.cpp, line 138]
Event: 1062.238 Thread 0x00007f97cc24bbd0 Implicit null exception at 0x00007f9836fadd44 to 0x00007f9836fade1a
Event: 1073.046 Thread 0x00007f97dc6d0e10 Exception <a 'java/lang/OutOfMemoryError'{0x00000000e00bd608}> (0x00000000e00bd608) 
thrown [src/hotspot/share/gc/shared/memAllocator.cpp, line 138]
Event: 1073.046 Thread 0x00007f97dc6d0e10 Implicit null exception at 0x00007f983721cb56 to 0x00007f983721d0e9
Event: 1076.568 Thread 0x00007f98480b21b0 Exception <a 'java/lang/OutOfMemoryError'{0x00000000e00bd388}> (0x00000000e00bd388) 
thrown [src/hotspot/share/gc/shared/memAllocator.cpp, line 136]

VM Operations (20 events):
Event: 1063.443 Executing VM operation: ParallelGCFailedAllocation done
Event: 1063.443 Executing VM operation: ParallelGCFailedAllocation
Event: 1064.652 Executing VM operation: ParallelGCFailedAllocation done
Event: 1064.652 Executing VM operation: ParallelGCFailedAllocation
Event: 1065.754 Executing VM operation: ParallelGCFailedAllocation done
Event: 1065.754 Executing VM operation: ParallelGCFailedAllocation
Event: 1066.967 Executing VM operation: ParallelGCFailedAllocation done
Event: 1066.967 Executing VM operation: ParallelGCFailedAllocation
Event: 1068.094 Executing VM operation: ParallelGCFailedAllocation done
Event: 1068.095 Executing VM operation: ParallelGCFailedAllocation
Event: 1069.465 Executing VM operation: ParallelGCFailedAllocation done
Event: 1069.465 Executing VM operation: ParallelGCFailedAllocation
Event: 1070.670 Executing VM operation: ParallelGCFailedAllocation done
Event: 1070.670 Executing VM operation: ParallelGCFailedAllocation
Event: 1073.045 Executing VM operation: ParallelGCFailedAllocation done
Event: 1073.046 Executing VM operation: ParallelGCFailedAllocation
Event: 1074.239 Executing VM operation: ParallelGCFailedAllocation done
Event: 1074.239 Executing VM operation: ParallelGCFailedAllocation
Event: 1076.567 Executing VM operation: ParallelGCFailedAllocation done
Event: 1076.568 Executing VM operation: ParallelGCFailedAllocation

Events (20 events):
Event: 183.039 Thread 0x00007f97d4156ae0 Thread exited: 0x00007f97d4156ae0
Event: 184.050 Thread 0x00007f97d4150270 Thread exited: 0x00007f97d4150270
Event: 253.255 Thread 0x00007f97cc0010d0 Thread exited: 0x00007f97cc0010d0
Event: 253.255 Thread 0x00007f97dc52c920 Thread exited: 0x00007f97dc52c920
Event: 257.572 Thread 0x00007f97cc007430 Thread exited: 0x00007f97cc007430
Event: 286.942 Thread 0x00007f97d4177190 Thread added: 0x00007f97d4177190
Event: 286.942 Protecting memory [0x00007f97f3500000,0x00007f97f3504000] with protection modes 0
Event: 286.950 Thread 0x00007f97d4156ae0 Thread added: 0x00007f97d4156ae0
Event: 286.950 Protecting memory [0x00007f97f4100000,0x00007f97f4104000] with protection modes 0
Event: 286.956 Thread 0x00007f97d414f840 Thread added: 0x00007f97d414f840
Event: 286.961 Protecting memory [0x00007f97f3f00000,0x00007f97f3f04000] with protection modes 0
Event: 311.654 Thread 0x00007f97a4009290 Thread added: 0x00007f97a4009290
Event: 311.655 Protecting memory [0x00007f97f5b00000,0x00007f97f5b04000] with protection modes 0
Event: 380.767 Thread 0x00007f98480b4b10 flushing nmethod 0x00007f983718c190
Event: 380.767 Thread 0x00007f98480b4b10 flushing nmethod 0x00007f98371afe90
Event: 380.769 Thread 0x00007f98480b4b10 flushing nmethod 0x00007f982fc77b90
Event: 380.770 Thread 0x00007f98480b4b10 flushing nmethod 0x00007f982fd33e90
Event: 382.061 Thread 0x00007f98480b4b10 flushing nmethod 0x00007f982ffeca10
Event: 382.066 Thread 0x00007f98480b4b10 flushing nmethod 0x00007f98301f9410
Event: 382.068 Thread 0x00007f98480b4b10 flushing nmethod 0x00007f98303b2390


Dynamic libraries:
e0000000-f5580000 rw-p 00000000 00:00 0 
f5580000-fa280000 rw-p 00000000 00:00 0 
fa280000-100000000 ---p 00000000 00:00 0 
800000000-800449000 rw-p 00001000 00:1b22 4611686019135357769            /nix/store/gpxl5qgg8kicmcvivwmybwjlpf7wh20l-graalvm17-ce-22.3.0/lib/server/classes.jsa
800449000-800bc8000 r--p 0044a000 00:1b22 4611686019135357769            /nix/store/gpxl5qgg8kicmcvivwmybwjlpf7wh20l-graalvm17-ce-22.3.0/lib/server/classes.jsa
800bc8000-800c00000 ---p 00000000 00:00 0 
800c00000-800c20000 rw-p 00000000 00:00 0 
800c20000-800c40000 rw-p 00000000 00:00 0 
800c40000-800cc0000 rw-p 00000000 00:00 0 
800cc0000-800d00000 rw-p 00000000 00:00 0 
800d00000-800dc0000 rw-p 00000000 00:00 0 
800dc0000-800e00000 rw-p 00000000 00:00 0 
800e00000-801160000 rw-p 00000000 00:00 0 
801160000-801170000 rw-p 00000000 00:00 0 
801170000-801180000 ---p 00000000 00:00 0 
801180000-8011b0000 rw-p 00000000 00:00 0 
8011b0000-840c00000 ---p 00000000 00:00 0 
564d773cc000-564d773cd000 r-xp 00000000 00:1b22 4611686019099417844      /nix/store/gpxl5qgg8kicmcvivwmybwjlpf7wh20l-graalvm17-ce-22.3.0/bin/.java-wrapped
564d773ce000-564d773cf000 r--p 00001000 00:1b22 4611686019099417844      /nix/store/gpxl5qgg8kicmcvivwmybwjlpf7wh20l-graalvm17-ce-22.3.0/bin/.java-wrapped
564d773cf000-564d773d0000 rw-p 00002000 00:1b22 4611686019099417844      /nix/store/gpxl5qgg8kicmcvivwmybwjlpf7wh20l-graalvm17-ce-22.3.0/bin/.java-wrapped
564d773d0000-564d773d1000 rw-p 00004000 00:1b22 4611686019099417844      /nix/store/gpxl5qgg8kicmcvivwmybwjlpf7wh20l-graalvm17-ce-22.3.0/bin/.java-wrapped
564d773d1000-564d773d2000 rw-p 00005000 00:1b22 4611686019099417844      /nix/store/gpxl5qgg8kicmcvivwmybwjlpf7wh20l-graalvm17-ce-22.3.0/bin/.java-wrapped
564d779fb000-564d77a43000 rw-p 00000000 00:00 0                          [heap]
7f9774000000-7f9774021000 rw-p 00000000 00:00 0 
7f9774021000-7f9778000000 ---p 00000000 00:00 0 
7f977c000000-7f977c021000 rw-p 00000000 00:00 0 
7f977c021000-7f9780000000 ---p 00000000 00:00 0 
7f9780000000-7f9780028000 rw-p 00000000 00:00 0 
7f9780028000-7f9784000000 ---p 00000000 00:00 0 
7f9784000000-7f9784021000 rw-p 00000000 00:00 0 
7f9784021000-7f9788000000 ---p 00000000 00:00 0 
7f9788000000-7f9788021000 rw-p 00000000 00:00 0 
7f9788021000-7f978c000000 ---p 00000000 00:00 0 
7f978c000000-7f978c032000 rw-p 00000000 00:00 0 
7f978c032000-7f9790000000 ---p 00000000 00:00 0 
7f9790000000-7f9790021000 rw-p 00000000 00:00 0 
7f9790021000-7f9794000000 ---p 00000000 00:00 0 
7f9794000000-7f9794049000 rw-p 00000000 00:00 0 
7f9794049000-7f9798000000 ---p 00000000 00:00 0 
7f979c000000-7f979c1a0000 rw-p 00000000 00:00 0 
7f979c1a0000-7f97a0000000 ---p 00000000 00:00 0 
7f97a4000000-7f97a4021000 rw-p 00000000 00:00 0 
7f97a4021000-7f97a8000000 ---p 00000000 00:00 0 
7f97aa4b3000-7f97b4000000 r--s 00000000 00:1b22 4611686019135192581      /nix/store/gpxl5qgg8kicmcvivwmybwjlpf7wh20l-graalvm17-ce-22.3.0/lib/modules
7f97b4000000-7f97b4021000 rw-p 00000000 00:00 0 
7f97b4021000-7f97b8000000 ---p 00000000 00:00 0 
7f97b8000000-7f97b8021000 rw-p 00000000 00:00 0 
7f97b8021000-7f97bc000000 ---p 00000000 00:00 0 
7f97bc000000-7f97bc021000 rw-p 00000000 00:00 0 
7f97bc021000-7f97c0000000 ---p 00000000 00:00 0 
7f97c1c00000-7f97c2400000 rw-p 00000000 00:00 0 
7f97c2400000-7f97c26c0000 rw-p 00000000 00:00 0 
7f97c26c0000-7f97c2900000 rw-p 00000000 00:00 0 
7f97c2900000-7f97c29e0000 rw-p 00000000 00:00 0 
7f97c29e0000-7f97c2a00000 ---p 00000000 00:00 0 
7f97c2a00000-7f97c2c00000 rw-p 00000000 00:00 0 
7f97c2c00000-7f97c2d00000 rw-p 00000000 00:00 0 
7f97c2d00000-7f97c2e00000 rw-p 00000000 00:00 0 
7f97c2e00000-7f97c3400000 rw-p 00000000 00:00 0 
7f97c3800000-7f97c3ac0000 rw-p 00000000 00:00 0 
7f97c3ac0000-7f97c4000000 ---p 00000000 00:00 0 
7f97c4000000-7f97c436a000 rw-p 00000000 00:00 0 
7f97c436a000-7f97c8000000 ---p 00000000 00:00 0 
7f97c8000000-7f97c802a000 rw-p 00000000 00:00 0 
7f97c802a000-7f97cc000000 ---p 00000000 00:00 0 
7f97cc000000-7f97cc383000 rw-p 00000000 00:00 0 
7f97cc383000-7f97d0000000 ---p 00000000 00:00 0 
7f97d0000000-7f97d013a000 rw-p 00000000 00:00 0 
7f97d013a000-7f97d4000000 ---p 00000000 00:00 0 
7f97d4000000-7f97d418e000 rw-p 00000000 00:00 0 
7f97d418e000-7f97d8000000 ---p 00000000 00:00 0 
7f97d8000000-7f97d8021000 rw-p 00000000 00:00 0 
7f97d8021000-7f97dc000000 ---p 00000000 00:00 0 
7f97dc000000-7f97dc990000 rw-p 00000000 00:00 0 
7f97dc990000-7f97e0000000 ---p 00000000 00:00 0 
7f97e0000000-7f97e0021000 rw-p 00000000 00:00 0 
7f97e0021000-7f97e4000000 ---p 00000000 00:00 0 
7f97e4000000-7f97e4021000 rw-p 00000000 00:00 0 
7f97e4021000-7f97e8000000 ---p 00000000 00:00 0 
7f97e8000000-7f97e8021000 rw-p 00000000 00:00 0 
7f97e8021000-7f97ec000000 ---p 00000000 00:00 0 
7f97ec000000-7f97ec0e3000 rw-p 00000000 00:00 0 
7f97ec0e3000-7f97f0000000 ---p 00000000 00:00 0 
7f97f0000000-7f97f0100000 rw-p 00000000 00:00 0 
7f97f0100000-7f97f0200000 rw-p 00000000 00:00 0 
7f97f0200000-7f97f0800000 rw-p 00000000 00:00 0 
7f97f0c00000-7f97f0d00000 rw-p 00000000 00:00 0 
7f97f0d00000-7f97f0e00000 rw-p 00000000 00:00 0 
7f97f0e00000-7f97f1400000 rw-p 00000000 00:00 0 
7f97f1600000-7f97f1610000 r-xp 00000000 00:1ad5 366                      /home/runner/.cache/jdt-language-server/config/org.eclipse.equinox.launcher/org.eclipse.equinox.launcher.gtk.linux.x86_64_1.2.400.v20211117-0650/eclipse_11600.so
7f97f1610000-7f97f180f000 ---p 00010000 00:1ad5 366                      /home/runner/.cache/jdt-language-server/config/org.eclipse.equinox.launcher/org.eclipse.equinox.launcher.gtk.linux.x86_64_1.2.400.v20211117-0650/eclipse_11600.so
7f97f180f000-7f97f1810000 r--p 0000f000 00:1ad5 366                      /home/runner/.cache/jdt-language-server/config/org.eclipse.equinox.launcher/org.eclipse.equinox.launcher.gtk.linux.x86_64_1.2.400.v20211117-0650/eclipse_11600.so
7f97f1810000-7f97f1811000 rw-p 00010000 00:1ad5 366                      /home/runner/.cache/jdt-language-server/config/org.eclipse.equinox.launcher/org.eclipse.equinox.launcher.gtk.linux.x86_64_1.2.400.v20211117-0650/eclipse_11600.so
7f97f1ca9000-7f97f1f00000 rw-p 00000000 00:00 0 
7f97f1f00000-7f97f2000000 ---p 00000000 00:00 0 
7f97f2000000-7f97f25af000 r--p 01122000 00:1b22 4611686019135190040      /nix/store/gpxl5qgg8kicmcvivwmybwjlpf7wh20l-graalvm17-ce-22.3.0/lib/libjvmcicompiler.so
7f97f25af000-7f97f2700000 r--p 00000000 00:00 0 
7f97f2700000-7f97f273d000 rw-p 00000000 00:00 0 
7f97f273d000-7f97f2c5d000 rw-p 0185f000 00:1b22 4611686019135190040      /nix/store/gpxl5qgg8kicmcvivwmybwjlpf7wh20l-graalvm17-ce-22.3.0/lib/libjvmcicompiler.so
7f97f2c5d000-7f97f3044000 r--p 01d7f000 00:1b22 4611686019135190040      /nix/store/gpxl5qgg8kicmcvivwmybwjlpf7wh20l-graalvm17-ce-22.3.0/lib/libjvmcicompiler.so
7f97f3100000-7f97f3104000 ---p 00000000 00:00 0 
7f97f3104000-7f97f3200000 rw-p 00000000 00:00 0 
7f97f3300000-7f97f3304000 ---p 00000000 00:00 0 
7f97f3304000-7f97f3400000 rw-p 00000000 00:00 0 
7f97f3500000-7f97f3504000 ---p 00000000 00:00 0 
7f97f3504000-7f97f3600000 rw-p 00000000 00:00 0 
7f97f3700000-7f97f3704000 ---p 00000000 00:00 0 
7f97f3704000-7f97f3800000 rw-p 00000000 00:00 0 
7f97f3900000-7f97f3904000 ---p 00000000 00:00 0 
7f97f3904000-7f97f3a00000 rw-p 00000000 00:00 0 
7f97f3b00000-7f97f3b04000 ---p 00000000 00:00 0 
7f97f3b04000-7f97f3c00000 rw-p 00000000 00:00 0 
7f97f3d00000-7f97f3d04000 ---p 00000000 00:00 0 
7f97f3d04000-7f97f3e00000 rw-p 00000000 00:00 0 
7f97f3f00000-7f97f3f04000 ---p 00000000 00:00 0 
7f97f3f04000-7f97f4000000 rw-p 00000000 00:00 0 
7f97f4100000-7f97f4104000 ---p 00000000 00:00 0 
7f97f4104000-7f97f4200000 rw-p 00000000 00:00 0 
7f97f4300000-7f97f4304000 ---p 00000000 00:00 0 
7f97f4304000-7f97f4400000 rw-p 00000000 00:00 0 
7f97f4500000-7f97f4504000 ---p 00000000 00:00 0 
7f97f4504000-7f97f4600000 rw-p 00000000 00:00 0 
7f97f4700000-7f97f4704000 ---p 00000000 00:00 0 
7f97f4704000-7f97f4800000 rw-p 00000000 00:00 0 
7f97f4900000-7f97f4904000 ---p 00000000 00:00 0 
7f97f4904000-7f97f4a00000 rw-p 00000000 00:00 0 
7f97f4bbf000-7f97f4e00000 rw-p 00000000 00:00 0 
7f97f4f00000-7f97f4f04000 ---p 00000000 00:00 0 
7f97f4f04000-7f97f5000000 rw-p 00000000 00:00 0 
7f97f5100000-7f97f5104000 ---p 00000000 00:00 0 
7f97f5104000-7f97f5200000 rw-p 00000000 00:00 0 
7f97f5300000-7f97f5304000 ---p 00000000 00:00 0 
7f97f5304000-7f97f5400000 rw-p 00000000 00:00 0 
7f97f5500000-7f97f5504000 ---p 00000000 00:00 0 
7f97f5504000-7f97f5600000 rw-p 00000000 00:00 0 
7f97f5700000-7f97f5704000 ---p 00000000 00:00 0 
7f97f5704000-7f97f5800000 rw-p 00000000 00:00 0 
7f97f5900000-7f97f5904000 ---p 00000000 00:00 0 
7f97f5904000-7f97f5a00000 rw-p 00000000 00:00 0 
7f97f5b00000-7f97f5b04000 ---p 00000000 00:00 0 
7f97f5b04000-7f97f5c00000 rw-p 00000000 00:00 0 
7f97f5c00000-7f97f7d6a000 r-xp 00000000 00:1b22 4611686019135190040      /nix/store/gpxl5qgg8kicmcvivwmybwjlpf7wh20l-graalvm17-ce-22.3.0/lib/libjvmcicompiler.so
7f97f7d6a000-7f97f7f69000 ---p 0216a000 00:1b22 4611686019135190040      /nix/store/gpxl5qgg8kicmcvivwmybwjlpf7wh20l-graalvm17-ce-22.3.0/lib/libjvmcicompiler.so
7f97f7f69000-7f97f7f6a000 r--p 02169000 00:1b22 4611686019135190040      /nix/store/gpxl5qgg8kicmcvivwmybwjlpf7wh20l-graalvm17-ce-22.3.0/lib/libjvmcicompiler.so
7f97f7f6a000-7f97f7f6c000 rw-p 0216a000 00:1b22 4611686019135190040      /nix/store/gpxl5qgg8kicmcvivwmybwjlpf7wh20l-graalvm17-ce-22.3.0/lib/libjvmcicompiler.so
7f97f7f6c000-7f97f7f6d000 rw-p 00000000 00:00 0 
7f97f7f6d000-7f97f7f72000 rw-p 023c3000 00:1b22 4611686019135190040      /nix/store/gpxl5qgg8kicmcvivwmybwjlpf7wh20l-graalvm17-ce-22.3.0/lib/libjvmcicompiler.so
7f97f8000000-7f97f8021000 rw-p 00000000 00:00 0 
7f97f8021000-7f97fc000000 ---p 00000000 00:00 0 
7f97fc000000-7f97fc021000 rw-p 00000000 00:00 0 
7f97fc021000-7f9800000000 ---p 00000000 00:00 0 
7f9800000000-7f9800021000 rw-p 00000000 00:00 0 
7f9800021000-7f9804000000 ---p 00000000 00:00 0 
7f9804000000-7f9804021000 rw-p 00000000 00:00 0 
7f9804021000-7f9808000000 ---p 00000000 00:00 0 
7f9808000000-7f98080e0000 rw-p 00000000 00:00 0 
7f98080e0000-7f980c000000 ---p 00000000 00:00 0 
7f980c000000-7f980caa6000 rw-p 00000000 00:00 0 
7f980caa6000-7f9810000000 ---p 00000000 00:00 0 
7f9810000000-7f9810021000 rw-p 00000000 00:00 0 
7f9810021000-7f9814000000 ---p 00000000 00:00 0 
7f9814000000-7f9814021000 rw-p 00000000 00:00 0 
7f9814021000-7f9818000000 ---p 00000000 00:00 0 
7f9818000000-7f9818021000 rw-p 00000000 00:00 0 
7f9818021000-7f981c000000 ---p 00000000 00:00 0 
7f981c000000-7f981c021000 rw-p 00000000 00:00 0 
7f981c021000-7f9820000000 ---p 00000000 00:00 0 
7f9820000000-7f9820021000 rw-p 00000000 00:00 0 
7f9820021000-7f9824000000 ---p 00000000 00:00 0 
7f9824000000-7f9824021000 rw-p 00000000 00:00 0 
7f9824021000-7f9828000000 ---p 00000000 00:00 0 
7f9828000000-7f98281d4000 rw-p 00000000 00:00 0 
7f98281d4000-7f982c000000 ---p 00000000 00:00 0 
7f982c000000-7f982c004000 ---p 00000000 00:00 0 
7f982c004000-7f982c100000 rw-p 00000000 00:00 0 
7f982c100000-7f982c104000 ---p 00000000 00:00 0 
7f982c104000-7f982c200000 rw-p 00000000 00:00 0 
7f982c200000-7f982c204000 ---p 00000000 00:00 0 
7f982c204000-7f982c300000 rw-p 00000000 00:00 0 
7f982c318000-7f982c31c000 ---p 00000000 00:00 0 
7f982c31c000-7f982c418000 rw-p 00000000 00:00 0 
7f982c418000-7f982c419000 ---p 00000000 00:00 0 
7f982c419000-7f982c51a000 rw-p 00000000 00:00 0 
7f982c51a000-7f982c51e000 ---p 00000000 00:00 0 
7f982c51e000-7f982c61a000 rw-p 00000000 00:00 0 
7f982c61a000-7f982c61e000 ---p 00000000 00:00 0 
7f982c61e000-7f982c71a000 rw-p 00000000 00:00 0 
7f982c71a000-7f982c71e000 ---p 00000000 00:00 0 
7f982c71e000-7f982c81a000 rw-p 00000000 00:00 0 
7f982c81a000-7f982c81e000 ---p 00000000 00:00 0 
7f982c81e000-7f982ca1a000 rw-p 00000000 00:00 0 
7f982ca1a000-7f982ca1e000 ---p 00000000 00:00 0 
7f982ca1e000-7f982cc1a000 rw-p 00000000 00:00 0 
7f982cc1a000-7f982cc1e000 ---p 00000000 00:00 0 
7f982cc1e000-7f982cd1a000 rw-p 00000000 00:00 0 
7f982cd1a000-7f982cd1e000 ---p 00000000 00:00 0 
7f982cd1e000-7f982ce1a000 rw-p 00000000 00:00 0 
7f982ce1a000-7f982ce1e000 ---p 00000000 00:00 0 
7f982ce1e000-7f982cf1a000 rw-p 00000000 00:00 0 
7f982cf1a000-7f982d200000 r--p 00000000 00:1a91 28444448                 /usr/lib/locale/locale-archive
7f982d200000-7f982d204000 ---p 00000000 00:00 0 
7f982d204000-7f982d300000 rw-p 00000000 00:00 0 
7f982d300000-7f982d304000 ---p 00000000 00:00 0 
7f982d304000-7f982d800000 rw-p 00000000 00:00 0 
7f982d800000-7f982db00000 rw-p 00000000 00:00 0 
7f982db00000-7f982dc00000 rw-p 00000000 00:00 0 
7f982dcb9000-7f982dcbd000 ---p 00000000 00:00 0 
7f982dcbd000-7f982dcdb000 rw-p 00000000 00:00 0 
7f982dcdb000-7f982dcdc000 ---p 00000000 00:00 0 
7f982dcdc000-7f982dddd000 rw-p 00000000 00:00 0 
7f982dddd000-7f982deab000 r-xp 00000000 00:1b22 4611686019135190036      /nix/store/gpxl5qgg8kicmcvivwmybwjlpf7wh20l-graalvm17-ce-22.3.0/lib/libjsvml.so
7f982deab000-7f982deac000 r--p 000cd000 00:1b22 4611686019135190036      /nix/store/gpxl5qgg8kicmcvivwmybwjlpf7wh20l-graalvm17-ce-22.3.0/lib/libjsvml.so
7f982deac000-7f982dead000 rw-p 000ce000 00:1b22 4611686019135190036      /nix/store/gpxl5qgg8kicmcvivwmybwjlpf7wh20l-graalvm17-ce-22.3.0/lib/libjsvml.so
7f982dead000-7f982f4b3000 rw-p 00000000 00:00 0 
7f982f4b3000-7f982f723000 rwxp 00000000 00:00 0 
7f982f723000-7f982fa42000 ---p 00000000 00:00 0 
7f982fa42000-7f9830aa2000 rwxp 00000000 00:00 0 
7f9830aa2000-7f9836f7a000 ---p 00000000 00:00 0 
7f9836f7a000-7f983724a000 rwxp 00000000 00:00 0 
7f983724a000-7f983e4b3000 ---p 00000000 00:00 0 
7f983e4b3000-7f9848000000 r--s 00000000 00:1b22 4611686019135192581      /nix/store/gpxl5qgg8kicmcvivwmybwjlpf7wh20l-graalvm17-ce-22.3.0/lib/modules
7f9848000000-7f9848448000 rw-p 00000000 00:00 0 
7f9848448000-7f984c000000 ---p 00000000 00:00 0 
7f984c01c000-7f984c023000 r-xp 00000000 00:1b22 4611686019135192580      /nix/store/gpxl5qgg8kicmcvivwmybwjlpf7wh20l-graalvm17-ce-22.3.0/lib/libzip.so
7f984c023000-7f984c024000 ---p 00007000 00:1b22 4611686019135192580      /nix/store/gpxl5qgg8kicmcvivwmybwjlpf7wh20l-graalvm17-ce-22.3.0/lib/libzip.so
7f984c024000-7f984c025000 r--p 00007000 00:1b22 4611686019135192580      /nix/store/gpxl5qgg8kicmcvivwmybwjlpf7wh20l-graalvm17-ce-22.3.0/lib/libzip.so
7f984c025000-7f984c026000 rw-p 00008000 00:1b22 4611686019135192580      /nix/store/gpxl5qgg8kicmcvivwmybwjlpf7wh20l-graalvm17-ce-22.3.0/lib/libzip.so
7f984c026000-7f984c028000 rw-p 0000b000 00:1b22 4611686019135192580      /nix/store/gpxl5qgg8kicmcvivwmybwjlpf7wh20l-graalvm17-ce-22.3.0/lib/libzip.so
7f984c028000-7f984c03d000 r-xp 00000000 00:1b22 4611686019135192570      /nix/store/gpxl5qgg8kicmcvivwmybwjlpf7wh20l-graalvm17-ce-22.3.0/lib/libnet.so
7f984c03d000-7f984c03e000 ---p 00015000 00:1b22 4611686019135192570      /nix/store/gpxl5qgg8kicmcvivwmybwjlpf7wh20l-graalvm17-ce-22.3.0/lib/libnet.so
7f984c03e000-7f984c03f000 r--p 00015000 00:1b22 4611686019135192570      /nix/store/gpxl5qgg8kicmcvivwmybwjlpf7wh20l-graalvm17-ce-22.3.0/lib/libnet.so
7f984c03f000-7f984c040000 rw-p 00016000 00:1b22 4611686019135192570      /nix/store/gpxl5qgg8kicmcvivwmybwjlpf7wh20l-graalvm17-ce-22.3.0/lib/libnet.so
7f984c040000-7f984c043000 rw-p 0001b000 00:1b22 4611686019135192570      /nix/store/gpxl5qgg8kicmcvivwmybwjlpf7wh20l-graalvm17-ce-22.3.0/lib/libnet.so
7f984c043000-7f984c056000 r-xp 00000000 00:1b22 4611686019135192571      /nix/store/gpxl5qgg8kicmcvivwmybwjlpf7wh20l-graalvm17-ce-22.3.0/lib/libnio.so
7f984c056000-7f984c057000 r--p 00012000 00:1b22 4611686019135192571      /nix/store/gpxl5qgg8kicmcvivwmybwjlpf7wh20l-graalvm17-ce-22.3.0/lib/libnio.so
7f984c057000-7f984c058000 rw-p 00013000 00:1b22 4611686019135192571      /nix/store/gpxl5qgg8kicmcvivwmybwjlpf7wh20l-graalvm17-ce-22.3.0/lib/libnio.so
7f984c058000-7f984c05d000 rw-p 00019000 00:1b22 4611686019135192571      /nix/store/gpxl5qgg8kicmcvivwmybwjlpf7wh20l-graalvm17-ce-22.3.0/lib/libnio.so
7f984c05d000-7f984c32f000 rw-p 00000000 00:00 0 
7f984c32f000-7f984c330000 ---p 00000000 00:00 0 
7f984c330000-7f984c4db000 rw-p 00000000 00:00 0 
7f984c4db000-7f984c503000 rw-p 00000000 00:00 0 
7f984c503000-7f984c531000 ---p 00000000 00:00 0 
7f984c531000-7f984c538000 rw-p 00000000 00:00 0 
7f984c538000-7f984c61d000 ---p 00000000 00:00 0 
7f984c61d000-7f984c63e000 rw-p 00000000 00:00 0 
7f984c63e000-7f984c708000 ---p 00000000 00:00 0 
7f984c708000-7f984c70d000 rw-p 00000000 00:00 0 
7f984c70d000-7f984c714000 ---p 00000000 00:00 0 
7f984c714000-7f984c738000 r-xp 00000000 00:1b22 4611686019135190028      /nix/store/gpxl5qgg8kicmcvivwmybwjlpf7wh20l-graalvm17-ce-22.3.0/lib/libjava.so
7f984c738000-7f984c739000 ---p 00024000 00:1b22 4611686019135190028      /nix/store/gpxl5qgg8kicmcvivwmybwjlpf7wh20l-graalvm17-ce-22.3.0/lib/libjava.so
7f984c739000-7f984c73a000 r--p 00024000 00:1b22 4611686019135190028      /nix/store/gpxl5qgg8kicmcvivwmybwjlpf7wh20l-graalvm17-ce-22.3.0/lib/libjava.so
7f984c73a000-7f984c73b000 rw-p 00025000 00:1b22 4611686019135190028      /nix/store/gpxl5qgg8kicmcvivwmybwjlpf7wh20l-graalvm17-ce-22.3.0/lib/libjava.so
7f984c73b000-7f984c73c000 rw-p 00000000 00:00 0 
7f984c73c000-7f984c743000 rw-p 0002f000 00:1b22 4611686019135190028      /nix/store/gpxl5qgg8kicmcvivwmybwjlpf7wh20l-graalvm17-ce-22.3.0/lib/libjava.so
7f984c743000-7f984c74b000 rw-s 00000000 00:1a7e 657                      /tmp/hsperfdata_runner/501
7f984c74b000-7f984c74c000 ---p 00000000 00:00 0 
7f984c74c000-7f984c74d000 r--p 00000000 00:00 0 
7f984c74d000-7f984c74e000 rwxp 00000000 00:00 0 
7f984c74e000-7f984c769000 r-xp 00000000 00:1b22 4611686019135190032      /nix/store/gpxl5qgg8kicmcvivwmybwjlpf7wh20l-graalvm17-ce-22.3.0/lib/libjimage.so
7f984c769000-7f984c76a000 ---p 0001b000 00:1b22 4611686019135190032      /nix/store/gpxl5qgg8kicmcvivwmybwjlpf7wh20l-graalvm17-ce-22.3.0/lib/libjimage.so
7f984c76a000-7f984c76c000 r--p 0001b000 00:1b22 4611686019135190032      /nix/store/gpxl5qgg8kicmcvivwmybwjlpf7wh20l-graalvm17-ce-22.3.0/lib/libjimage.so
7f984c76c000-7f984c76d000 rw-p 0001d000 00:1b22 4611686019135190032      /nix/store/gpxl5qgg8kicmcvivwmybwjlpf7wh20l-graalvm17-ce-22.3.0/lib/libjimage.so
7f984c76d000-7f984c76e000 rw-p 00024000 00:1b22 4611686019135190032      /nix/store/gpxl5qgg8kicmcvivwmybwjlpf7wh20l-graalvm17-ce-22.3.0/lib/libjimage.so
7f984c76e000-7f984c772000 ---p 00000000 00:00 0 
7f984c772000-7f984c86e000 rw-p 00000000 00:00 0 
7f984c86e000-7f984c87c000 r--p 00000000 00:1b22 4611686019027979927      /nix/store/4nlgxhb09sdr51nc9hdm8az5b08vzkgx-glibc-2.35-163/lib/libm.so.6
7f984c87c000-7f984c8ef000 r-xp 0000e000 00:1b22 4611686019027979927      /nix/store/4nlgxhb09sdr51nc9hdm8az5b08vzkgx-glibc-2.35-163/lib/libm.so.6
7f984c8ef000-7f984c94c000 r--p 00081000 00:1b22 4611686019027979927      /nix/store/4nlgxhb09sdr51nc9hdm8az5b08vzkgx-glibc-2.35-163/lib/libm.so.6
7f984c94c000-7f984c94d000 r--p 000dd000 00:1b22 4611686019027979927      /nix/store/4nlgxhb09sdr51nc9hdm8az5b08vzkgx-glibc-2.35-163/lib/libm.so.6
7f984c94d000-7f984c94e000 rw-p 000de000 00:1b22 4611686019027979927      /nix/store/4nlgxhb09sdr51nc9hdm8az5b08vzkgx-glibc-2.35-163/lib/libm.so.6
7f984c94e000-7f984c94f000 r--p 00000000 00:1b22 4611686019027979946      /nix/store/4nlgxhb09sdr51nc9hdm8az5b08vzkgx-glibc-2.35-163/lib/librt.so.1
7f984c94f000-7f984c950000 r-xp 00001000 00:1b22 4611686019027979946      /nix/store/4nlgxhb09sdr51nc9hdm8az5b08vzkgx-glibc-2.35-163/lib/librt.so.1
7f984c950000-7f984c951000 r--p 00002000 00:1b22 4611686019027979946      /nix/store/4nlgxhb09sdr51nc9hdm8az5b08vzkgx-glibc-2.35-163/lib/librt.so.1
7f984c951000-7f984c952000 r--p 00002000 00:1b22 4611686019027979946      /nix/store/4nlgxhb09sdr51nc9hdm8az5b08vzkgx-glibc-2.35-163/lib/librt.so.1
7f984c952000-7f984c953000 rw-p 00003000 00:1b22 4611686019027979946      /nix/store/4nlgxhb09sdr51nc9hdm8az5b08vzkgx-glibc-2.35-163/lib/librt.so.1
7f984c953000-7f984da66000 r-xp 00000000 00:1b22 4611686019135360866      /nix/store/gpxl5qgg8kicmcvivwmybwjlpf7wh20l-graalvm17-ce-22.3.0/lib/server/libjvm.so
7f984da66000-7f984da67000 ---p 01113000 00:1b22 4611686019135360866      /nix/store/gpxl5qgg8kicmcvivwmybwjlpf7wh20l-graalvm17-ce-22.3.0/lib/server/libjvm.so
7f984da67000-7f984db1c000 r--p 01113000 00:1b22 4611686019135360866      /nix/store/gpxl5qgg8kicmcvivwmybwjlpf7wh20l-graalvm17-ce-22.3.0/lib/server/libjvm.so
7f984db1c000-7f984db50000 rw-p 011c8000 00:1b22 4611686019135360866      /nix/store/gpxl5qgg8kicmcvivwmybwjlpf7wh20l-graalvm17-ce-22.3.0/lib/server/libjvm.so
7f984db50000-7f984dbac000 rw-p 00000000 00:00 0 
7f984dbac000-7f984dbd4000 r--p 00000000 00:1b22 4611686019027979918      /nix/store/4nlgxhb09sdr51nc9hdm8az5b08vzkgx-glibc-2.35-163/lib/libc.so.6
7f984dbd4000-7f984dd4a000 r-xp 00028000 00:1b22 4611686019027979918      /nix/store/4nlgxhb09sdr51nc9hdm8az5b08vzkgx-glibc-2.35-163/lib/libc.so.6
7f984dd4a000-7f984dda2000 r--p 0019e000 00:1b22 4611686019027979918      /nix/store/4nlgxhb09sdr51nc9hdm8az5b08vzkgx-glibc-2.35-163/lib/libc.so.6
7f984dda2000-7f984dda6000 r--p 001f6000 00:1b22 4611686019027979918      /nix/store/4nlgxhb09sdr51nc9hdm8az5b08vzkgx-glibc-2.35-163/lib/libc.so.6
7f984dda6000-7f984dda8000 rw-p 001fa000 00:1b22 4611686019027979918      /nix/store/4nlgxhb09sdr51nc9hdm8az5b08vzkgx-glibc-2.35-163/lib/libc.so.6
7f984dda8000-7f984ddb7000 rw-p 00000000 00:00 0 
7f984ddb7000-7f984ddb8000 r--p 00000000 00:1b22 4611686019027979923      /nix/store/4nlgxhb09sdr51nc9hdm8az5b08vzkgx-glibc-2.35-163/lib/libdl.so.2
7f984ddb8000-7f984ddb9000 r-xp 00001000 00:1b22 4611686019027979923      /nix/store/4nlgxhb09sdr51nc9hdm8az5b08vzkgx-glibc-2.35-163/lib/libdl.so.2
7f984ddb9000-7f984ddba000 r--p 00002000 00:1b22 4611686019027979923      /nix/store/4nlgxhb09sdr51nc9hdm8az5b08vzkgx-glibc-2.35-163/lib/libdl.so.2
7f984ddba000-7f984ddbb000 r--p 00002000 00:1b22 4611686019027979923      /nix/store/4nlgxhb09sdr51nc9hdm8az5b08vzkgx-glibc-2.35-163/lib/libdl.so.2
7f984ddbb000-7f984ddbc000 rw-p 00003000 00:1b22 4611686019027979923      /nix/store/4nlgxhb09sdr51nc9hdm8az5b08vzkgx-glibc-2.35-163/lib/libdl.so.2
7f984ddbc000-7f984ddbd000 r--p 00000000 00:1b22 4611686019027979942      /nix/store/4nlgxhb09sdr51nc9hdm8az5b08vzkgx-glibc-2.35-163/lib/libpthread.so.0
7f984ddbd000-7f984ddbe000 r-xp 00001000 00:1b22 4611686019027979942      /nix/store/4nlgxhb09sdr51nc9hdm8az5b08vzkgx-glibc-2.35-163/lib/libpthread.so.0
7f984ddbe000-7f984ddbf000 r--p 00002000 00:1b22 4611686019027979942      /nix/store/4nlgxhb09sdr51nc9hdm8az5b08vzkgx-glibc-2.35-163/lib/libpthread.so.0
7f984ddbf000-7f984ddc0000 r--p 00002000 00:1b22 4611686019027979942      /nix/store/4nlgxhb09sdr51nc9hdm8az5b08vzkgx-glibc-2.35-163/lib/libpthread.so.0
7f984ddc0000-7f984ddc1000 rw-p 00003000 00:1b22 4611686019027979942      /nix/store/4nlgxhb09sdr51nc9hdm8az5b08vzkgx-glibc-2.35-163/lib/libpthread.so.0
7f984ddc1000-7f984ddcf000 r-xp 00000000 00:1b22 4611686019135190033      /nix/store/gpxl5qgg8kicmcvivwmybwjlpf7wh20l-graalvm17-ce-22.3.0/lib/libjli.so
7f984ddcf000-7f984ddd0000 ---p 0000e000 00:1b22 4611686019135190033      /nix/store/gpxl5qgg8kicmcvivwmybwjlpf7wh20l-graalvm17-ce-22.3.0/lib/libjli.so
7f984ddd0000-7f984ddd1000 r--p 0000e000 00:1b22 4611686019135190033      /nix/store/gpxl5qgg8kicmcvivwmybwjlpf7wh20l-graalvm17-ce-22.3.0/lib/libjli.so
7f984ddd1000-7f984ddd2000 rw-p 0000f000 00:1b22 4611686019135190033      /nix/store/gpxl5qgg8kicmcvivwmybwjlpf7wh20l-graalvm17-ce-22.3.0/lib/libjli.so
7f984ddd2000-7f984ddd3000 rw-p 00012000 00:1b22 4611686019135190033      /nix/store/gpxl5qgg8kicmcvivwmybwjlpf7wh20l-graalvm17-ce-22.3.0/lib/libjli.so
7f984ddd3000-7f984ddd6000 r--p 00000000 00:1b22 4611686019106210071      /nix/store/026hln0aq1hyshaxsdvhg0kmcm6yf45r-zlib-1.2.13/lib/libz.so.1.2.13
7f984ddd6000-7f984dde8000 r-xp 00003000 00:1b22 4611686019106210071      /nix/store/026hln0aq1hyshaxsdvhg0kmcm6yf45r-zlib-1.2.13/lib/libz.so.1.2.13
7f984dde8000-7f984ddef000 r--p 00015000 00:1b22 4611686019106210071      /nix/store/026hln0aq1hyshaxsdvhg0kmcm6yf45r-zlib-1.2.13/lib/libz.so.1.2.13
7f984ddef000-7f984ddf0000 r--p 0001b000 00:1b22 4611686019106210071      /nix/store/026hln0aq1hyshaxsdvhg0kmcm6yf45r-zlib-1.2.13/lib/libz.so.1.2.13
7f984ddf0000-7f984ddf1000 rw-p 0001c000 00:1b22 4611686019106210071      /nix/store/026hln0aq1hyshaxsdvhg0kmcm6yf45r-zlib-1.2.13/lib/libz.so.1.2.13
7f984ddf1000-7f984ddf3000 rw-p 00000000 00:00 0 
7f984ddf3000-7f984ddf5000 r--p 00000000 00:1b22 4611686019027979912      /nix/store/4nlgxhb09sdr51nc9hdm8az5b08vzkgx-glibc-2.35-163/lib/ld-linux-x86-64.so.2
7f984ddf5000-7f984de1c000 r-xp 00002000 00:1b22 4611686019027979912      /nix/store/4nlgxhb09sdr51nc9hdm8az5b08vzkgx-glibc-2.35-163/lib/ld-linux-x86-64.so.2
7f984de1c000-7f984de28000 r--p 00029000 00:1b22 4611686019027979912      /nix/store/4nlgxhb09sdr51nc9hdm8az5b08vzkgx-glibc-2.35-163/lib/ld-linux-x86-64.so.2
7f984de28000-7f984de2a000 r--p 00034000 00:1b22 4611686019027979912      /nix/store/4nlgxhb09sdr51nc9hdm8az5b08vzkgx-glibc-2.35-163/lib/ld-linux-x86-64.so.2
7f984de2a000-7f984de2c000 rw-p 00036000 00:1b22 4611686019027979912      /nix/store/4nlgxhb09sdr51nc9hdm8az5b08vzkgx-glibc-2.35-163/lib/ld-linux-x86-64.so.2
7ffdca9d1000-7ffdca9f6000 rw-p 00000000 00:00 0                          [stack]
7ffdca9f6000-7ffdca9fa000 r--p 00000000 00:00 0                          [vvar]
7ffdca9fa000-7ffdca9fc000 r-xp 00000000 00:00 0                          [vdso]
ffffffffff600000-ffffffffff601000 --xp 00000000 00:00 0                  [vsyscall]


VM Arguments:
jvm_args: -XX:ThreadPriorityPolicy=1 -XX:+UnlockExperimentalVMOptions -XX:+EnableJVMCIProduct -XX:JVMCIThreadsPerNativeLibraryRuntime=1 -XX:-UnlockExperimentalVMOptions -Declipse.application=org.eclipse.jdt.ls.core.id1 -Dosgi.bundles.defaultStartLevel=4 -Declipse.product=org.eclipse.jdt.ls.core.product -Dlog.level=ALL -Xverify:none -XX:+UseParallelGC -XX:GCTimeRatio=4 -XX:AdaptiveSizePolicyWeight=90 -Dsun.zip.disableMemoryMapping=true -Xmx512m -Xms100m 
java_command: /nix/store/m6gcpi1ii6rghy04cjwjddcavv7i90df-jdt-language-server-1.9.0/share/java/plugins/org.eclipse.equinox.launcher_1.6.400.v20210924-0641.jar --add-modules=ALL-SYSTEM --add-opens java.base/java.util=ALL-UNNAMED --add-opens java.base/java.lang=ALL-UNNAMED -configuration /home/runner/.cache/jdt-language-server/config -data /home/runner/.cache/jdt-language-server/data/home/runner/CPT
java_class_path (initial): /nix/store/m6gcpi1ii6rghy04cjwjddcavv7i90df-jdt-language-server-1.9.0/share/java/plugins/org.eclipse.equinox.launcher_1.6.400.v20210924-0641.jar
Launcher Type: SUN_STANDARD

[Global flags]
    uintx AdaptiveSizePolicyWeight                 = 90                                        {product} {command line}
     intx CICompilerCount                          = 2                                         {product} {ergonomic}
     bool EnableJVMCIProduct                       = true                                {JVMCI product} {jimage}
    uintx GCTimeRatio                              = 4                                         {product} {command line}
   size_t InitialHeapSize                          = 104857600                                 {product} {command line}
     uint JVMCIThreadsPerNativeLibraryRuntime      = 1                                   {JVMCI product} {jimage}
   size_t MaxHeapSize                              = 536870912                                 {product} {command line}
   size_t MaxNewSize                               = 178782208                                 {product} {ergonomic}
   size_t MinHeapDeltaBytes                        = 524288                                    {product} {ergonomic}
   size_t MinHeapSize                              = 104857600                                 {product} {command line}
   size_t NewSize                                  = 34603008                                  {product} {ergonomic}
    uintx NonNMethodCodeHeapSize                   = 5826188                                {pd product} {ergonomic}
    uintx NonProfiledCodeHeapSize                  = 122916026                              {pd product} {ergonomic}
   size_t OldSize                                  = 70254592                                  {product} {ergonomic}
    uintx ProfiledCodeHeapSize                     = 122916026                              {pd product} {ergonomic}
    uintx ReservedCodeCacheSize                    = 251658240                              {pd product} {ergonomic}
     bool SegmentedCodeCache                       = true                                      {product} {ergonomic}
   size_t SoftMaxHeapSize                          = 536870912                              {manageable} {ergonomic}
     intx ThreadPriorityPolicy                     = 1                                         {product} {jimage}
     bool UseCompressedClassPointers               = true                           {product lp64_product} {ergonomic}
     bool UseCompressedOops                        = true                           {product lp64_product} {ergonomic}
     bool UseParallelGC                            = true                                      {product} {command line}

Logging:
Log output configuration:
 #0: stdout all=warning uptime,level,tags
 #1: stderr all=off uptime,level,tags

Environment Variables:
JAVA_HOME=/nix/store/gpxl5qgg8kicmcvivwmybwjlpf7wh20l-graalvm17-ce-22.3.0
PATH=/nix/store/1d6ian3r8kdzspw8hacjhl3xkp40g1lj-binutils-wrapper-2.39/bin:/nix/store/dq0xwmsk1g0i2ayg6pb7y87na2knzylh-gcc-wrapper-11.3.0/bin:/nix/store/bap4d0lpcrhpwmpb8ayjcgkmvfj62lnq-bash-interactive-5.1-p16/bin:/nix/store/pr5n59mb4jzmfx6kanwxly0l07p861fg-patchelf-0.15.0/bin:/nix/store/1gf2flfqnpqbr1b4p4qz2f72y42bs56r-gcc-11.3.0/bin:/nix/store/57xv61c5zi8pphjbcwxxjlgc34p61ic9-glibc-2.35-163-bin/bin:/nix/store/a7gvj343m05j2s32xcnwr35v31ynlypr-coreutils-9.1/bin:/nix/store/039g378vc3pc3dvi9dzdlrd0i4q93qwf-binutils-2.39/bin:/nix/store/gpxl5qgg8kicmcvivwmybwjlpf7wh20l-graalvm17-ce-22.3.0/bin:/nix/store/6z9ag3ihc8mq2hzsw48lhbznvzny65nz-apache-maven-3.8.6/bin:/nix/store/m6gcpi1ii6rghy04cjwjddcavv7i90df-jdt-language-server-1.9.0/bin:/nix/store/84xs5alhs01zrbr4ywm05kxbjbp5590l-java-debug/bin:/nix/store/mydc6f4k2z73xlcz7ilif3v2lcaiqvza-findutils-4.9.0/bin:/nix/store/j9p3g8472iijd50vhdprx0nmk2fqn5gv-diffutils-3.8/bin:/nix/store/89zs7rms6x00xfq4dq6m7mjnhkr8a6r4-gnused-4.8/bin:/nix/store/86bp03jkmsl6f92w0yzg4s59g5mhxwmy-gnugrep-3.7/bin:/nix/store/hwcdqw4jrjnd37wxqgsd47hd0j8bnj09-gawk-5.1.1/bin:/nix/store/cfbhw8r8ags41vwqaz47r583d0p4h4a1-gnutar-1.34/bin:/nix/store/p3m1ndl1lapwrlh698bnb5lvvxh67378-gzip-1.12/bin:/nix/store/a8mhcagrsly7c7mpjrpsnaahk4aax056-bzip2-1.0.8-bin/bin:/nix/store/mblgz65m3zv9x548a3d5m96fj2pbwr09-gnumake-4.3/bin:/nix/store/dsd5gz46hdbdk2rfdimqddhq6m8m8fqs-bash-5.1-p16/bin:/nix/store/v7ljksji50mg3w61dykaa3n3y79n6nil-patch-2.7.6/bin:/nix/store/zlcnmqq14jz5x9439jf937mvayyl63da-xz-5.2.7-bin/bin:/nix/store/y6aj732zm9m87c82fpvf103a1xb22blp-file-5.43/bin:/nix/store/i4kzir3m7mrisxmf5xvlnkw01x4qaqr4-prybar-elisp-0.0.0-e0d9a52/bin:/nix/store/lwwivxf6h7x3cvxp9zv8sj0mv7dak99r-prybar-lua-0.0.0-e0d9a52/bin:/nix/store/gxj28g1cg4hq3qanmjv07156h800qr58-prybar-python3-0.0.0-e0d9a52/bin:/nix/store/hshkjnxrgidigf8x75vg6lqng2xlx9i3-prybar-sqlite-0.0.0-e0d9a52/bin:/nix/store/c4w01bpjgyy5ixmwdk8m1pw87zq4sl26-prybar-tcl-0.0.0-e0d9a52/bin:/nix/store/hpbvrlwd5viqmvcaisb3x0118i913a9n-st
LD_LIBRARY_PATH=/nix/store/a4pff549sk2idnkpzk5nsfps3mdkdnvm-cups-2.4.2-lib/lib:/nix/store/72mqxxhh3cy5yifh92wh2yb8cl2hikyy-cairo-1.16.0/lib:/nix/store/2k366jrbsra97gjfxwvrhvixjfxdach5-glib-2.74.1/lib:/nix/store/2j2znigd8ak37rlwh9khz0ry3clqlw1l-gtk+3-3.24.34/lib:/nix/store/hisqvx32cd57apbpcsnkpx6k3549wql1-libglvnd-1.4.0/lib:/nix/store/p36pgcv991mq5srvg765b78yqpxvk3qs-mesa-21.3.3-drivers/lib:/nix/store/mav4251if1ahjq5vkpwycyyvnmy459c4-pulseaudio-14.2/lib
DISPLAY=:0
LANG=en_US.UTF-8

Signal Handlers:
   SIGSEGV: crash_handler in libjvm.so, mask=11100100010111111101111111111110, flags=SA_RESTART|SA_SIGINFO
    SIGBUS: crash_handler in libjvm.so, mask=11100100010111111101111111111110, flags=SA_RESTART|SA_SIGINFO
    SIGFPE: crash_handler in libjvm.so, mask=11100100010111111101111111111110, flags=SA_RESTART|SA_SIGINFO
   SIGPIPE: IsolateEnterStub_IgnoreSIGPIPEStartupHook_noopSignalHandler_8f19bff2f35b5f630d83b364d6b2339320d4ec70_216e8361c6bc87a8f89f58cc10d3b2fd4415bf87 in libjvmcicompiler.so, mask=00000000000000000000000000000000, flags=SA_RESTART
  *** Handler was modified!
  *** Expected: javaSignalHandler in libjvm.so, mask=11100100110111111111111111111110, flags=SA_RESTART|SA_SIGINFO
   SIGXFSZ: javaSignalHandler in libjvm.so, mask=11100100010111111101111111111110, flags=SA_RESTART|SA_SIGINFO
    SIGILL: crash_handler in libjvm.so, mask=11100100010111111101111111111110, flags=SA_RESTART|SA_SIGINFO
   SIGUSR2: SR_handler in libjvm.so, mask=00000000000000000000000000000000, flags=SA_RESTART|SA_SIGINFO
    SIGHUP: UserHandler in libjvm.so, mask=11100100010111111101111111111110, flags=SA_RESTART|SA_SIGINFO
    SIGINT: UserHandler in libjvm.so, mask=11100100010111111101111111111110, flags=SA_RESTART|SA_SIGINFO
   SIGTERM: UserHandler in libjvm.so, mask=11100100010111111101111111111110, flags=SA_RESTART|SA_SIGINFO
   SIGQUIT: UserHandler in libjvm.so, mask=11100100010111111101111111111110, flags=SA_RESTART|SA_SIGINFO
  *** Handler was modified!
  *** Expected: javaSignalHandler in libjvm.so, mask=11100100110111111111111111111110, flags=SA_RESTART|SA_SIGINFO
   SIGTRAP: crash_handler in libjvm.so, mask=11100100010111111101111111111110, flags=SA_RESTART|SA_SIGINFO


---------------  S Y S T E M  ---------------

OS:
DISTRIB_ID=Ubuntu
DISTRIB_RELEASE=20.04
DISTRIB_CODENAME=focal
DISTRIB_DESCRIPTION="Ubuntu 20.04.2 LTS"
uname: Linux 5.19.0-1024-gcp #26~22.04.1-Ubuntu SMP Mon May 15 08:59:20 UTC 2023 x86_64
OS uptime: 0 days 2:12 hours
libc: glibc 2.35 NPTL 2.35 
rlimit (soft/hard): STACK 8192k/infinity , CORE infinity/infinity , NPROC infinity/infinity , NOFILE 5242/5242 , AS infinity/infinity , CPU infinity/infinity , DATA infinity/infinity , FSIZE infinity/infinity , MEMLOCK 8192k/8192k
load average: 13.62 12.40 12.70

/proc/meminfo:
MemTotal:       65852244 kB
MemFree:        16598376 kB
MemAvailable:   42822984 kB
Buffers:         1907516 kB
Cached:         23176336 kB
SwapCached:            0 kB
Active:          7749832 kB
Inactive:       37775972 kB
Active(anon):      17092 kB
Inactive(anon): 20070968 kB
Active(file):    7732740 kB
Inactive(file): 17705004 kB
Unevictable:       55876 kB
Mlocked:           55876 kB
SwapTotal:             0 kB
SwapFree:              0 kB
Zswap:                 0 kB
Zswapped:              0 kB
Dirty:              3296 kB
Writeback:             0 kB
AnonPages:      20251884 kB
Mapped:          1929520 kB
Shmem:             26944 kB
KReclaimable:    1513464 kB
Slab:            2566364 kB
SReclaimable:    1513464 kB
SUnreclaim:      1052900 kB
KernelStack:      452704 kB
PageTables:       232680 kB
NFS_Unstable:          0 kB
Bounce:                0 kB
WritebackTmp:          0 kB
CommitLimit:    32926120 kB
Committed_AS:   72353480 kB
VmallocTotal:   34359738367 kB
VmallocUsed:      491656 kB
VmallocChunk:          0 kB
Percpu:            52640 kB
HardwareCorrupted:     0 kB
AnonHugePages:   2930688 kB
ShmemHugePages:        0 kB
ShmemPmdMapped:        0 kB
FileHugePages:         0 kB
FilePmdMapped:         0 kB
HugePages_Total:       0
HugePages_Free:        0
HugePages_Rsvd:        0
HugePages_Surp:        0
Hugepagesize:       2048 kB
Hugetlb:               0 kB
DirectMap4k:     3318584 kB
DirectMap2M:    50155520 kB
DirectMap1G:    15728640 kB

/sys/kernel/mm/transparent_hugepage/enabled: always [madvise] never
/sys/kernel/mm/transparent_hugepage/defrag (defrag/compaction efforts parameter): always defer defer+madvise [madvise] never

Process Memory:
Virtual Size: 4855880K (peak: 4942636K)
Resident Set Size: 765548K (peak: 795144K) (anon: 573348K, file: 192200K, shmem: 0K)
Swapped out: 0K
C-Heap outstanding allocations: 39724K, retained: 13103K
glibc malloc tunables: (default)

/proc/sys/kernel/threads-max (system-wide limit on the number of threads): 514406
/proc/sys/vm/max_map_count (maximum number of memory map areas a process may have): 65530
/proc/sys/kernel/pid_max (system-wide limit on number of process identifiers): 4194304

container (cgroup) information:
container_type: cgroupv1
cpu_cpuset_cpus: 2-7
cpu_memory_nodes: 0
active_processor_count: 1
cpu_quota: 50000
cpu_period: 100000
cpu_shares: 512
memory_limit_in_bytes: 1048576 k
memory_and_swap_limit_in_bytes: 1048576 k
memory_soft_limit_in_bytes: 524288 k
memory_usage_in_bytes: 808540 k
memory_max_usage_in_bytes: 1048576 k
maximum number of tasks: 1000
current number of tasks: 83

KVM virtualization detected
Steal ticks since vm start: 0
Steal ticks percentage since vm start:  0.000

CPU: total 8 (initial active 1) (8 cores per cpu, 2 threads per core) family 23 model 49 stepping 0 microcode 0xffffffff, cx8, cmov, fxsr, ht, mmx, 3dnowpref, sse, sse2, sse3, ssse3, sse4a, sse4.1, sse4.2, popcnt, lzcnt, tsc, tscinvbit, avx, avx2, aes, clmul, bmi1, bmi2, adx, sha, fma, vzeroupper, clflush, clflushopt, hv
CPU Model and flags from /proc/cpuinfo:
model name	: AMD EPYC 7B12
flags		: fpu vme de pse tsc msr pae mce cx8 apic sep mtrr pge mca cmov pat pse36 clflush mmx fxsr sse sse2 ht syscall nx mmxext fxsr_opt pdpe1gb rdtscp lm constant_tsc rep_good nopl nonstop_tsc cpuid extd_apicid tsc_known_freq pni pclmulqdq ssse3 fma cx16 sse4_1 sse4_2 movbe popcnt aes xsave avx f16c rdrand hypervisor lahf_lm cmp_legacy cr8_legacy abm sse4a misalignsse 3dnowprefetch osvw topoext ssbd ibrs ibpb stibp vmmcall fsgsbase tsc_adjust bmi1 avx2 smep bmi2 rdseed adx smap clflushopt clwb sha_ni xsaveopt xsavec xgetbv1 clzero xsaveerptr arat npt nrip_save umip rdpid

Online cpus: 0-7
Offline cpus: 
BIOS frequency limitation: <Not Available>
Frequency switch latency (ns): <Not Available>
Available cpu frequencies: <Not Available>
Current governor: <Not Available>
Core performance/turbo boost: <Not Available>

Memory: 4k page, physical 1048576k(239892k free), swap 0k(0k free)
Page Sizes: 4k

vm_info: OpenJDK 64-Bit Server VM (17.0.5+8-jvmci-22.3-b08) for linux-amd64 JRE (17.0.5+8-jvmci-22.3-b08), built on Oct 19 2022 09:01:27 by "buildslave" with gcc 10.3.0

END.
